20231125 [DiscoT] Disco Info: 

Tamanho Total: 237.69
Espaço Usado: 126.93
Espaço Disponível: 110.76
Tempo de transferência: 11450

20231125 [MaquinaT] ⚠️ [ALERTA] Totem em muito tempo de atividade
20231125 [Logger] ✅[INFO] Memória: 
Em uso: 9,0 GiB
Disponível: 6,8 GiB
Total: 15,7 GiB

20231125 [Logger] Dispositivos USB:
Dispositivos Conectados: [
Nome: USB Root Hub (USB 3.0)
Id produto: 0xa0ed
Número de série: 
Id de dispositivo exclusivo: USB\ROOT_HUB30\4&457D673&0&0
Fornecedor: (Standard USB HUBs)
Id fornecedor: 0x8086
, 
Nome: USB Root Hub (USB 3.0)
Id produto: 0x9a13
Número de série: 
Id de dispositivo exclusivo: USB\ROOT_HUB30\4&3CE02D8&0&0
Fornecedor: (Standard USB HUBs)
Id fornecedor: 0x8086
]
Total de Dispositivos USBs: 0

20231125 [ProcessadorT] ✅ [INFO] 
Fabricante: GenuineIntel
Modelo: 11th Gen Intel(R) Core(TM) i5-1135G7 @ 2.40GHz
Frequência: 2.419 GHz
Em Uso: 4%

20231125 [ProcessadorT] ✅ [INFO] 
Fabricante: GenuineIntel
Modelo: 11th Gen Intel(R) Core(TM) i5-1135G7 @ 2.40GHz
Frequência: 2.419 GHz
Em Uso: 4%

20231125 [MaquinaT] ⚠️ [ALERTA] Totem em muito tempo de atividade
20231125 [DiscoT] Disco Info: 

Tamanho Total: 237.69
Espaço Usado: 126.93
Espaço Disponível: 110.76
Tempo de transferência: 17675

20231125 [Logger] ✅[INFO] Memória: 
Em uso: 8,3 GiB
Disponível: 7,5 GiB
Total: 15,7 GiB

20231125 [Logger] Dispositivos USB:
Dispositivos Conectados: [
Nome: USB Root Hub (USB 3.0)
Id produto: 0xa0ed
Número de série: 
Id de dispositivo exclusivo: USB\ROOT_HUB30\4&457D673&0&0
Fornecedor: (Standard USB HUBs)
Id fornecedor: 0x8086
, 
Nome: USB Root Hub (USB 3.0)
Id produto: 0x9a13
Número de série: 
Id de dispositivo exclusivo: USB\ROOT_HUB30\4&3CE02D8&0&0
Fornecedor: (Standard USB HUBs)
Id fornecedor: 0x8086
]
Total de Dispositivos USBs: 0

20231125 [ProcessadorT] ✅ [INFO] 
Fabricante: GenuineIntel
Modelo: 11th Gen Intel(R) Core(TM) i5-1135G7 @ 2.40GHz
Frequência: 2.419 GHz
Em Uso: 2%

20231125 [ProcessadorT] ✅ [INFO] 
Fabricante: GenuineIntel
Modelo: 11th Gen Intel(R) Core(TM) i5-1135G7 @ 2.40GHz
Frequência: 2.419 GHz
Em Uso: 2%

20231125 [MaquinaT] ⚠️ [ALERTA] Totem em muito tempo de atividade
20231125 [DiscoT] Disco Info: 

Tamanho Total: 237.69
Espaço Usado: 126.93
Espaço Disponível: 110.76
Tempo de transferência: 20240

20231125 [Logger] ✅[INFO] Memória: 
Em uso: 8,3 GiB
Disponível: 7,5 GiB
Total: 15,7 GiB

20231125 [Logger] Dispositivos USB:
Dispositivos Conectados: [
Nome: USB Root Hub (USB 3.0)
Id produto: 0xa0ed
Número de série: 
Id de dispositivo exclusivo: USB\ROOT_HUB30\4&457D673&0&0
Fornecedor: (Standard USB HUBs)
Id fornecedor: 0x8086
, 
Nome: USB Root Hub (USB 3.0)
Id produto: 0x9a13
Número de série: 
Id de dispositivo exclusivo: USB\ROOT_HUB30\4&3CE02D8&0&0
Fornecedor: (Standard USB HUBs)
Id fornecedor: 0x8086
]
Total de Dispositivos USBs: 0

20231125 [ProcessadorT] ✅ [INFO] 
Fabricante: GenuineIntel
Modelo: 11th Gen Intel(R) Core(TM) i5-1135G7 @ 2.40GHz
Frequência: 2.419 GHz
Em Uso: 7%

20231125 [ProcessadorT] ✅ [INFO] 
Fabricante: GenuineIntel
Modelo: 11th Gen Intel(R) Core(TM) i5-1135G7 @ 2.40GHz
Frequência: 2.419 GHz
Em Uso: 7%

20231125 [MaquinaT] ⚠️ [ALERTA] Totem em muito tempo de atividade
20231125 [DiscoT] Disco Info: 

Tamanho Total: 237.69
Espaço Usado: 126.88
Espaço Disponível: 110.81
Tempo de transferência: 23651

20231125 [Logger] ✅[INFO] Memória: 
Em uso: 7,6 GiB
Disponível: 8,1 GiB
Total: 15,7 GiB

20231125 [Logger] Dispositivos USB:
Dispositivos Conectados: [
Nome: USB Root Hub (USB 3.0)
Id produto: 0xa0ed
Número de série: 
Id de dispositivo exclusivo: USB\ROOT_HUB30\4&457D673&0&0
Fornecedor: (Standard USB HUBs)
Id fornecedor: 0x8086
, 
Nome: USB Root Hub (USB 3.0)
Id produto: 0x9a13
Número de série: 
Id de dispositivo exclusivo: USB\ROOT_HUB30\4&3CE02D8&0&0
Fornecedor: (Standard USB HUBs)
Id fornecedor: 0x8086
]
Total de Dispositivos USBs: 0

20231125 [ProcessadorT] ✅ [INFO] 
Fabricante: GenuineIntel
Modelo: 11th Gen Intel(R) Core(TM) i5-1135G7 @ 2.40GHz
Frequência: 2.419 GHz
Em Uso: 7%

20231125 [ProcessadorT] ✅ [INFO] 
Fabricante: GenuineIntel
Modelo: 11th Gen Intel(R) Core(TM) i5-1135G7 @ 2.40GHz
Frequência: 2.419 GHz
Em Uso: 7%

20231125 [MaquinaT] ⚠️ [ALERTA] Totem em muito tempo de atividade
20231125 [DiscoT] Disco Info: 

Tamanho Total: 237.69
Espaço Usado: 126.88
Espaço Disponível: 110.81
Tempo de transferência: 25044

20231125 [Logger] ✅[INFO] Memória: 
Em uso: 7,6 GiB
Disponível: 8,1 GiB
Total: 15,7 GiB

20231125 [Logger] Dispositivos USB:
Dispositivos Conectados: [
Nome: USB Root Hub (USB 3.0)
Id produto: 0xa0ed
Número de série: 
Id de dispositivo exclusivo: USB\ROOT_HUB30\4&457D673&0&0
Fornecedor: (Standard USB HUBs)
Id fornecedor: 0x8086
, 
Nome: USB Root Hub (USB 3.0)
Id produto: 0x9a13
Número de série: 
Id de dispositivo exclusivo: USB\ROOT_HUB30\4&3CE02D8&0&0
Fornecedor: (Standard USB HUBs)
Id fornecedor: 0x8086
]
Total de Dispositivos USBs: 0

20231125 [ProcessadorT] ✅ [INFO] 
Fabricante: GenuineIntel
Modelo: 11th Gen Intel(R) Core(TM) i5-1135G7 @ 2.40GHz
Frequência: 2.419 GHz
Em Uso: 3%

20231125 [ProcessadorT] ✅ [INFO] 
Fabricante: GenuineIntel
Modelo: 11th Gen Intel(R) Core(TM) i5-1135G7 @ 2.40GHz
Frequência: 2.419 GHz
Em Uso: 3%

20231125 [MaquinaT] ⚠️ [ALERTA] Totem em muito tempo de atividade
20231125 [Logger] ✅[INFO] Memória: 
Em uso: 8,4 GiB
Disponível: 7,3 GiB
Total: 15,7 GiB

20231125 [Logger] Dispositivos USB:
Dispositivos Conectados: [
Nome: USB Root Hub (USB 3.0)
Id produto: 0xa0ed
Número de série: 
Id de dispositivo exclusivo: USB\ROOT_HUB30\4&457D673&0&0
Fornecedor: (Standard USB HUBs)
Id fornecedor: 0x8086
, 
Nome: USB Root Hub (USB 3.0)
Id produto: 0x9a13
Número de série: 
Id de dispositivo exclusivo: USB\ROOT_HUB30\4&3CE02D8&0&0
Fornecedor: (Standard USB HUBs)
Id fornecedor: 0x8086
]
Total de Dispositivos USBs: 0

20231125 [ProcessadorT] ✅ [INFO] 
Fabricante: GenuineIntel
Modelo: 11th Gen Intel(R) Core(TM) i5-1135G7 @ 2.40GHz
Frequência: 2.419 GHz
Em Uso: 7%

20231125 [ProcessadorT] ✅ [INFO] 
Fabricante: GenuineIntel
Modelo: 11th Gen Intel(R) Core(TM) i5-1135G7 @ 2.40GHz
Frequência: 2.419 GHz
Em Uso: 7%

20231125 [MaquinaT] ⚠️ [ALERTA] Totem em muito tempo de atividade
20231125 [DiscoT] Disco Info: 

Tamanho Total: 237.69
Espaço Usado: 126.9
Espaço Disponível: 110.79
Tempo de transferência: -32214

20231125 [Logger] ✅[INFO] Memória: 
Em uso: 8,5 GiB
Disponível: 7,2 GiB
Total: 15,7 GiB

20231125 [ProcessadorT] ✅ [INFO] 
Fabricante: GenuineIntel
Modelo: 11th Gen Intel(R) Core(TM) i5-1135G7 @ 2.40GHz
Frequência: 2.419 GHz
Em Uso: 2%

20231125 [ProcessadorT] ✅ [INFO] 
Fabricante: GenuineIntel
Modelo: 11th Gen Intel(R) Core(TM) i5-1135G7 @ 2.40GHz
Frequência: 2.419 GHz
Em Uso: 2%

