20231123_192014 [Logger] Versão do programa: 1.1
20231123_192014 [MemoriaT] Em uso: 10,6 GiB
Disponível: 5,1 GiB
Total: 15,7 GiB

20231123_192014 [Logger] Memoria Info: 
Em uso: 10,6 GiB
Disponível: 5,1 GiB
Total: 15,7 GiB

20231123_192014 [MaquinaT] - [ALERTA] Totem em muito tempo de atividade
20231123_192014 [MaquinaT] Sistema operacional: Windows
Tempo de atividade: 2 days, 20:26:45

20231123_192014 [Logger] Dispositivos USB:
Dispositivos Conectados: [
Nome: USB Root Hub (USB 3.0)
Id produto: 0xa0ed
Número de série: 
Id de dispositivo exclusivo: USB\ROOT_HUB30\4&457D673&0&0
Fornecedor: (Standard USB HUBs)
Id fornecedor: 0x8086
, 
Nome: USB Root Hub (USB 3.0)
Id produto: 0x9a13
Número de série: 
Id de dispositivo exclusivo: USB\ROOT_HUB30\4&3CE02D8&0&0
Fornecedor: (Standard USB HUBs)
Id fornecedor: 0x8086
]
Total de Dispositivos USBs: 0

20231123_192014 [DiscoT] Disco Info: 

Nome: \\.\PHYSICALDRIVE0
Modelo: SAMSUNG MZVLQ256HAJD-000 (Unidades de disco padrão)
Serial: 3539_3130_5282_1624_0025_3858_0000_0001.
Tamanho: 256052966400
Leituras: 650894
Bytes de leitura: 23489593856
Escritas: 558330
Bytes de escritas: 25651951104
Tamanho atual da fila: 0
Tempo de transferência: 1745817

20231123_192014 [ProcessadorT] CPU Info: 
Fabricante: GenuineIntel
Modelo: 11th Gen Intel(R) Core(TM) i5-1135G7 @ 2.40GHz
Frequência: 2.419 GHz
Em Uso: 3%

20231123_192014 [Logger] Memoria Info: 
Em uso: 10,6 GiB
Disponível: 5,1 GiB
Total: 15,7 GiB

20231123_192014 [MaquinaT] - [ALERTA] Totem em muito tempo de atividade
20231123_192014 [MaquinaT] Sistema operacional: Windows
Tempo de atividade: 2 days, 20:26:55

20231123_192014 [DiscoT] Disco Info: 

Nome: \\.\PHYSICALDRIVE0
Modelo: SAMSUNG MZVLQ256HAJD-000 (Unidades de disco padrão)
Serial: 3539_3130_5282_1624_0025_3858_0000_0001.
Tamanho: 256052966400
Leituras: 650915
Bytes de leitura: 23490044416
Escritas: 558558
Bytes de escritas: 25665271296
Tamanho atual da fila: 9
Tempo de transferência: 1746589

20231123_192014 [ProcessadorT] CPU Info: 
Fabricante: GenuineIntel
Modelo: 11th Gen Intel(R) Core(TM) i5-1135G7 @ 2.40GHz
Frequência: 2.419 GHz
Em Uso: 3%

20231123_192014 [MaquinaT] - [ALERTA] Totem em muito tempo de atividade
20231123_192014 [MaquinaT] Sistema operacional: Windows
Tempo de atividade: 2 days, 20:27:05

20231123_192014 [Logger] Memoria Info: 
Em uso: 10,7 GiB
Disponível: 5,1 GiB
Total: 15,7 GiB

20231123_192014 [DiscoT] Disco Info: 

Nome: \\.\PHYSICALDRIVE0
Modelo: SAMSUNG MZVLQ256HAJD-000 (Unidades de disco padrão)
Serial: 3539_3130_5282_1624_0025_3858_0000_0001.
Tamanho: 256052966400
Leituras: 650922
Bytes de leitura: 23490130432
Escritas: 558806
Bytes de escritas: 25686824448
Tamanho atual da fila: 0
Tempo de transferência: 1747071

20231123_192014 [ProcessadorT] CPU Info: 
Fabricante: GenuineIntel
Modelo: 11th Gen Intel(R) Core(TM) i5-1135G7 @ 2.40GHz
Frequência: 2.419 GHz
Em Uso: 2%

20231123_192014 [MaquinaT] - [ALERTA] Totem em muito tempo de atividade
20231123_192014 [MaquinaT] Sistema operacional: Windows
Tempo de atividade: 2 days, 20:27:15

20231123_192014 [Logger] Memoria Info: 
Em uso: 10,6 GiB
Disponível: 5,1 GiB
Total: 15,7 GiB

20231123_192014 [DiscoT] Disco Info: 

Nome: \\.\PHYSICALDRIVE0
Modelo: SAMSUNG MZVLQ256HAJD-000 (Unidades de disco padrão)
Serial: 3539_3130_5282_1624_0025_3858_0000_0001.
Tamanho: 256052966400
Leituras: 650923
Bytes de leitura: 23490134528
Escritas: 558994
Bytes de escritas: 25716815360
Tamanho atual da fila: 0
Tempo de transferência: 1747638

20231123_192014 [ProcessadorT] CPU Info: 
Fabricante: GenuineIntel
Modelo: 11th Gen Intel(R) Core(TM) i5-1135G7 @ 2.40GHz
Frequência: 2.419 GHz
Em Uso: 7%

20231123_192014 [MaquinaT] - [ALERTA] Totem em muito tempo de atividade
20231123_192014 [MaquinaT] Sistema operacional: Windows
Tempo de atividade: 2 days, 20:27:25

20231123_192014 [Logger] Memoria Info: 
Em uso: 10,6 GiB
Disponível: 5,1 GiB
Total: 15,7 GiB

20231123_192014 [DiscoT] Disco Info: 

Nome: \\.\PHYSICALDRIVE0
Modelo: SAMSUNG MZVLQ256HAJD-000 (Unidades de disco padrão)
Serial: 3539_3130_5282_1624_0025_3858_0000_0001.
Tamanho: 256052966400
Leituras: 650924
Bytes de leitura: 23490138624
Escritas: 559249
Bytes de escritas: 25738282496
Tamanho atual da fila: 0
Tempo de transferência: 1748137

20231123_192014 [ProcessadorT] CPU Info: 
Fabricante: GenuineIntel
Modelo: 11th Gen Intel(R) Core(TM) i5-1135G7 @ 2.40GHz
Frequência: 2.419 GHz
Em Uso: 4%

20231123_192014 [MaquinaT] - [ALERTA] Totem em muito tempo de atividade
20231123_192014 [MaquinaT] Sistema operacional: Windows
Tempo de atividade: 2 days, 20:27:35

20231123_192014 [Logger] Memoria Info: 
Em uso: 10,6 GiB
Disponível: 5,1 GiB
Total: 15,7 GiB

20231123_192014 [DiscoT] Disco Info: 

Nome: \\.\PHYSICALDRIVE0
Modelo: SAMSUNG MZVLQ256HAJD-000 (Unidades de disco padrão)
Serial: 3539_3130_5282_1624_0025_3858_0000_0001.
Tamanho: 256052966400
Leituras: 650927
Bytes de leitura: 23490220544
Escritas: 559455
Bytes de escritas: 25759528448
Tamanho atual da fila: 0
Tempo de transferência: 1748699

