20231123_200022✅ [MaquinaT] [31m[ALERTA] Totem em muito tempo de atividade[0m
20231123_200022✅ [MaquinaT] Sistema operacional: Windows
Tempo de atividade: 2 days, 21:07:32

20231123_200022✅ [Logger] Memoria Info: 
Em uso: 8,4 GiB
Disponível: 7,3 GiB
Total: 15,7 GiB

20231123_200022✅ [DiscoT] Disco Info: 

Nome: \\.\PHYSICALDRIVE0
Modelo: SAMSUNG MZVLQ256HAJD-000 (Unidades de disco padrão)
Serial: 3539_3130_5282_1624_0025_3858_0000_0001.
Tamanho: 256052966400
Leituras: 724802
Bytes de leitura: 24115182080
Escritas: 614342
Bytes de escritas: 31933803008
Tamanho atual da fila: 0
Tempo de transferência: 1864778

20231123_200022✅ [ProcessadorT] CPU Info: 
Fabricante: GenuineIntel
Modelo: 11th Gen Intel(R) Core(TM) i5-1135G7 @ 2.40GHz
Frequência: 2.419 GHz
Em Uso: 2%

