2023-11-20 13:44:09 [ProcessadorT] Carga do sistema está ok!
2023-11-20 13:44:09 [ProcessadorT] Fabricante: GenuineIntel
Nome: 11th Gen Intel(R) Core(TM) i5-1135G7 @ 2.40GHz
Frequência: 2.419 GHz
Em Uso: 4%

2023-11-20 13:48:17 [Logger] Versão do programa: 1.0
2023-11-20 13:48:19 [MaquinaT] Sistema operacional: Windows
Tempo de atividade: 2 days, 19:44:35

2023-11-20 13:48:19 [MemoriaT] Memoria
Em uso: 7,4 GiB
Disponível: 8,3 GiB
Total: 15,7 GiB

2023-11-20 13:48:19 [MemoriaT] Memoria
Em uso: 7,4 GiB
Disponível: 8,3 GiB
Total: 15,7 GiB

2023-11-20 13:48:19 [UsbT] Componente não encontrado
2023-11-20 13:48:21 [ProcessadorT] Carga do sistema está ok!
2023-11-20 13:48:21 [ProcessadorT] Fabricante: GenuineIntel
Nome: 11th Gen Intel(R) Core(TM) i5-1135G7 @ 2.40GHz
Frequência: 2.419 GHz
Em Uso: 6%

2023-11-20 13:48:29 [MaquinaT] Sistema operacional: Windows
Tempo de atividade: 2 days, 19:44:45

2023-11-20 13:48:29 [MemoriaT] Memoria
Em uso: 7,5 GiB
Disponível: 8,3 GiB
Total: 15,7 GiB

2023-11-20 13:48:31 [ProcessadorT] Carga do sistema está ok!
2023-11-20 13:48:31 [ProcessadorT] Fabricante: GenuineIntel
Nome: 11th Gen Intel(R) Core(TM) i5-1135G7 @ 2.40GHz
Frequência: 2.419 GHz
Em Uso: 6%

2023-11-20 13:48:39 [MaquinaT] Sistema operacional: Windows
Tempo de atividade: 2 days, 19:44:55

2023-11-20 13:48:39 [MemoriaT] Memoria
Em uso: 7,4 GiB
Disponível: 8,3 GiB
Total: 15,7 GiB

2023-11-20 13:48:41 [ProcessadorT] Carga do sistema está ok!
2023-11-20 13:48:41 [ProcessadorT] Fabricante: GenuineIntel
Nome: 11th Gen Intel(R) Core(TM) i5-1135G7 @ 2.40GHz
Frequência: 2.419 GHz
Em Uso: 2%

2023-11-20 13:48:49 [MaquinaT] Sistema operacional: Windows
Tempo de atividade: 2 days, 19:45:05

2023-11-20 13:48:49 [MemoriaT] Memoria
Em uso: 7,6 GiB
Disponível: 8,1 GiB
Total: 15,7 GiB

2023-11-20 13:48:52 [ProcessadorT] Carga do sistema está ok!
2023-11-20 13:48:52 [ProcessadorT] Fabricante: GenuineIntel
Nome: 11th Gen Intel(R) Core(TM) i5-1135G7 @ 2.40GHz
Frequência: 2.419 GHz
Em Uso: 2%

2023-11-20 13:48:59 [MaquinaT] Sistema operacional: Windows
Tempo de atividade: 2 days, 19:45:15

2023-11-20 13:48:59 [MemoriaT] Memoria
Em uso: 7,6 GiB
Disponível: 8,1 GiB
Total: 15,7 GiB

2023-11-20 13:49:02 [ProcessadorT] Carga do sistema está ok!
2023-11-20 13:49:02 [ProcessadorT] Fabricante: GenuineIntel
Nome: 11th Gen Intel(R) Core(TM) i5-1135G7 @ 2.40GHz
Frequência: 2.419 GHz
Em Uso: 7%

2023-11-20 13:49:09 [MaquinaT] Sistema operacional: Windows
Tempo de atividade: 2 days, 19:45:25

2023-11-20 13:49:09 [MemoriaT] Memoria
Em uso: 7,6 GiB
Disponível: 8,1 GiB
Total: 15,7 GiB

2023-11-20 13:49:12 [ProcessadorT] Carga do sistema está ok!
2023-11-20 13:49:12 [ProcessadorT] Fabricante: GenuineIntel
Nome: 11th Gen Intel(R) Core(TM) i5-1135G7 @ 2.40GHz
Frequência: 2.419 GHz
Em Uso: 9%

2023-11-20 13:49:19 [MaquinaT] Sistema operacional: Windows
Tempo de atividade: 2 days, 19:45:35

2023-11-20 13:49:19 [MemoriaT] Memoria
Em uso: 7,6 GiB
Disponível: 8,1 GiB
Total: 15,7 GiB

2023-11-20 13:49:22 [ProcessadorT] Carga do sistema está ok!
2023-11-20 13:49:22 [ProcessadorT] Fabricante: GenuineIntel
Nome: 11th Gen Intel(R) Core(TM) i5-1135G7 @ 2.40GHz
Frequência: 2.419 GHz
Em Uso: 3%

2023-11-20 13:49:29 [MaquinaT] Sistema operacional: Windows
Tempo de atividade: 2 days, 19:45:45

2023-11-20 13:49:29 [MemoriaT] Memoria
Em uso: 7,6 GiB
Disponível: 8,1 GiB
Total: 15,7 GiB

2023-11-20 13:49:32 [ProcessadorT] Carga do sistema está ok!
2023-11-20 13:49:32 [ProcessadorT] Fabricante: GenuineIntel
Nome: 11th Gen Intel(R) Core(TM) i5-1135G7 @ 2.40GHz
Frequência: 2.419 GHz
Em Uso: 10%

2023-11-20 13:49:39 [MaquinaT] Sistema operacional: Windows
Tempo de atividade: 2 days, 19:45:55

2023-11-20 13:49:39 [MemoriaT] Memoria
Em uso: 7,7 GiB
Disponível: 8,1 GiB
Total: 15,7 GiB

2023-11-20 13:49:42 [ProcessadorT] Carga do sistema está ok!
2023-11-20 13:49:42 [ProcessadorT] Fabricante: GenuineIntel
Nome: 11th Gen Intel(R) Core(TM) i5-1135G7 @ 2.40GHz
Frequência: 2.419 GHz
Em Uso: 7%

2023-11-20 13:49:49 [MaquinaT] Sistema operacional: Windows
Tempo de atividade: 2 days, 19:46:05

2023-11-20 13:49:49 [MemoriaT] Memoria
Em uso: 7,7 GiB
Disponível: 8,1 GiB
Total: 15,7 GiB

2023-11-20 13:49:52 [ProcessadorT] Carga do sistema está ok!
2023-11-20 13:49:52 [ProcessadorT] Fabricante: GenuineIntel
Nome: 11th Gen Intel(R) Core(TM) i5-1135G7 @ 2.40GHz
Frequência: 2.419 GHz
Em Uso: 8%

2023-11-20 13:49:59 [MaquinaT] Sistema operacional: Windows
Tempo de atividade: 2 days, 19:46:15

2023-11-20 13:49:59 [MemoriaT] Memoria
Em uso: 7,5 GiB
Disponível: 8,2 GiB
Total: 15,7 GiB

2023-11-20 13:50:02 [ProcessadorT] Carga do sistema está ok!
2023-11-20 13:50:02 [ProcessadorT] Fabricante: GenuineIntel
Nome: 11th Gen Intel(R) Core(TM) i5-1135G7 @ 2.40GHz
Frequência: 2.419 GHz
Em Uso: 4%

2023-11-20 13:50:09 [MaquinaT] Sistema operacional: Windows
Tempo de atividade: 2 days, 19:46:25

2023-11-20 13:50:09 [MemoriaT] Memoria
Em uso: 7,6 GiB
Disponível: 8,1 GiB
Total: 15,7 GiB

2023-11-20 13:50:12 [ProcessadorT] Carga do sistema está ok!
2023-11-20 13:50:12 [ProcessadorT] Fabricante: GenuineIntel
Nome: 11th Gen Intel(R) Core(TM) i5-1135G7 @ 2.40GHz
Frequência: 2.419 GHz
Em Uso: 6%

2023-11-20 13:50:19 [MaquinaT] Sistema operacional: Windows
Tempo de atividade: 2 days, 19:46:35

2023-11-20 13:50:19 [MemoriaT] Memoria
Em uso: 7,6 GiB
Disponível: 8,1 GiB
Total: 15,7 GiB

2023-11-20 13:50:22 [ProcessadorT] Carga do sistema está ok!
2023-11-20 13:50:22 [ProcessadorT] Fabricante: GenuineIntel
Nome: 11th Gen Intel(R) Core(TM) i5-1135G7 @ 2.40GHz
Frequência: 2.419 GHz
Em Uso: 6%

2023-11-20 13:52:28 [Logger] Versão do programa: 1.0
2023-11-20 13:52:29 [MaquinaT] Sistema operacional: Windows
Tempo de atividade: 2 days, 19:48:46

2023-11-20 13:52:29 [MemoriaT] Memoria
Em uso: 7,4 GiB
Disponível: 8,3 GiB
Total: 15,7 GiB

2023-11-20 13:52:29 [MemoriaT] Memoria
Em uso: 7,4 GiB
Disponível: 8,3 GiB
Total: 15,7 GiB

2023-11-20 13:52:30 [UsbT] Componente não encontrado
2023-11-20 13:52:32 [ProcessadorT] Carga do sistema está ok!
2023-11-20 13:52:32 [ProcessadorT] Fabricante: GenuineIntel
Nome: 11th Gen Intel(R) Core(TM) i5-1135G7 @ 2.40GHz
Frequência: 2.419 GHz
Em Uso: 4%

2023-11-20 13:52:39 [MaquinaT] Sistema operacional: Windows
Tempo de atividade: 2 days, 19:48:56

2023-11-20 13:52:39 [MemoriaT] Memoria
Em uso: 7,4 GiB
Disponível: 8,3 GiB
Total: 15,7 GiB

2023-11-20 13:52:42 [ProcessadorT] Carga do sistema está ok!
2023-11-20 13:52:42 [ProcessadorT] Fabricante: GenuineIntel
Nome: 11th Gen Intel(R) Core(TM) i5-1135G7 @ 2.40GHz
Frequência: 2.419 GHz
Em Uso: 4%

2023-11-20 13:52:49 [MaquinaT] Sistema operacional: Windows
Tempo de atividade: 2 days, 19:49:06

2023-11-20 13:52:49 [MemoriaT] Memoria
Em uso: 7,4 GiB
Disponível: 8,3 GiB
Total: 15,7 GiB

2023-11-20 13:52:52 [ProcessadorT] Carga do sistema está ok!
2023-11-20 13:52:52 [ProcessadorT] Fabricante: GenuineIntel
Nome: 11th Gen Intel(R) Core(TM) i5-1135G7 @ 2.40GHz
Frequência: 2.419 GHz
Em Uso: 2%

2023-11-20 13:52:59 [MaquinaT] Sistema operacional: Windows
Tempo de atividade: 2 days, 19:49:16

2023-11-20 13:52:59 [MemoriaT] Memoria
Em uso: 7,5 GiB
Disponível: 8,2 GiB
Total: 15,7 GiB

2023-11-20 13:53:02 [ProcessadorT] Carga do sistema está ok!
2023-11-20 13:53:02 [ProcessadorT] Fabricante: GenuineIntel
Nome: 11th Gen Intel(R) Core(TM) i5-1135G7 @ 2.40GHz
Frequência: 2.419 GHz
Em Uso: 2%

2023-11-20 13:53:09 [MaquinaT] Sistema operacional: Windows
Tempo de atividade: 2 days, 19:49:26

2023-11-20 13:53:09 [MemoriaT] Memoria
Em uso: 7,6 GiB
Disponível: 8,1 GiB
Total: 15,7 GiB

2023-11-20 13:53:12 [ProcessadorT] Carga do sistema está ok!
2023-11-20 13:53:12 [ProcessadorT] Fabricante: GenuineIntel
Nome: 11th Gen Intel(R) Core(TM) i5-1135G7 @ 2.40GHz
Frequência: 2.419 GHz
Em Uso: 11%

2023-11-20 13:53:19 [MaquinaT] Sistema operacional: Windows
Tempo de atividade: 2 days, 19:49:36

2023-11-20 13:53:19 [MemoriaT] Memoria
Em uso: 7,5 GiB
Disponível: 8,2 GiB
Total: 15,7 GiB

2023-11-20 13:53:22 [ProcessadorT] Carga do sistema está ok!
2023-11-20 13:53:22 [ProcessadorT] Fabricante: GenuineIntel
Nome: 11th Gen Intel(R) Core(TM) i5-1135G7 @ 2.40GHz
Frequência: 2.419 GHz
Em Uso: 4%

2023-11-20 13:53:29 [MaquinaT] Sistema operacional: Windows
Tempo de atividade: 2 days, 19:49:46

2023-11-20 13:53:30 [MemoriaT] Memoria
Em uso: 7,6 GiB
Disponível: 8,1 GiB
Total: 15,7 GiB

2023-11-20 13:53:33 [ProcessadorT] Carga do sistema está ok!
2023-11-20 13:53:33 [ProcessadorT] Fabricante: GenuineIntel
Nome: 11th Gen Intel(R) Core(TM) i5-1135G7 @ 2.40GHz
Frequência: 2.419 GHz
Em Uso: 6%

2023-11-20 13:53:39 [MaquinaT] Sistema operacional: Windows
Tempo de atividade: 2 days, 19:49:56

2023-11-20 13:53:40 [MemoriaT] Memoria
Em uso: 7,5 GiB
Disponível: 8,3 GiB
Total: 15,7 GiB

2023-11-20 13:53:43 [ProcessadorT] Carga do sistema está ok!
2023-11-20 13:53:43 [ProcessadorT] Fabricante: GenuineIntel
Nome: 11th Gen Intel(R) Core(TM) i5-1135G7 @ 2.40GHz
Frequência: 2.419 GHz
Em Uso: 7%

2023-11-20 13:53:49 [MaquinaT] Sistema operacional: Windows
Tempo de atividade: 2 days, 19:50:06

2023-11-20 13:53:50 [MemoriaT] Memoria
Em uso: 7,5 GiB
Disponível: 8,2 GiB
Total: 15,7 GiB

2023-11-20 14:00:38 [Logger] Versão do programa: 1.0
2023-11-20 14:00:40 [MaquinaT] Sistema operacional: Windows
Tempo de atividade: 2 days, 19:56:57

2023-11-20 14:00:40 [MemoriaT] Memoria
Em uso: 7,4 GiB
Disponível: 8,3 GiB
Total: 15,7 GiB

2023-11-20 14:00:40 [MemoriaT] Memoria
Em uso: 7,4 GiB
Disponível: 8,3 GiB
Total: 15,7 GiB

2023-11-20 14:00:41 [UsbT] Componente não encontrado
2023-11-20 14:00:48 [ProcessadorT] Carga do sistema está ok!
2023-11-20 14:00:48 [ProcessadorT] Fabricante: GenuineIntel
Nome: 11th Gen Intel(R) Core(TM) i5-1135G7 @ 2.40GHz
Frequência: 2.419 GHz
Em Uso: 3%

2023-11-20 14:00:50 [MaquinaT] Sistema operacional: Windows
Tempo de atividade: 2 days, 19:57:07

2023-11-20 14:00:50 [MemoriaT] Memoria
Em uso: 7,5 GiB
Disponível: 8,2 GiB
Total: 15,7 GiB

2023-11-20 14:00:59 [ProcessadorT] Carga do sistema está ok!
2023-11-20 14:00:59 [ProcessadorT] Fabricante: GenuineIntel
Nome: 11th Gen Intel(R) Core(TM) i5-1135G7 @ 2.40GHz
Frequência: 2.419 GHz
Em Uso: 3%

2023-11-20 14:01:00 [MaquinaT] Sistema operacional: Windows
Tempo de atividade: 2 days, 19:57:17

2023-11-20 14:01:00 [MemoriaT] Memoria
Em uso: 7,5 GiB
Disponível: 8,2 GiB
Total: 15,7 GiB

2023-11-20 14:01:09 [ProcessadorT] Carga do sistema está ok!
2023-11-20 14:01:09 [ProcessadorT] Fabricante: GenuineIntel
Nome: 11th Gen Intel(R) Core(TM) i5-1135G7 @ 2.40GHz
Frequência: 2.419 GHz
Em Uso: 5%

2023-11-20 14:01:10 [MaquinaT] Sistema operacional: Windows
Tempo de atividade: 2 days, 19:57:27

2023-11-20 14:01:10 [MemoriaT] Memoria
Em uso: 7,5 GiB
Disponível: 8,2 GiB
Total: 15,7 GiB

2023-11-20 14:01:19 [ProcessadorT] Carga do sistema está ok!
2023-11-20 14:01:19 [ProcessadorT] Fabricante: GenuineIntel
Nome: 11th Gen Intel(R) Core(TM) i5-1135G7 @ 2.40GHz
Frequência: 2.419 GHz
Em Uso: 3%

2023-11-20 14:01:20 [MaquinaT] Sistema operacional: Windows
Tempo de atividade: 2 days, 19:57:37

2023-11-20 14:01:20 [MemoriaT] Memoria
Em uso: 7,5 GiB
Disponível: 8,2 GiB
Total: 15,7 GiB

2023-11-20 14:01:29 [ProcessadorT] Carga do sistema está ok!
2023-11-20 14:01:29 [ProcessadorT] Fabricante: GenuineIntel
Nome: 11th Gen Intel(R) Core(TM) i5-1135G7 @ 2.40GHz
Frequência: 2.419 GHz
Em Uso: 3%

2023-11-20 14:01:30 [MaquinaT] Sistema operacional: Windows
Tempo de atividade: 2 days, 19:57:47

2023-11-20 14:01:30 [MemoriaT] Memoria
Em uso: 7,5 GiB
Disponível: 8,2 GiB
Total: 15,7 GiB

2023-11-20 14:01:39 [ProcessadorT] Carga do sistema está ok!
2023-11-20 14:01:39 [ProcessadorT] Fabricante: GenuineIntel
Nome: 11th Gen Intel(R) Core(TM) i5-1135G7 @ 2.40GHz
Frequência: 2.419 GHz
Em Uso: 2%

2023-11-20 14:01:40 [MaquinaT] Sistema operacional: Windows
Tempo de atividade: 2 days, 19:57:57

2023-11-20 14:01:40 [MemoriaT] Memoria
Em uso: 7,5 GiB
Disponível: 8,2 GiB
Total: 15,7 GiB

2023-11-20 14:01:49 [ProcessadorT] Carga do sistema está ok!
2023-11-20 14:01:49 [ProcessadorT] Fabricante: GenuineIntel
Nome: 11th Gen Intel(R) Core(TM) i5-1135G7 @ 2.40GHz
Frequência: 2.419 GHz
Em Uso: 5%

2023-11-20 14:01:50 [MaquinaT] Sistema operacional: Windows
Tempo de atividade: 2 days, 19:58:07

2023-11-20 14:01:50 [MemoriaT] Memoria
Em uso: 7,6 GiB
Disponível: 8,2 GiB
Total: 15,7 GiB

2023-11-20 14:01:59 [ProcessadorT] Carga do sistema está ok!
2023-11-20 14:01:59 [ProcessadorT] Fabricante: GenuineIntel
Nome: 11th Gen Intel(R) Core(TM) i5-1135G7 @ 2.40GHz
Frequência: 2.419 GHz
Em Uso: 3%

2023-11-20 14:02:00 [MaquinaT] Sistema operacional: Windows
Tempo de atividade: 2 days, 19:58:17

2023-11-20 14:02:00 [MemoriaT] Memoria
Em uso: 7,6 GiB
Disponível: 8,2 GiB
Total: 15,7 GiB

2023-11-20 14:02:09 [ProcessadorT] Carga do sistema está ok!
2023-11-20 14:02:09 [ProcessadorT] Fabricante: GenuineIntel
Nome: 11th Gen Intel(R) Core(TM) i5-1135G7 @ 2.40GHz
Frequência: 2.419 GHz
Em Uso: 9%

2023-11-20 14:02:10 [MaquinaT] Sistema operacional: Windows
Tempo de atividade: 2 days, 19:58:27

2023-11-20 14:02:10 [MemoriaT] Memoria
Em uso: 7,7 GiB
Disponível: 8,0 GiB
Total: 15,7 GiB

2023-11-20 14:02:19 [ProcessadorT] Carga do sistema está ok!
2023-11-20 14:02:19 [ProcessadorT] Fabricante: GenuineIntel
Nome: 11th Gen Intel(R) Core(TM) i5-1135G7 @ 2.40GHz
Frequência: 2.419 GHz
Em Uso: 5%

2023-11-20 14:02:20 [MaquinaT] Sistema operacional: Windows
Tempo de atividade: 2 days, 19:58:37

2023-11-20 14:02:20 [MemoriaT] Memoria
Em uso: 7,7 GiB
Disponível: 8,1 GiB
Total: 15,7 GiB

2023-11-20 14:02:29 [ProcessadorT] Carga do sistema está ok!
2023-11-20 14:02:29 [ProcessadorT] Fabricante: GenuineIntel
Nome: 11th Gen Intel(R) Core(TM) i5-1135G7 @ 2.40GHz
Frequência: 2.419 GHz
Em Uso: 1%

2023-11-20 14:02:30 [MaquinaT] Sistema operacional: Windows
Tempo de atividade: 2 days, 19:58:47

2023-11-20 14:02:30 [MemoriaT] Memoria
Em uso: 7,5 GiB
Disponível: 8,2 GiB
Total: 15,7 GiB

2023-11-20 14:02:39 [ProcessadorT] Carga do sistema está ok!
2023-11-20 14:02:39 [ProcessadorT] Fabricante: GenuineIntel
Nome: 11th Gen Intel(R) Core(TM) i5-1135G7 @ 2.40GHz
Frequência: 2.419 GHz
Em Uso: 2%

2023-11-20 14:02:40 [MaquinaT] Sistema operacional: Windows
Tempo de atividade: 2 days, 19:58:57

2023-11-20 14:02:40 [MemoriaT] Memoria
Em uso: 7,7 GiB
Disponível: 8,1 GiB
Total: 15,7 GiB

2023-11-20 14:02:49 [ProcessadorT] Carga do sistema está ok!
2023-11-20 14:02:49 [ProcessadorT] Fabricante: GenuineIntel
Nome: 11th Gen Intel(R) Core(TM) i5-1135G7 @ 2.40GHz
Frequência: 2.419 GHz
Em Uso: 6%

2023-11-20 14:02:50 [MaquinaT] Sistema operacional: Windows
Tempo de atividade: 2 days, 19:59:07

2023-11-20 14:02:50 [MemoriaT] Memoria
Em uso: 7,7 GiB
Disponível: 8,0 GiB
Total: 15,7 GiB

2023-11-20 14:02:59 [ProcessadorT] Carga do sistema está ok!
2023-11-20 14:02:59 [ProcessadorT] Fabricante: GenuineIntel
Nome: 11th Gen Intel(R) Core(TM) i5-1135G7 @ 2.40GHz
Frequência: 2.419 GHz
Em Uso: 27%

2023-11-20 14:03:00 [MaquinaT] Sistema operacional: Windows
Tempo de atividade: 2 days, 19:59:17

2023-11-20 14:03:00 [MemoriaT] Memoria
Em uso: 7,6 GiB
Disponível: 8,1 GiB
Total: 15,7 GiB

2023-11-20 14:03:09 [ProcessadorT] Carga do sistema está ok!
2023-11-20 14:03:09 [ProcessadorT] Fabricante: GenuineIntel
Nome: 11th Gen Intel(R) Core(TM) i5-1135G7 @ 2.40GHz
Frequência: 2.419 GHz
Em Uso: 1%

2023-11-20 14:03:10 [MaquinaT] Sistema operacional: Windows
Tempo de atividade: 2 days, 19:59:27

2023-11-20 14:03:10 [MemoriaT] Memoria
Em uso: 7,7 GiB
Disponível: 8,1 GiB
Total: 15,7 GiB

2023-11-20 14:03:20 [ProcessadorT] Carga do sistema está ok!
2023-11-20 14:03:20 [ProcessadorT] Fabricante: GenuineIntel
Nome: 11th Gen Intel(R) Core(TM) i5-1135G7 @ 2.40GHz
Frequência: 2.419 GHz
Em Uso: 11%

2023-11-20 14:03:20 [MaquinaT] Sistema operacional: Windows
Tempo de atividade: 2 days, 19:59:37

2023-11-20 14:03:20 [MemoriaT] Memoria
Em uso: 7,7 GiB
Disponível: 8,0 GiB
Total: 15,7 GiB

2023-11-20 14:04:23 [Logger] Versão do programa: 1.0
2023-11-20 14:04:25 [MaquinaT] Sistema operacional: Windows
Tempo de atividade: 2 days, 20:00:42

2023-11-20 14:04:25 [MemoriaT] Memoria
Em uso: 7,5 GiB
Disponível: 8,2 GiB
Total: 15,7 GiB

2023-11-20 14:04:25 [MemoriaT] Memoria
Em uso: 7,5 GiB
Disponível: 8,2 GiB
Total: 15,7 GiB

2023-11-20 14:04:26 [UsbT] Componente não encontrado
2023-11-20 14:04:27 [ProcessadorT] Carga do sistema está ok!
2023-11-20 14:04:27 [ProcessadorT] Fabricante: GenuineIntel
Nome: 11th Gen Intel(R) Core(TM) i5-1135G7 @ 2.40GHz
Frequência: 2.419 GHz
Em Uso: 6%

2023-11-20 14:04:35 [MaquinaT] Sistema operacional: Windows
Tempo de atividade: 2 days, 20:00:52

2023-11-20 14:04:35 [MemoriaT] Memoria
Em uso: 7,5 GiB
Disponível: 8,2 GiB
Total: 15,7 GiB

2023-11-20 14:04:37 [ProcessadorT] Carga do sistema está ok!
2023-11-20 14:04:37 [ProcessadorT] Fabricante: GenuineIntel
Nome: 11th Gen Intel(R) Core(TM) i5-1135G7 @ 2.40GHz
Frequência: 2.419 GHz
Em Uso: 6%

2023-11-20 14:04:45 [MaquinaT] Sistema operacional: Windows
Tempo de atividade: 2 days, 20:01:02

2023-11-20 14:04:45 [MemoriaT] Memoria
Em uso: 7,6 GiB
Disponível: 8,2 GiB
Total: 15,7 GiB

2023-11-20 14:04:47 [ProcessadorT] Carga do sistema está ok!
2023-11-20 14:04:47 [ProcessadorT] Fabricante: GenuineIntel
Nome: 11th Gen Intel(R) Core(TM) i5-1135G7 @ 2.40GHz
Frequência: 2.419 GHz
Em Uso: 3%

2023-11-20 14:04:55 [MaquinaT] Sistema operacional: Windows
Tempo de atividade: 2 days, 20:01:12

2023-11-20 14:04:55 [MemoriaT] Memoria
Em uso: 7,7 GiB
Disponível: 8,1 GiB
Total: 15,7 GiB

2023-11-20 14:04:57 [ProcessadorT] Carga do sistema está ok!
2023-11-20 14:04:57 [ProcessadorT] Fabricante: GenuineIntel
Nome: 11th Gen Intel(R) Core(TM) i5-1135G7 @ 2.40GHz
Frequência: 2.419 GHz
Em Uso: 8%

2023-11-20 14:05:05 [MaquinaT] Sistema operacional: Windows
Tempo de atividade: 2 days, 20:01:22

2023-11-20 14:05:05 [MemoriaT] Memoria
Em uso: 7,7 GiB
Disponível: 8,1 GiB
Total: 15,7 GiB

2023-11-20 14:05:07 [ProcessadorT] Carga do sistema está ok!
2023-11-20 14:05:07 [ProcessadorT] Fabricante: GenuineIntel
Nome: 11th Gen Intel(R) Core(TM) i5-1135G7 @ 2.40GHz
Frequência: 2.419 GHz
Em Uso: 3%

2023-11-20 14:05:15 [MaquinaT] Sistema operacional: Windows
Tempo de atividade: 2 days, 20:01:32

2023-11-20 14:05:15 [MemoriaT] Memoria
Em uso: 7,5 GiB
Disponível: 8,2 GiB
Total: 15,7 GiB

2023-11-20 14:05:17 [ProcessadorT] Carga do sistema está ok!
2023-11-20 14:05:17 [ProcessadorT] Fabricante: GenuineIntel
Nome: 11th Gen Intel(R) Core(TM) i5-1135G7 @ 2.40GHz
Frequência: 2.419 GHz
Em Uso: 1%

2023-11-20 14:05:25 [MaquinaT] Sistema operacional: Windows
Tempo de atividade: 2 days, 20:01:42

2023-11-20 14:05:25 [MemoriaT] Memoria
Em uso: 7,5 GiB
Disponível: 8,2 GiB
Total: 15,7 GiB

2023-11-20 14:05:27 [ProcessadorT] Carga do sistema está ok!
2023-11-20 14:05:27 [ProcessadorT] Fabricante: GenuineIntel
Nome: 11th Gen Intel(R) Core(TM) i5-1135G7 @ 2.40GHz
Frequência: 2.419 GHz
Em Uso: 1%

2023-11-20 14:05:35 [MaquinaT] Sistema operacional: Windows
Tempo de atividade: 2 days, 20:01:52

2023-11-20 14:05:35 [MemoriaT] Memoria
Em uso: 7,6 GiB
Disponível: 8,1 GiB
Total: 15,7 GiB

2023-11-20 14:05:37 [ProcessadorT] Carga do sistema está ok!
2023-11-20 14:05:37 [ProcessadorT] Fabricante: GenuineIntel
Nome: 11th Gen Intel(R) Core(TM) i5-1135G7 @ 2.40GHz
Frequência: 2.419 GHz
Em Uso: 2%

2023-11-20 14:05:45 [MaquinaT] Sistema operacional: Windows
Tempo de atividade: 2 days, 20:02:02

2023-11-20 14:05:45 [MemoriaT] Memoria
Em uso: 7,6 GiB
Disponível: 8,1 GiB
Total: 15,7 GiB

2023-11-20 14:05:47 [ProcessadorT] Carga do sistema está ok!
2023-11-20 14:05:47 [ProcessadorT] Fabricante: GenuineIntel
Nome: 11th Gen Intel(R) Core(TM) i5-1135G7 @ 2.40GHz
Frequência: 2.419 GHz
Em Uso: 1%

2023-11-20 14:05:55 [MaquinaT] Sistema operacional: Windows
Tempo de atividade: 2 days, 20:02:12

2023-11-20 14:05:55 [MemoriaT] Memoria
Em uso: 7,6 GiB
Disponível: 8,1 GiB
Total: 15,7 GiB

2023-11-20 14:05:58 [ProcessadorT] Carga do sistema está ok!
2023-11-20 14:05:58 [ProcessadorT] Fabricante: GenuineIntel
Nome: 11th Gen Intel(R) Core(TM) i5-1135G7 @ 2.40GHz
Frequência: 2.419 GHz
Em Uso: 2%

2023-11-20 14:06:05 [MaquinaT] Sistema operacional: Windows
Tempo de atividade: 2 days, 20:02:22

2023-11-20 14:06:05 [MemoriaT] Memoria
Em uso: 7,6 GiB
Disponível: 8,1 GiB
Total: 15,7 GiB

2023-11-20 14:06:08 [ProcessadorT] Carga do sistema está ok!
2023-11-20 14:06:08 [ProcessadorT] Fabricante: GenuineIntel
Nome: 11th Gen Intel(R) Core(TM) i5-1135G7 @ 2.40GHz
Frequência: 2.419 GHz
Em Uso: 2%

2023-11-20 14:06:15 [MaquinaT] Sistema operacional: Windows
Tempo de atividade: 2 days, 20:02:32

2023-11-20 14:06:15 [MemoriaT] Memoria
Em uso: 7,7 GiB
Disponível: 8,1 GiB
Total: 15,7 GiB

2023-11-20 14:06:18 [ProcessadorT] Carga do sistema está ok!
2023-11-20 14:06:18 [ProcessadorT] Fabricante: GenuineIntel
Nome: 11th Gen Intel(R) Core(TM) i5-1135G7 @ 2.40GHz
Frequência: 2.419 GHz
Em Uso: 1%

2023-11-20 14:06:25 [MaquinaT] Sistema operacional: Windows
Tempo de atividade: 2 days, 20:02:42

2023-11-20 14:06:25 [MemoriaT] Memoria
Em uso: 7,7 GiB
Disponível: 8,0 GiB
Total: 15,7 GiB

2023-11-20 14:06:28 [ProcessadorT] Carga do sistema está ok!
2023-11-20 14:06:28 [ProcessadorT] Fabricante: GenuineIntel
Nome: 11th Gen Intel(R) Core(TM) i5-1135G7 @ 2.40GHz
Frequência: 2.419 GHz
Em Uso: 2%

2023-11-20 14:06:35 [MaquinaT] Sistema operacional: Windows
Tempo de atividade: 2 days, 20:02:52

2023-11-20 14:06:35 [MemoriaT] Memoria
Em uso: 7,7 GiB
Disponível: 8,1 GiB
Total: 15,7 GiB

2023-11-20 14:06:38 [ProcessadorT] Carga do sistema está ok!
2023-11-20 14:06:38 [ProcessadorT] Fabricante: GenuineIntel
Nome: 11th Gen Intel(R) Core(TM) i5-1135G7 @ 2.40GHz
Frequência: 2.419 GHz
Em Uso: 14%

2023-11-20 14:06:45 [MaquinaT] Sistema operacional: Windows
Tempo de atividade: 2 days, 20:03:02

2023-11-20 14:06:45 [MemoriaT] Memoria
Em uso: 7,7 GiB
Disponível: 8,1 GiB
Total: 15,7 GiB

2023-11-20 14:06:48 [ProcessadorT] Carga do sistema está ok!
2023-11-20 14:06:48 [ProcessadorT] Fabricante: GenuineIntel
Nome: 11th Gen Intel(R) Core(TM) i5-1135G7 @ 2.40GHz
Frequência: 2.419 GHz
Em Uso: 26%

2023-11-20 14:06:55 [MaquinaT] Sistema operacional: Windows
Tempo de atividade: 2 days, 20:03:12

2023-11-20 14:06:55 [MemoriaT] Memoria
Em uso: 7,7 GiB
Disponível: 8,0 GiB
Total: 15,7 GiB

2023-11-20 14:06:58 [ProcessadorT] Carga do sistema está ok!
2023-11-20 14:06:58 [ProcessadorT] Fabricante: GenuineIntel
Nome: 11th Gen Intel(R) Core(TM) i5-1135G7 @ 2.40GHz
Frequência: 2.419 GHz
Em Uso: 1%

2023-11-20 14:07:05 [MaquinaT] Sistema operacional: Windows
Tempo de atividade: 2 days, 20:03:22

2023-11-20 14:07:05 [MemoriaT] Memoria
Em uso: 7,7 GiB
Disponível: 8,1 GiB
Total: 15,7 GiB

2023-11-20 14:07:08 [ProcessadorT] Carga do sistema está ok!
2023-11-20 14:07:08 [ProcessadorT] Fabricante: GenuineIntel
Nome: 11th Gen Intel(R) Core(TM) i5-1135G7 @ 2.40GHz
Frequência: 2.419 GHz
Em Uso: 2%

2023-11-20 14:07:15 [MaquinaT] Sistema operacional: Windows
Tempo de atividade: 2 days, 20:03:32

2023-11-20 14:07:15 [MemoriaT] Memoria
Em uso: 7,7 GiB
Disponível: 8,1 GiB
Total: 15,7 GiB

2023-11-20 14:07:18 [ProcessadorT] Carga do sistema está ok!
2023-11-20 14:07:18 [ProcessadorT] Fabricante: GenuineIntel
Nome: 11th Gen Intel(R) Core(TM) i5-1135G7 @ 2.40GHz
Frequência: 2.419 GHz
Em Uso: 2%

2023-11-20 14:07:25 [MaquinaT] Sistema operacional: Windows
Tempo de atividade: 2 days, 20:03:42

2023-11-20 14:07:25 [MemoriaT] Memoria
Em uso: 7,7 GiB
Disponível: 8,0 GiB
Total: 15,7 GiB

2023-11-20 14:07:28 [ProcessadorT] Carga do sistema está ok!
2023-11-20 14:07:28 [ProcessadorT] Fabricante: GenuineIntel
Nome: 11th Gen Intel(R) Core(TM) i5-1135G7 @ 2.40GHz
Frequência: 2.419 GHz
Em Uso: 2%

2023-11-20 14:07:35 [MaquinaT] Sistema operacional: Windows
Tempo de atividade: 2 days, 20:03:52

2023-11-20 14:07:35 [MemoriaT] Memoria
Em uso: 7,7 GiB
Disponível: 8,0 GiB
Total: 15,7 GiB

2023-11-20 14:07:38 [ProcessadorT] Carga do sistema está ok!
2023-11-20 14:07:38 [ProcessadorT] Fabricante: GenuineIntel
Nome: 11th Gen Intel(R) Core(TM) i5-1135G7 @ 2.40GHz
Frequência: 2.419 GHz
Em Uso: 12%

2023-11-20 14:07:45 [MaquinaT] Sistema operacional: Windows
Tempo de atividade: 2 days, 20:04:02

2023-11-20 14:07:45 [MemoriaT] Memoria
Em uso: 7,7 GiB
Disponível: 8,0 GiB
Total: 15,7 GiB

2023-11-20 14:07:48 [ProcessadorT] Carga do sistema está ok!
2023-11-20 14:07:48 [ProcessadorT] Fabricante: GenuineIntel
Nome: 11th Gen Intel(R) Core(TM) i5-1135G7 @ 2.40GHz
Frequência: 2.419 GHz
Em Uso: 18%

2023-11-20 14:07:55 [MaquinaT] Sistema operacional: Windows
Tempo de atividade: 2 days, 20:04:12

2023-11-20 14:07:55 [MemoriaT] Memoria
Em uso: 7,7 GiB
Disponível: 8,0 GiB
Total: 15,7 GiB

2023-11-20 14:07:58 [ProcessadorT] Carga do sistema está ok!
2023-11-20 14:07:58 [ProcessadorT] Fabricante: GenuineIntel
Nome: 11th Gen Intel(R) Core(TM) i5-1135G7 @ 2.40GHz
Frequência: 2.419 GHz
Em Uso: 1%

2023-11-20 14:08:05 [MaquinaT] Sistema operacional: Windows
Tempo de atividade: 2 days, 20:04:22

2023-11-20 14:08:05 [MemoriaT] Memoria
Em uso: 7,7 GiB
Disponível: 8,0 GiB
Total: 15,7 GiB

2023-11-20 14:08:08 [ProcessadorT] Carga do sistema está ok!
2023-11-20 14:08:08 [ProcessadorT] Fabricante: GenuineIntel
Nome: 11th Gen Intel(R) Core(TM) i5-1135G7 @ 2.40GHz
Frequência: 2.419 GHz
Em Uso: 9%

2023-11-20 14:08:15 [MaquinaT] Sistema operacional: Windows
Tempo de atividade: 2 days, 20:04:32

2023-11-20 14:08:15 [MemoriaT] Memoria
Em uso: 7,7 GiB
Disponível: 8,0 GiB
Total: 15,7 GiB

2023-11-20 14:08:18 [ProcessadorT] Carga do sistema está ok!
2023-11-20 14:08:18 [ProcessadorT] Fabricante: GenuineIntel
Nome: 11th Gen Intel(R) Core(TM) i5-1135G7 @ 2.40GHz
Frequência: 2.419 GHz
Em Uso: 3%

2023-11-20 14:08:25 [MaquinaT] Sistema operacional: Windows
Tempo de atividade: 2 days, 20:04:42

2023-11-20 14:08:25 [MemoriaT] Memoria
Em uso: 7,8 GiB
Disponível: 8,0 GiB
Total: 15,7 GiB

2023-11-20 14:08:29 [ProcessadorT] Carga do sistema está ok!
2023-11-20 14:08:29 [ProcessadorT] Fabricante: GenuineIntel
Nome: 11th Gen Intel(R) Core(TM) i5-1135G7 @ 2.40GHz
Frequência: 2.419 GHz
Em Uso: 5%

2023-11-20 14:08:35 [MaquinaT] Sistema operacional: Windows
Tempo de atividade: 2 days, 20:04:52

2023-11-20 14:08:35 [MemoriaT] Memoria
Em uso: 7,8 GiB
Disponível: 8,0 GiB
Total: 15,7 GiB

2023-11-20 14:08:39 [ProcessadorT] Carga do sistema está ok!
2023-11-20 14:08:39 [ProcessadorT] Fabricante: GenuineIntel
Nome: 11th Gen Intel(R) Core(TM) i5-1135G7 @ 2.40GHz
Frequência: 2.419 GHz
Em Uso: 14%

2023-11-20 14:08:45 [MaquinaT] Sistema operacional: Windows
Tempo de atividade: 2 days, 20:05:02

2023-11-20 14:08:45 [MemoriaT] Memoria
Em uso: 7,8 GiB
Disponível: 8,0 GiB
Total: 15,7 GiB

2023-11-20 14:08:49 [ProcessadorT] Carga do sistema está ok!
2023-11-20 14:08:49 [ProcessadorT] Fabricante: GenuineIntel
Nome: 11th Gen Intel(R) Core(TM) i5-1135G7 @ 2.40GHz
Frequência: 2.419 GHz
Em Uso: 7%

2023-11-20 14:08:55 [MaquinaT] Sistema operacional: Windows
Tempo de atividade: 2 days, 20:05:12

2023-11-20 14:08:55 [MemoriaT] Memoria
Em uso: 7,8 GiB
Disponível: 8,0 GiB
Total: 15,7 GiB

2023-11-20 14:08:59 [ProcessadorT] Carga do sistema está ok!
2023-11-20 14:08:59 [ProcessadorT] Fabricante: GenuineIntel
Nome: 11th Gen Intel(R) Core(TM) i5-1135G7 @ 2.40GHz
Frequência: 2.419 GHz
Em Uso: 1%

2023-11-20 14:09:05 [MaquinaT] Sistema operacional: Windows
Tempo de atividade: 2 days, 20:05:22

2023-11-20 14:09:05 [MemoriaT] Memoria
Em uso: 7,8 GiB
Disponível: 8,0 GiB
Total: 15,7 GiB

2023-11-20 14:09:09 [ProcessadorT] Carga do sistema está ok!
2023-11-20 14:09:09 [ProcessadorT] Fabricante: GenuineIntel
Nome: 11th Gen Intel(R) Core(TM) i5-1135G7 @ 2.40GHz
Frequência: 2.419 GHz
Em Uso: 3%

2023-11-20 14:09:15 [MaquinaT] Sistema operacional: Windows
Tempo de atividade: 2 days, 20:05:32

2023-11-20 14:09:15 [MemoriaT] Memoria
Em uso: 7,8 GiB
Disponível: 8,0 GiB
Total: 15,7 GiB

2023-11-20 14:09:19 [ProcessadorT] Carga do sistema está ok!
2023-11-20 14:09:19 [ProcessadorT] Fabricante: GenuineIntel
Nome: 11th Gen Intel(R) Core(TM) i5-1135G7 @ 2.40GHz
Frequência: 2.419 GHz
Em Uso: 9%

2023-11-20 14:09:25 [MaquinaT] Sistema operacional: Windows
Tempo de atividade: 2 days, 20:05:42

2023-11-20 14:09:25 [MemoriaT] Memoria
Em uso: 7,8 GiB
Disponível: 7,9 GiB
Total: 15,7 GiB

2023-11-20 14:09:29 [ProcessadorT] Carga do sistema está ok!
2023-11-20 14:09:29 [ProcessadorT] Fabricante: GenuineIntel
Nome: 11th Gen Intel(R) Core(TM) i5-1135G7 @ 2.40GHz
Frequência: 2.419 GHz
Em Uso: 3%

2023-11-20 14:09:35 [MaquinaT] Sistema operacional: Windows
Tempo de atividade: 2 days, 20:05:52

2023-11-20 14:09:35 [MemoriaT] Memoria
Em uso: 7,9 GiB
Disponível: 7,8 GiB
Total: 15,7 GiB

2023-11-20 14:09:39 [ProcessadorT] Carga do sistema está ok!
2023-11-20 14:09:39 [ProcessadorT] Fabricante: GenuineIntel
Nome: 11th Gen Intel(R) Core(TM) i5-1135G7 @ 2.40GHz
Frequência: 2.419 GHz
Em Uso: 9%

2023-11-20 14:09:45 [MaquinaT] Sistema operacional: Windows
Tempo de atividade: 2 days, 20:06:02

2023-11-20 14:09:45 [MemoriaT] Memoria
Em uso: 7,1 GiB
Disponível: 8,7 GiB
Total: 15,7 GiB

2023-11-20 14:09:49 [ProcessadorT] Carga do sistema está ok!
2023-11-20 14:09:49 [ProcessadorT] Fabricante: GenuineIntel
Nome: 11th Gen Intel(R) Core(TM) i5-1135G7 @ 2.40GHz
Frequência: 2.419 GHz
Em Uso: 26%

2023-11-20 14:09:55 [MaquinaT] Sistema operacional: Windows
Tempo de atividade: 2 days, 20:06:12

2023-11-20 14:09:55 [MemoriaT] Memoria
Em uso: 7,1 GiB
Disponível: 8,7 GiB
Total: 15,7 GiB

2023-11-20 14:09:59 [ProcessadorT] Carga do sistema está ok!
2023-11-20 14:09:59 [ProcessadorT] Fabricante: GenuineIntel
Nome: 11th Gen Intel(R) Core(TM) i5-1135G7 @ 2.40GHz
Frequência: 2.419 GHz
Em Uso: 0%

2023-11-20 14:10:05 [MaquinaT] Sistema operacional: Windows
Tempo de atividade: 2 days, 20:06:22

2023-11-20 14:10:05 [MemoriaT] Memoria
Em uso: 7,1 GiB
Disponível: 8,7 GiB
Total: 15,7 GiB

2023-11-20 14:10:09 [ProcessadorT] Carga do sistema está ok!
2023-11-20 14:10:09 [ProcessadorT] Fabricante: GenuineIntel
Nome: 11th Gen Intel(R) Core(TM) i5-1135G7 @ 2.40GHz
Frequência: 2.419 GHz
Em Uso: 17%

2023-11-20 14:10:15 [MaquinaT] Sistema operacional: Windows
Tempo de atividade: 2 days, 20:06:32

2023-11-20 14:10:15 [MemoriaT] Memoria
Em uso: 7,0 GiB
Disponível: 8,7 GiB
Total: 15,7 GiB

2023-11-20 14:10:19 [ProcessadorT] Carga do sistema está ok!
2023-11-20 14:10:19 [ProcessadorT] Fabricante: GenuineIntel
Nome: 11th Gen Intel(R) Core(TM) i5-1135G7 @ 2.40GHz
Frequência: 2.419 GHz
Em Uso: 7%

2023-11-20 14:10:25 [MaquinaT] Sistema operacional: Windows
Tempo de atividade: 2 days, 20:06:42

2023-11-20 14:10:25 [MemoriaT] Memoria
Em uso: 7,0 GiB
Disponível: 8,7 GiB
Total: 15,7 GiB

2023-11-20 14:10:29 [ProcessadorT] Carga do sistema está ok!
2023-11-20 14:10:29 [ProcessadorT] Fabricante: GenuineIntel
Nome: 11th Gen Intel(R) Core(TM) i5-1135G7 @ 2.40GHz
Frequência: 2.419 GHz
Em Uso: 23%

2023-11-20 14:10:35 [MaquinaT] Sistema operacional: Windows
Tempo de atividade: 2 days, 20:06:52

2023-11-20 14:10:36 [MemoriaT] Memoria
Em uso: 7,0 GiB
Disponível: 8,7 GiB
Total: 15,7 GiB

2023-11-20 14:10:39 [ProcessadorT] Carga do sistema está ok!
2023-11-20 14:10:39 [ProcessadorT] Fabricante: GenuineIntel
Nome: 11th Gen Intel(R) Core(TM) i5-1135G7 @ 2.40GHz
Frequência: 2.419 GHz
Em Uso: 3%

2023-11-20 14:10:45 [MaquinaT] Sistema operacional: Windows
Tempo de atividade: 2 days, 20:07:02

2023-11-20 14:10:46 [MemoriaT] Memoria
Em uso: 7,0 GiB
Disponível: 8,7 GiB
Total: 15,7 GiB

2023-11-20 14:10:49 [ProcessadorT] Carga do sistema está ok!
2023-11-20 14:10:49 [ProcessadorT] Fabricante: GenuineIntel
Nome: 11th Gen Intel(R) Core(TM) i5-1135G7 @ 2.40GHz
Frequência: 2.419 GHz
Em Uso: 2%

2023-11-20 14:10:55 [MaquinaT] Sistema operacional: Windows
Tempo de atividade: 2 days, 20:07:12

2023-11-20 14:10:56 [MemoriaT] Memoria
Em uso: 7,0 GiB
Disponível: 8,7 GiB
Total: 15,7 GiB

2023-11-20 14:10:59 [ProcessadorT] Carga do sistema está ok!
2023-11-20 14:10:59 [ProcessadorT] Fabricante: GenuineIntel
Nome: 11th Gen Intel(R) Core(TM) i5-1135G7 @ 2.40GHz
Frequência: 2.419 GHz
Em Uso: 2%

2023-11-20 14:11:05 [MaquinaT] Sistema operacional: Windows
Tempo de atividade: 2 days, 20:07:22

2023-11-20 14:11:06 [MemoriaT] Memoria
Em uso: 7,0 GiB
Disponível: 8,7 GiB
Total: 15,7 GiB

2023-11-20 14:11:10 [ProcessadorT] Carga do sistema está ok!
2023-11-20 14:11:10 [ProcessadorT] Fabricante: GenuineIntel
Nome: 11th Gen Intel(R) Core(TM) i5-1135G7 @ 2.40GHz
Frequência: 2.419 GHz
Em Uso: 3%

2023-11-20 14:11:15 [MaquinaT] Sistema operacional: Windows
Tempo de atividade: 2 days, 20:07:32

2023-11-20 14:11:16 [MemoriaT] Memoria
Em uso: 7,0 GiB
Disponível: 8,7 GiB
Total: 15,7 GiB

2023-11-20 14:11:20 [ProcessadorT] Carga do sistema está ok!
2023-11-20 14:11:20 [ProcessadorT] Fabricante: GenuineIntel
Nome: 11th Gen Intel(R) Core(TM) i5-1135G7 @ 2.40GHz
Frequência: 2.419 GHz
Em Uso: 3%

2023-11-20 14:11:25 [MaquinaT] Sistema operacional: Windows
Tempo de atividade: 2 days, 20:07:42

2023-11-20 14:11:26 [MemoriaT] Memoria
Em uso: 7,0 GiB
Disponível: 8,7 GiB
Total: 15,7 GiB

2023-11-20 14:11:30 [ProcessadorT] Carga do sistema está ok!
2023-11-20 14:11:30 [ProcessadorT] Fabricante: GenuineIntel
Nome: 11th Gen Intel(R) Core(TM) i5-1135G7 @ 2.40GHz
Frequência: 2.419 GHz
Em Uso: 21%

2023-11-20 14:11:35 [MaquinaT] Sistema operacional: Windows
Tempo de atividade: 2 days, 20:07:52

2023-11-20 14:11:36 [MemoriaT] Memoria
Em uso: 7,0 GiB
Disponível: 8,7 GiB
Total: 15,7 GiB

2023-11-20 14:11:40 [ProcessadorT] Carga do sistema está ok!
2023-11-20 14:11:40 [ProcessadorT] Fabricante: GenuineIntel
Nome: 11th Gen Intel(R) Core(TM) i5-1135G7 @ 2.40GHz
Frequência: 2.419 GHz
Em Uso: 14%

2023-11-20 14:11:45 [MaquinaT] Sistema operacional: Windows
Tempo de atividade: 2 days, 20:08:02

2023-11-20 14:11:46 [MemoriaT] Memoria
Em uso: 7,0 GiB
Disponível: 8,7 GiB
Total: 15,7 GiB

2023-11-20 14:11:50 [ProcessadorT] Carga do sistema está ok!
2023-11-20 14:11:50 [ProcessadorT] Fabricante: GenuineIntel
Nome: 11th Gen Intel(R) Core(TM) i5-1135G7 @ 2.40GHz
Frequência: 2.419 GHz
Em Uso: 2%

2023-11-20 14:11:55 [MaquinaT] Sistema operacional: Windows
Tempo de atividade: 2 days, 20:08:12

2023-11-20 14:11:56 [MemoriaT] Memoria
Em uso: 7,0 GiB
Disponível: 8,7 GiB
Total: 15,7 GiB

2023-11-20 14:12:00 [ProcessadorT] Carga do sistema está ok!
2023-11-20 14:12:00 [ProcessadorT] Fabricante: GenuineIntel
Nome: 11th Gen Intel(R) Core(TM) i5-1135G7 @ 2.40GHz
Frequência: 2.419 GHz
Em Uso: 3%

2023-11-20 14:12:05 [MaquinaT] Sistema operacional: Windows
Tempo de atividade: 2 days, 20:08:22

2023-11-20 14:12:06 [MemoriaT] Memoria
Em uso: 7,0 GiB
Disponível: 8,7 GiB
Total: 15,7 GiB

2023-11-20 14:12:10 [ProcessadorT] Carga do sistema está ok!
2023-11-20 14:12:10 [ProcessadorT] Fabricante: GenuineIntel
Nome: 11th Gen Intel(R) Core(TM) i5-1135G7 @ 2.40GHz
Frequência: 2.419 GHz
Em Uso: 1%

2023-11-20 14:12:15 [MaquinaT] Sistema operacional: Windows
Tempo de atividade: 2 days, 20:08:32

2023-11-20 14:12:16 [MemoriaT] Memoria
Em uso: 7,0 GiB
Disponível: 8,7 GiB
Total: 15,7 GiB

2023-11-20 14:12:20 [ProcessadorT] Carga do sistema está ok!
2023-11-20 14:12:20 [ProcessadorT] Fabricante: GenuineIntel
Nome: 11th Gen Intel(R) Core(TM) i5-1135G7 @ 2.40GHz
Frequência: 2.419 GHz
Em Uso: 2%

2023-11-20 14:12:25 [MaquinaT] Sistema operacional: Windows
Tempo de atividade: 2 days, 20:08:42

2023-11-20 14:12:26 [MemoriaT] Memoria
Em uso: 7,0 GiB
Disponível: 8,7 GiB
Total: 15,7 GiB

2023-11-20 14:12:30 [ProcessadorT] Carga do sistema está ok!
2023-11-20 14:12:30 [ProcessadorT] Fabricante: GenuineIntel
Nome: 11th Gen Intel(R) Core(TM) i5-1135G7 @ 2.40GHz
Frequência: 2.419 GHz
Em Uso: 5%

2023-11-20 14:12:35 [MaquinaT] Sistema operacional: Windows
Tempo de atividade: 2 days, 20:08:52

2023-11-20 14:12:36 [MemoriaT] Memoria
Em uso: 7,1 GiB
Disponível: 8,7 GiB
Total: 15,7 GiB

2023-11-20 14:12:40 [ProcessadorT] Carga do sistema está ok!
2023-11-20 14:12:40 [ProcessadorT] Fabricante: GenuineIntel
Nome: 11th Gen Intel(R) Core(TM) i5-1135G7 @ 2.40GHz
Frequência: 2.419 GHz
Em Uso: 3%

2023-11-20 14:12:45 [MaquinaT] Sistema operacional: Windows
Tempo de atividade: 2 days, 20:09:02

2023-11-20 14:12:46 [MemoriaT] Memoria
Em uso: 7,0 GiB
Disponível: 8,7 GiB
Total: 15,7 GiB

2023-11-20 14:12:50 [ProcessadorT] Carga do sistema está ok!
2023-11-20 14:12:50 [ProcessadorT] Fabricante: GenuineIntel
Nome: 11th Gen Intel(R) Core(TM) i5-1135G7 @ 2.40GHz
Frequência: 2.419 GHz
Em Uso: 2%

2023-11-20 14:12:55 [MaquinaT] Sistema operacional: Windows
Tempo de atividade: 2 days, 20:09:12

2023-11-20 14:12:56 [MemoriaT] Memoria
Em uso: 7,0 GiB
Disponível: 8,7 GiB
Total: 15,7 GiB

2023-11-20 14:13:00 [ProcessadorT] Carga do sistema está ok!
2023-11-20 14:13:00 [ProcessadorT] Fabricante: GenuineIntel
Nome: 11th Gen Intel(R) Core(TM) i5-1135G7 @ 2.40GHz
Frequência: 2.419 GHz
Em Uso: 1%

2023-11-20 14:13:05 [MaquinaT] Sistema operacional: Windows
Tempo de atividade: 2 days, 20:09:22

2023-11-20 14:13:06 [MemoriaT] Memoria
Em uso: 7,0 GiB
Disponível: 8,7 GiB
Total: 15,7 GiB

2023-11-20 14:13:10 [ProcessadorT] Carga do sistema está ok!
2023-11-20 14:13:10 [ProcessadorT] Fabricante: GenuineIntel
Nome: 11th Gen Intel(R) Core(TM) i5-1135G7 @ 2.40GHz
Frequência: 2.419 GHz
Em Uso: 2%

2023-11-20 14:13:15 [MaquinaT] Sistema operacional: Windows
Tempo de atividade: 2 days, 20:09:32

2023-11-20 14:13:16 [MemoriaT] Memoria
Em uso: 7,0 GiB
Disponível: 8,7 GiB
Total: 15,7 GiB

2023-11-20 14:13:20 [ProcessadorT] Carga do sistema está ok!
2023-11-20 14:13:20 [ProcessadorT] Fabricante: GenuineIntel
Nome: 11th Gen Intel(R) Core(TM) i5-1135G7 @ 2.40GHz
Frequência: 2.419 GHz
Em Uso: 5%

2023-11-20 14:13:25 [MaquinaT] Sistema operacional: Windows
Tempo de atividade: 2 days, 20:09:42

2023-11-20 14:13:26 [MemoriaT] Memoria
Em uso: 7,0 GiB
Disponível: 8,7 GiB
Total: 15,7 GiB

2023-11-20 14:13:30 [ProcessadorT] Carga do sistema está ok!
2023-11-20 14:13:30 [ProcessadorT] Fabricante: GenuineIntel
Nome: 11th Gen Intel(R) Core(TM) i5-1135G7 @ 2.40GHz
Frequência: 2.419 GHz
Em Uso: 4%

2023-11-20 14:13:35 [MaquinaT] Sistema operacional: Windows
Tempo de atividade: 2 days, 20:09:52

2023-11-20 14:13:36 [MemoriaT] Memoria
Em uso: 7,0 GiB
Disponível: 8,7 GiB
Total: 15,7 GiB

2023-11-20 14:13:40 [ProcessadorT] Carga do sistema está ok!
2023-11-20 14:13:40 [ProcessadorT] Fabricante: GenuineIntel
Nome: 11th Gen Intel(R) Core(TM) i5-1135G7 @ 2.40GHz
Frequência: 2.419 GHz
Em Uso: 3%

2023-11-20 14:13:45 [MaquinaT] Sistema operacional: Windows
Tempo de atividade: 2 days, 20:10:02

2023-11-20 14:13:46 [MemoriaT] Memoria
Em uso: 7,1 GiB
Disponível: 8,7 GiB
Total: 15,7 GiB

2023-11-20 14:13:50 [ProcessadorT] Carga do sistema está ok!
2023-11-20 14:13:50 [ProcessadorT] Fabricante: GenuineIntel
Nome: 11th Gen Intel(R) Core(TM) i5-1135G7 @ 2.40GHz
Frequência: 2.419 GHz
Em Uso: 3%

2023-11-20 14:13:55 [MaquinaT] Sistema operacional: Windows
Tempo de atividade: 2 days, 20:10:12

2023-11-20 14:13:56 [MemoriaT] Memoria
Em uso: 7,1 GiB
Disponível: 8,7 GiB
Total: 15,7 GiB

2023-11-20 14:14:00 [ProcessadorT] Carga do sistema está ok!
2023-11-20 14:14:00 [ProcessadorT] Fabricante: GenuineIntel
Nome: 11th Gen Intel(R) Core(TM) i5-1135G7 @ 2.40GHz
Frequência: 2.419 GHz
Em Uso: 11%

2023-11-20 14:14:05 [MaquinaT] Sistema operacional: Windows
Tempo de atividade: 2 days, 20:10:22

2023-11-20 14:14:06 [MemoriaT] Memoria
Em uso: 7,1 GiB
Disponível: 8,7 GiB
Total: 15,7 GiB

2023-11-20 14:14:10 [ProcessadorT] Carga do sistema está ok!
2023-11-20 14:14:10 [ProcessadorT] Fabricante: GenuineIntel
Nome: 11th Gen Intel(R) Core(TM) i5-1135G7 @ 2.40GHz
Frequência: 2.419 GHz
Em Uso: 2%

2023-11-20 14:14:15 [MaquinaT] Sistema operacional: Windows
Tempo de atividade: 2 days, 20:10:32

2023-11-20 14:14:16 [MemoriaT] Memoria
Em uso: 7,1 GiB
Disponível: 8,7 GiB
Total: 15,7 GiB

2023-11-20 14:14:21 [ProcessadorT] Carga do sistema está ok!
2023-11-20 14:14:21 [ProcessadorT] Fabricante: GenuineIntel
Nome: 11th Gen Intel(R) Core(TM) i5-1135G7 @ 2.40GHz
Frequência: 2.419 GHz
Em Uso: 1%

2023-11-20 14:14:25 [MaquinaT] Sistema operacional: Windows
Tempo de atividade: 2 days, 20:10:42

2023-11-20 14:14:26 [MemoriaT] Memoria
Em uso: 7,1 GiB
Disponível: 8,7 GiB
Total: 15,7 GiB

2023-11-20 14:14:31 [ProcessadorT] Carga do sistema está ok!
2023-11-20 14:14:31 [ProcessadorT] Fabricante: GenuineIntel
Nome: 11th Gen Intel(R) Core(TM) i5-1135G7 @ 2.40GHz
Frequência: 2.419 GHz
Em Uso: 2%

2023-11-20 14:14:35 [MaquinaT] Sistema operacional: Windows
Tempo de atividade: 2 days, 20:10:52

2023-11-20 14:14:36 [MemoriaT] Memoria
Em uso: 7,1 GiB
Disponível: 8,6 GiB
Total: 15,7 GiB

2023-11-20 14:14:41 [ProcessadorT] Carga do sistema está ok!
2023-11-20 14:14:41 [ProcessadorT] Fabricante: GenuineIntel
Nome: 11th Gen Intel(R) Core(TM) i5-1135G7 @ 2.40GHz
Frequência: 2.419 GHz
Em Uso: 4%

2023-11-20 14:14:45 [MaquinaT] Sistema operacional: Windows
Tempo de atividade: 2 days, 20:11:02

2023-11-20 14:14:46 [MemoriaT] Memoria
Em uso: 7,1 GiB
Disponível: 8,6 GiB
Total: 15,7 GiB

2023-11-20 14:14:51 [ProcessadorT] Carga do sistema está ok!
2023-11-20 14:14:51 [ProcessadorT] Fabricante: GenuineIntel
Nome: 11th Gen Intel(R) Core(TM) i5-1135G7 @ 2.40GHz
Frequência: 2.419 GHz
Em Uso: 6%

2023-11-20 14:14:55 [MaquinaT] Sistema operacional: Windows
Tempo de atividade: 2 days, 20:11:12

2023-11-20 14:14:56 [MemoriaT] Memoria
Em uso: 7,1 GiB
Disponível: 8,6 GiB
Total: 15,7 GiB

2023-11-20 14:15:01 [ProcessadorT] Carga do sistema está ok!
2023-11-20 14:15:01 [ProcessadorT] Fabricante: GenuineIntel
Nome: 11th Gen Intel(R) Core(TM) i5-1135G7 @ 2.40GHz
Frequência: 2.419 GHz
Em Uso: 5%

2023-11-20 14:15:05 [MaquinaT] Sistema operacional: Windows
Tempo de atividade: 2 days, 20:11:22

2023-11-20 14:15:06 [MemoriaT] Memoria
Em uso: 7,1 GiB
Disponível: 8,6 GiB
Total: 15,7 GiB

2023-11-20 14:15:11 [ProcessadorT] Carga do sistema está ok!
2023-11-20 14:15:11 [ProcessadorT] Fabricante: GenuineIntel
Nome: 11th Gen Intel(R) Core(TM) i5-1135G7 @ 2.40GHz
Frequência: 2.419 GHz
Em Uso: 6%

2023-11-20 14:15:15 [MaquinaT] Sistema operacional: Windows
Tempo de atividade: 2 days, 20:11:32

2023-11-20 14:15:16 [MemoriaT] Memoria
Em uso: 7,1 GiB
Disponível: 8,6 GiB
Total: 15,7 GiB

2023-11-20 14:15:21 [ProcessadorT] Carga do sistema está ok!
2023-11-20 14:15:21 [ProcessadorT] Fabricante: GenuineIntel
Nome: 11th Gen Intel(R) Core(TM) i5-1135G7 @ 2.40GHz
Frequência: 2.419 GHz
Em Uso: 13%

2023-11-20 14:15:26 [MaquinaT] Sistema operacional: Windows
Tempo de atividade: 2 days, 20:11:42

2023-11-20 14:15:26 [MemoriaT] Memoria
Em uso: 7,1 GiB
Disponível: 8,6 GiB
Total: 15,7 GiB

2023-11-20 14:15:31 [ProcessadorT] Carga do sistema está ok!
2023-11-20 14:15:31 [ProcessadorT] Fabricante: GenuineIntel
Nome: 11th Gen Intel(R) Core(TM) i5-1135G7 @ 2.40GHz
Frequência: 2.419 GHz
Em Uso: 1%

2023-11-20 14:15:36 [MaquinaT] Sistema operacional: Windows
Tempo de atividade: 2 days, 20:11:52

2023-11-20 14:15:36 [MemoriaT] Memoria
Em uso: 7,3 GiB
Disponível: 8,5 GiB
Total: 15,7 GiB

2023-11-20 14:15:41 [ProcessadorT] Carga do sistema está ok!
2023-11-20 14:15:41 [ProcessadorT] Fabricante: GenuineIntel
Nome: 11th Gen Intel(R) Core(TM) i5-1135G7 @ 2.40GHz
Frequência: 2.419 GHz
Em Uso: 11%

2023-11-20 14:15:46 [MaquinaT] Sistema operacional: Windows
Tempo de atividade: 2 days, 20:12:02

2023-11-20 14:15:46 [MemoriaT] Memoria
Em uso: 7,3 GiB
Disponível: 8,5 GiB
Total: 15,7 GiB

2023-11-20 14:15:51 [ProcessadorT] Carga do sistema está ok!
2023-11-20 14:15:51 [ProcessadorT] Fabricante: GenuineIntel
Nome: 11th Gen Intel(R) Core(TM) i5-1135G7 @ 2.40GHz
Frequência: 2.419 GHz
Em Uso: 3%

2023-11-20 14:15:56 [MaquinaT] Sistema operacional: Windows
Tempo de atividade: 2 days, 20:12:12

2023-11-20 14:15:56 [MemoriaT] Memoria
Em uso: 7,1 GiB
Disponível: 8,6 GiB
Total: 15,7 GiB

2023-11-20 14:16:01 [ProcessadorT] Carga do sistema está ok!
2023-11-20 14:16:01 [ProcessadorT] Fabricante: GenuineIntel
Nome: 11th Gen Intel(R) Core(TM) i5-1135G7 @ 2.40GHz
Frequência: 2.419 GHz
Em Uso: 6%

2023-11-20 14:16:06 [MaquinaT] Sistema operacional: Windows
Tempo de atividade: 2 days, 20:12:22

2023-11-20 14:16:06 [MemoriaT] Memoria
Em uso: 7,2 GiB
Disponível: 8,6 GiB
Total: 15,7 GiB

2023-11-20 14:16:11 [ProcessadorT] Carga do sistema está ok!
2023-11-20 14:16:11 [ProcessadorT] Fabricante: GenuineIntel
Nome: 11th Gen Intel(R) Core(TM) i5-1135G7 @ 2.40GHz
Frequência: 2.419 GHz
Em Uso: 5%

2023-11-20 14:16:16 [MaquinaT] Sistema operacional: Windows
Tempo de atividade: 2 days, 20:12:32

2023-11-20 14:16:16 [MemoriaT] Memoria
Em uso: 7,1 GiB
Disponível: 8,6 GiB
Total: 15,7 GiB

2023-11-20 14:16:21 [ProcessadorT] Carga do sistema está ok!
2023-11-20 14:16:21 [ProcessadorT] Fabricante: GenuineIntel
Nome: 11th Gen Intel(R) Core(TM) i5-1135G7 @ 2.40GHz
Frequência: 2.419 GHz
Em Uso: 5%

2023-11-20 14:16:26 [MaquinaT] Sistema operacional: Windows
Tempo de atividade: 2 days, 20:12:42

2023-11-20 14:16:26 [MemoriaT] Memoria
Em uso: 7,1 GiB
Disponível: 8,6 GiB
Total: 15,7 GiB

2023-11-20 14:16:31 [ProcessadorT] Carga do sistema está ok!
2023-11-20 14:16:31 [ProcessadorT] Fabricante: GenuineIntel
Nome: 11th Gen Intel(R) Core(TM) i5-1135G7 @ 2.40GHz
Frequência: 2.419 GHz
Em Uso: 2%

2023-11-20 14:16:36 [MaquinaT] Sistema operacional: Windows
Tempo de atividade: 2 days, 20:12:52

2023-11-20 14:16:36 [MemoriaT] Memoria
Em uso: 7,1 GiB
Disponível: 8,7 GiB
Total: 15,7 GiB

2023-11-20 14:16:41 [ProcessadorT] Carga do sistema está ok!
2023-11-20 14:16:41 [ProcessadorT] Fabricante: GenuineIntel
Nome: 11th Gen Intel(R) Core(TM) i5-1135G7 @ 2.40GHz
Frequência: 2.419 GHz
Em Uso: 3%

2023-11-20 14:16:46 [MaquinaT] Sistema operacional: Windows
Tempo de atividade: 2 days, 20:13:02

2023-11-20 14:16:46 [MemoriaT] Memoria
Em uso: 7,1 GiB
Disponível: 8,7 GiB
Total: 15,7 GiB

2023-11-20 14:16:56 [MaquinaT] Sistema operacional: Windows
Tempo de atividade: 2 days, 20:13:12

2023-11-20 14:16:56 [MemoriaT] Memoria
Em uso: 6,9 GiB
Disponível: 8,8 GiB
Total: 15,7 GiB

2023-11-20 14:16:57 [ProcessadorT] Carga do sistema está ok!
2023-11-20 14:16:57 [ProcessadorT] Fabricante: GenuineIntel
Nome: 11th Gen Intel(R) Core(TM) i5-1135G7 @ 2.40GHz
Frequência: 2.419 GHz
Em Uso: 3%

2023-11-20 14:17:06 [MaquinaT] Sistema operacional: Windows
Tempo de atividade: 2 days, 20:13:22

2023-11-20 14:17:06 [MemoriaT] Memoria
Em uso: 6,9 GiB
Disponível: 8,8 GiB
Total: 15,7 GiB

2023-11-20 14:17:08 [ProcessadorT] Carga do sistema está ok!
2023-11-20 14:17:08 [ProcessadorT] Fabricante: GenuineIntel
Nome: 11th Gen Intel(R) Core(TM) i5-1135G7 @ 2.40GHz
Frequência: 2.419 GHz
Em Uso: 4%

2023-11-20 14:17:16 [MaquinaT] Sistema operacional: Windows
Tempo de atividade: 2 days, 20:13:32

2023-11-20 14:17:16 [MemoriaT] Memoria
Em uso: 6,9 GiB
Disponível: 8,8 GiB
Total: 15,7 GiB

2023-11-20 14:17:18 [ProcessadorT] Carga do sistema está ok!
2023-11-20 14:17:18 [ProcessadorT] Fabricante: GenuineIntel
Nome: 11th Gen Intel(R) Core(TM) i5-1135G7 @ 2.40GHz
Frequência: 2.419 GHz
Em Uso: 2%

2023-11-20 14:17:26 [MaquinaT] Sistema operacional: Windows
Tempo de atividade: 2 days, 20:13:42

2023-11-20 14:17:26 [MemoriaT] Memoria
Em uso: 6,9 GiB
Disponível: 8,8 GiB
Total: 15,7 GiB

2023-11-20 14:17:28 [ProcessadorT] Carga do sistema está ok!
2023-11-20 14:17:28 [ProcessadorT] Fabricante: GenuineIntel
Nome: 11th Gen Intel(R) Core(TM) i5-1135G7 @ 2.40GHz
Frequência: 2.419 GHz
Em Uso: 12%

2023-11-20 14:17:36 [MaquinaT] Sistema operacional: Windows
Tempo de atividade: 2 days, 20:13:52

2023-11-20 14:17:36 [MemoriaT] Memoria
Em uso: 7,0 GiB
Disponível: 8,8 GiB
Total: 15,7 GiB

2023-11-20 14:17:38 [ProcessadorT] Carga do sistema está ok!
2023-11-20 14:17:38 [ProcessadorT] Fabricante: GenuineIntel
Nome: 11th Gen Intel(R) Core(TM) i5-1135G7 @ 2.40GHz
Frequência: 2.419 GHz
Em Uso: 5%

2023-11-20 14:17:46 [MaquinaT] Sistema operacional: Windows
Tempo de atividade: 2 days, 20:14:02

2023-11-20 14:17:46 [MemoriaT] Memoria
Em uso: 7,0 GiB
Disponível: 8,8 GiB
Total: 15,7 GiB

2023-11-20 14:17:48 [ProcessadorT] Carga do sistema está ok!
2023-11-20 14:17:48 [ProcessadorT] Fabricante: GenuineIntel
Nome: 11th Gen Intel(R) Core(TM) i5-1135G7 @ 2.40GHz
Frequência: 2.419 GHz
Em Uso: 6%

2023-11-20 14:17:56 [MaquinaT] Sistema operacional: Windows
Tempo de atividade: 2 days, 20:14:12

2023-11-20 14:17:56 [MemoriaT] Memoria
Em uso: 7,0 GiB
Disponível: 8,8 GiB
Total: 15,7 GiB

2023-11-20 14:17:58 [ProcessadorT] Carga do sistema está ok!
2023-11-20 14:17:58 [ProcessadorT] Fabricante: GenuineIntel
Nome: 11th Gen Intel(R) Core(TM) i5-1135G7 @ 2.40GHz
Frequência: 2.419 GHz
Em Uso: 12%

2023-11-20 14:18:06 [MaquinaT] Sistema operacional: Windows
Tempo de atividade: 2 days, 20:14:22

2023-11-20 14:18:06 [MemoriaT] Memoria
Em uso: 7,0 GiB
Disponível: 8,8 GiB
Total: 15,7 GiB

2023-11-20 14:18:08 [ProcessadorT] Carga do sistema está ok!
2023-11-20 14:18:08 [ProcessadorT] Fabricante: GenuineIntel
Nome: 11th Gen Intel(R) Core(TM) i5-1135G7 @ 2.40GHz
Frequência: 2.419 GHz
Em Uso: 2%

2023-11-20 14:18:16 [MaquinaT] Sistema operacional: Windows
Tempo de atividade: 2 days, 20:14:32

2023-11-20 14:18:16 [MemoriaT] Memoria
Em uso: 7,0 GiB
Disponível: 8,8 GiB
Total: 15,7 GiB

2023-11-20 14:18:18 [ProcessadorT] Carga do sistema está ok!
2023-11-20 14:18:18 [ProcessadorT] Fabricante: GenuineIntel
Nome: 11th Gen Intel(R) Core(TM) i5-1135G7 @ 2.40GHz
Frequência: 2.419 GHz
Em Uso: 2%

2023-11-20 14:18:26 [MaquinaT] Sistema operacional: Windows
Tempo de atividade: 2 days, 20:14:42

2023-11-20 14:18:26 [MemoriaT] Memoria
Em uso: 7,0 GiB
Disponível: 8,8 GiB
Total: 15,7 GiB

2023-11-20 14:18:28 [ProcessadorT] Carga do sistema está ok!
2023-11-20 14:18:28 [ProcessadorT] Fabricante: GenuineIntel
Nome: 11th Gen Intel(R) Core(TM) i5-1135G7 @ 2.40GHz
Frequência: 2.419 GHz
Em Uso: 1%

2023-11-20 14:20:12 [Logger] Versão do programa: 1.0
2023-11-20 14:20:29 [Logger] Versão do programa: 1.0
2023-11-20 14:24:24 [Logger] Versão do programa: 1.0
2023-11-20 14:24:26 [MaquinaT] Sistema operacional: Windows
Tempo de atividade: 2 days, 20:20:42

2023-11-20 14:24:26 [MemoriaT] Memoria
Em uso: 6,8 GiB
Disponível: 8,9 GiB
Total: 15,7 GiB

2023-11-20 14:24:26 [MemoriaT] Memoria
Em uso: 6,8 GiB
Disponível: 8,9 GiB
Total: 15,7 GiB

2023-11-20 14:24:26 [UsbT] Componente não encontrado
2023-11-20 14:24:28 [ProcessadorT] Carga do sistema está ok!
2023-11-20 14:24:28 [ProcessadorT] Fabricante: GenuineIntel
Nome: 11th Gen Intel(R) Core(TM) i5-1135G7 @ 2.40GHz
Frequência: 2.419 GHz
Em Uso: 3%

2023-11-20 14:24:36 [MaquinaT] Sistema operacional: Windows
Tempo de atividade: 2 days, 20:20:52

2023-11-20 14:24:36 [MemoriaT] Memoria
Em uso: 6,9 GiB
Disponível: 8,9 GiB
Total: 15,7 GiB

2023-11-20 14:24:38 [ProcessadorT] Carga do sistema está ok!
2023-11-20 14:24:38 [ProcessadorT] Fabricante: GenuineIntel
Nome: 11th Gen Intel(R) Core(TM) i5-1135G7 @ 2.40GHz
Frequência: 2.419 GHz
Em Uso: 3%

2023-11-20 14:24:46 [MaquinaT] Sistema operacional: Windows
Tempo de atividade: 2 days, 20:21:02

2023-11-20 14:24:46 [MemoriaT] Memoria
Em uso: 6,9 GiB
Disponível: 8,9 GiB
Total: 15,7 GiB

2023-11-20 14:24:49 [ProcessadorT] Carga do sistema está ok!
2023-11-20 14:24:49 [ProcessadorT] Fabricante: GenuineIntel
Nome: 11th Gen Intel(R) Core(TM) i5-1135G7 @ 2.40GHz
Frequência: 2.419 GHz
Em Uso: 8%

2023-11-20 14:24:56 [MaquinaT] Sistema operacional: Windows
Tempo de atividade: 2 days, 20:21:12

2023-11-20 14:24:56 [MemoriaT] Memoria
Em uso: 6,9 GiB
Disponível: 8,9 GiB
Total: 15,7 GiB

2023-11-20 14:24:59 [ProcessadorT] Carga do sistema está ok!
2023-11-20 14:24:59 [ProcessadorT] Fabricante: GenuineIntel
Nome: 11th Gen Intel(R) Core(TM) i5-1135G7 @ 2.40GHz
Frequência: 2.419 GHz
Em Uso: 3%

2023-11-20 14:25:06 [MaquinaT] Sistema operacional: Windows
Tempo de atividade: 2 days, 20:21:22

2023-11-20 14:25:06 [MemoriaT] Memoria
Em uso: 6,8 GiB
Disponível: 8,9 GiB
Total: 15,7 GiB

2023-11-20 14:25:09 [ProcessadorT] Carga do sistema está ok!
2023-11-20 14:25:09 [ProcessadorT] Fabricante: GenuineIntel
Nome: 11th Gen Intel(R) Core(TM) i5-1135G7 @ 2.40GHz
Frequência: 2.419 GHz
Em Uso: 4%

2023-11-20 14:25:16 [MaquinaT] Sistema operacional: Windows
Tempo de atividade: 2 days, 20:21:32

2023-11-20 14:25:16 [MemoriaT] Memoria
Em uso: 6,9 GiB
Disponível: 8,9 GiB
Total: 15,7 GiB

2023-11-20 14:25:19 [ProcessadorT] Carga do sistema está ok!
2023-11-20 14:25:19 [ProcessadorT] Fabricante: GenuineIntel
Nome: 11th Gen Intel(R) Core(TM) i5-1135G7 @ 2.40GHz
Frequência: 2.419 GHz
Em Uso: 7%

2023-11-20 14:25:26 [MaquinaT] Sistema operacional: Windows
Tempo de atividade: 2 days, 20:21:42

2023-11-20 14:25:26 [MemoriaT] Memoria
Em uso: 6,8 GiB
Disponível: 8,9 GiB
Total: 15,7 GiB

2023-11-20 14:25:29 [ProcessadorT] Carga do sistema está ok!
2023-11-20 14:25:29 [ProcessadorT] Fabricante: GenuineIntel
Nome: 11th Gen Intel(R) Core(TM) i5-1135G7 @ 2.40GHz
Frequência: 2.419 GHz
Em Uso: 8%

2023-11-20 14:25:36 [MaquinaT] Sistema operacional: Windows
Tempo de atividade: 2 days, 20:21:52

2023-11-20 14:25:36 [MemoriaT] Memoria
Em uso: 6,8 GiB
Disponível: 8,9 GiB
Total: 15,7 GiB

2023-11-20 14:25:39 [ProcessadorT] Carga do sistema está ok!
2023-11-20 14:25:39 [ProcessadorT] Fabricante: GenuineIntel
Nome: 11th Gen Intel(R) Core(TM) i5-1135G7 @ 2.40GHz
Frequência: 2.419 GHz
Em Uso: 4%

2023-11-20 14:25:46 [MaquinaT] Sistema operacional: Windows
Tempo de atividade: 2 days, 20:22:02

2023-11-20 14:25:46 [MemoriaT] Memoria
Em uso: 6,8 GiB
Disponível: 8,9 GiB
Total: 15,7 GiB

2023-11-20 14:25:49 [ProcessadorT] Carga do sistema está ok!
2023-11-20 14:25:49 [ProcessadorT] Fabricante: GenuineIntel
Nome: 11th Gen Intel(R) Core(TM) i5-1135G7 @ 2.40GHz
Frequência: 2.419 GHz
Em Uso: 5%

2023-11-20 14:25:56 [MaquinaT] Sistema operacional: Windows
Tempo de atividade: 2 days, 20:22:12

2023-11-20 14:25:56 [MemoriaT] Memoria
Em uso: 6,8 GiB
Disponível: 8,9 GiB
Total: 15,7 GiB

2023-11-20 14:25:59 [ProcessadorT] Carga do sistema está ok!
2023-11-20 14:25:59 [ProcessadorT] Fabricante: GenuineIntel
Nome: 11th Gen Intel(R) Core(TM) i5-1135G7 @ 2.40GHz
Frequência: 2.419 GHz
Em Uso: 24%

2023-11-20 14:26:06 [MaquinaT] Sistema operacional: Windows
Tempo de atividade: 2 days, 20:22:22

2023-11-20 14:26:06 [MemoriaT] Memoria
Em uso: 6,9 GiB
Disponível: 8,9 GiB
Total: 15,7 GiB

2023-11-20 14:26:09 [ProcessadorT] Carga do sistema está ok!
2023-11-20 14:26:09 [ProcessadorT] Fabricante: GenuineIntel
Nome: 11th Gen Intel(R) Core(TM) i5-1135G7 @ 2.40GHz
Frequência: 2.419 GHz
Em Uso: 2%

2023-11-20 14:26:16 [MaquinaT] Sistema operacional: Windows
Tempo de atividade: 2 days, 20:22:32

2023-11-20 14:26:16 [MemoriaT] Memoria
Em uso: 6,9 GiB
Disponível: 8,9 GiB
Total: 15,7 GiB

2023-11-20 14:26:19 [ProcessadorT] Carga do sistema está ok!
2023-11-20 14:26:19 [ProcessadorT] Fabricante: GenuineIntel
Nome: 11th Gen Intel(R) Core(TM) i5-1135G7 @ 2.40GHz
Frequência: 2.419 GHz
Em Uso: 1%

2023-11-20 14:26:58 [Logger] Versão do programa: 1.0
2023-11-20 14:26:59 [MaquinaT] Sistema operacional: Windows
Tempo de atividade: 2 days, 20:23:16

2023-11-20 14:26:59 [MemoriaT] Memoria
Em uso: 6,8 GiB
Disponível: 8,9 GiB
Total: 15,7 GiB

2023-11-20 14:26:59 [MemoriaT] Memoria
Em uso: 6,8 GiB
Disponível: 8,9 GiB
Total: 15,7 GiB

2023-11-20 14:27:00 [UsbT] Componente não encontrado
2023-11-20 14:27:01 [ProcessadorT] Carga do sistema está ok!
2023-11-20 14:27:01 [ProcessadorT] Fabricante: GenuineIntel
Nome: 11th Gen Intel(R) Core(TM) i5-1135G7 @ 2.40GHz
Frequência: 2.419 GHz
Em Uso: 9%

2023-11-20 14:27:09 [MaquinaT] Sistema operacional: Windows
Tempo de atividade: 2 days, 20:23:26

2023-11-20 14:27:09 [MemoriaT] Memoria
Em uso: 6,8 GiB
Disponível: 8,9 GiB
Total: 15,7 GiB

2023-11-20 14:27:11 [ProcessadorT] Carga do sistema está ok!
2023-11-20 14:27:11 [ProcessadorT] Fabricante: GenuineIntel
Nome: 11th Gen Intel(R) Core(TM) i5-1135G7 @ 2.40GHz
Frequência: 2.419 GHz
Em Uso: 9%

2023-11-20 14:27:19 [MaquinaT] Sistema operacional: Windows
Tempo de atividade: 2 days, 20:23:36

2023-11-20 14:27:19 [MemoriaT] Memoria
Em uso: 6,6 GiB
Disponível: 9,1 GiB
Total: 15,7 GiB

2023-11-20 14:27:21 [ProcessadorT] Carga do sistema está ok!
2023-11-20 14:27:21 [ProcessadorT] Fabricante: GenuineIntel
Nome: 11th Gen Intel(R) Core(TM) i5-1135G7 @ 2.40GHz
Frequência: 2.419 GHz
Em Uso: 9%

2023-11-20 14:27:29 [MaquinaT] Sistema operacional: Windows
Tempo de atividade: 2 days, 20:23:46

2023-11-20 14:27:29 [MemoriaT] Memoria
Em uso: 6,7 GiB
Disponível: 9,0 GiB
Total: 15,7 GiB

2023-11-20 14:27:32 [ProcessadorT] Carga do sistema está ok!
2023-11-20 14:27:32 [ProcessadorT] Fabricante: GenuineIntel
Nome: 11th Gen Intel(R) Core(TM) i5-1135G7 @ 2.40GHz
Frequência: 2.419 GHz
Em Uso: 6%

2023-11-20 14:27:39 [MaquinaT] Sistema operacional: Windows
Tempo de atividade: 2 days, 20:23:56

2023-11-20 14:27:39 [MemoriaT] Memoria
Em uso: 6,8 GiB
Disponível: 9,0 GiB
Total: 15,7 GiB

2023-11-20 14:27:42 [ProcessadorT] Carga do sistema está ok!
2023-11-20 14:27:42 [ProcessadorT] Fabricante: GenuineIntel
Nome: 11th Gen Intel(R) Core(TM) i5-1135G7 @ 2.40GHz
Frequência: 2.419 GHz
Em Uso: 3%

2023-11-20 14:27:49 [MaquinaT] Sistema operacional: Windows
Tempo de atividade: 2 days, 20:24:06

2023-11-20 14:27:49 [MemoriaT] Memoria
Em uso: 6,7 GiB
Disponível: 9,0 GiB
Total: 15,7 GiB

2023-11-20 14:27:52 [ProcessadorT] Carga do sistema está ok!
2023-11-20 14:27:52 [ProcessadorT] Fabricante: GenuineIntel
Nome: 11th Gen Intel(R) Core(TM) i5-1135G7 @ 2.40GHz
Frequência: 2.419 GHz
Em Uso: 6%

2023-11-20 14:27:59 [MaquinaT] Sistema operacional: Windows
Tempo de atividade: 2 days, 20:24:16

2023-11-20 14:27:59 [MemoriaT] Memoria
Em uso: 6,7 GiB
Disponível: 9,0 GiB
Total: 15,7 GiB

2023-11-20 14:28:02 [ProcessadorT] Carga do sistema está ok!
2023-11-20 14:28:02 [ProcessadorT] Fabricante: GenuineIntel
Nome: 11th Gen Intel(R) Core(TM) i5-1135G7 @ 2.40GHz
Frequência: 2.419 GHz
Em Uso: 5%

2023-11-20 14:28:09 [MaquinaT] Sistema operacional: Windows
Tempo de atividade: 2 days, 20:24:26

2023-11-20 14:28:09 [MemoriaT] Memoria
Em uso: 6,7 GiB
Disponível: 9,0 GiB
Total: 15,7 GiB

2023-11-20 14:28:12 [ProcessadorT] Carga do sistema está ok!
2023-11-20 14:28:12 [ProcessadorT] Fabricante: GenuineIntel
Nome: 11th Gen Intel(R) Core(TM) i5-1135G7 @ 2.40GHz
Frequência: 2.419 GHz
Em Uso: 3%

2023-11-20 14:28:19 [MaquinaT] Sistema operacional: Windows
Tempo de atividade: 2 days, 20:24:36

2023-11-20 14:28:19 [MemoriaT] Memoria
Em uso: 6,7 GiB
Disponível: 9,0 GiB
Total: 15,7 GiB

2023-11-20 14:28:22 [ProcessadorT] Carga do sistema está ok!
2023-11-20 14:28:22 [ProcessadorT] Fabricante: GenuineIntel
Nome: 11th Gen Intel(R) Core(TM) i5-1135G7 @ 2.40GHz
Frequência: 2.419 GHz
Em Uso: 2%

2023-11-20 14:28:29 [MaquinaT] Sistema operacional: Windows
Tempo de atividade: 2 days, 20:24:46

2023-11-20 14:28:29 [MemoriaT] Memoria
Em uso: 6,7 GiB
Disponível: 9,0 GiB
Total: 15,7 GiB

2023-11-20 14:28:32 [ProcessadorT] Carga do sistema está ok!
2023-11-20 14:28:32 [ProcessadorT] Fabricante: GenuineIntel
Nome: 11th Gen Intel(R) Core(TM) i5-1135G7 @ 2.40GHz
Frequência: 2.419 GHz
Em Uso: 4%

2023-11-20 14:28:39 [MaquinaT] Sistema operacional: Windows
Tempo de atividade: 2 days, 20:24:56

2023-11-20 14:28:39 [MemoriaT] Memoria
Em uso: 6,7 GiB
Disponível: 9,0 GiB
Total: 15,7 GiB

2023-11-20 14:28:42 [ProcessadorT] Carga do sistema está ok!
2023-11-20 14:28:42 [ProcessadorT] Fabricante: GenuineIntel
Nome: 11th Gen Intel(R) Core(TM) i5-1135G7 @ 2.40GHz
Frequência: 2.419 GHz
Em Uso: 7%

2023-11-20 14:28:49 [MaquinaT] Sistema operacional: Windows
Tempo de atividade: 2 days, 20:25:06

2023-11-20 14:28:49 [MemoriaT] Memoria
Em uso: 6,9 GiB
Disponível: 8,9 GiB
Total: 15,7 GiB

2023-11-20 14:28:52 [ProcessadorT] Carga do sistema está ok!
2023-11-20 14:28:52 [ProcessadorT] Fabricante: GenuineIntel
Nome: 11th Gen Intel(R) Core(TM) i5-1135G7 @ 2.40GHz
Frequência: 2.419 GHz
Em Uso: 2%

2023-11-20 14:28:59 [MaquinaT] Sistema operacional: Windows
Tempo de atividade: 2 days, 20:25:16

2023-11-20 14:28:59 [MemoriaT] Memoria
Em uso: 6,9 GiB
Disponível: 8,9 GiB
Total: 15,7 GiB

2023-11-20 14:29:02 [ProcessadorT] Carga do sistema está ok!
2023-11-20 14:29:02 [ProcessadorT] Fabricante: GenuineIntel
Nome: 11th Gen Intel(R) Core(TM) i5-1135G7 @ 2.40GHz
Frequência: 2.419 GHz
Em Uso: 10%

2023-11-20 14:29:09 [MaquinaT] Sistema operacional: Windows
Tempo de atividade: 2 days, 20:25:26

2023-11-20 14:29:09 [MemoriaT] Memoria
Em uso: 6,9 GiB
Disponível: 8,9 GiB
Total: 15,7 GiB

2023-11-20 14:29:12 [ProcessadorT] Carga do sistema está ok!
2023-11-20 14:29:12 [ProcessadorT] Fabricante: GenuineIntel
Nome: 11th Gen Intel(R) Core(TM) i5-1135G7 @ 2.40GHz
Frequência: 2.419 GHz
Em Uso: 5%

2023-11-20 14:29:19 [MaquinaT] Sistema operacional: Windows
Tempo de atividade: 2 days, 20:25:36

2023-11-20 14:29:19 [MemoriaT] Memoria
Em uso: 6,7 GiB
Disponível: 9,0 GiB
Total: 15,7 GiB

2023-11-20 14:29:22 [ProcessadorT] Carga do sistema está ok!
2023-11-20 14:29:22 [ProcessadorT] Fabricante: GenuineIntel
Nome: 11th Gen Intel(R) Core(TM) i5-1135G7 @ 2.40GHz
Frequência: 2.419 GHz
Em Uso: 2%

2023-11-20 14:29:29 [MaquinaT] Sistema operacional: Windows
Tempo de atividade: 2 days, 20:25:46

2023-11-20 14:29:29 [MemoriaT] Memoria
Em uso: 6,7 GiB
Disponível: 9,0 GiB
Total: 15,7 GiB

2023-11-20 14:29:32 [ProcessadorT] Carga do sistema está ok!
2023-11-20 14:29:32 [ProcessadorT] Fabricante: GenuineIntel
Nome: 11th Gen Intel(R) Core(TM) i5-1135G7 @ 2.40GHz
Frequência: 2.419 GHz
Em Uso: 3%

2023-11-20 14:29:39 [MaquinaT] Sistema operacional: Windows
Tempo de atividade: 2 days, 20:25:56

2023-11-20 14:29:39 [MemoriaT] Memoria
Em uso: 6,7 GiB
Disponível: 9,0 GiB
Total: 15,7 GiB

2023-11-20 14:29:42 [ProcessadorT] Carga do sistema está ok!
2023-11-20 14:29:42 [ProcessadorT] Fabricante: GenuineIntel
Nome: 11th Gen Intel(R) Core(TM) i5-1135G7 @ 2.40GHz
Frequência: 2.419 GHz
Em Uso: 4%

2023-11-20 14:29:49 [MaquinaT] Sistema operacional: Windows
Tempo de atividade: 2 days, 20:26:06

2023-11-20 14:29:49 [MemoriaT] Memoria
Em uso: 6,7 GiB
Disponível: 9,0 GiB
Total: 15,7 GiB

2023-11-20 14:29:52 [ProcessadorT] Carga do sistema está ok!
2023-11-20 14:29:52 [ProcessadorT] Fabricante: GenuineIntel
Nome: 11th Gen Intel(R) Core(TM) i5-1135G7 @ 2.40GHz
Frequência: 2.419 GHz
Em Uso: 5%

2023-11-20 14:29:59 [MaquinaT] Sistema operacional: Windows
Tempo de atividade: 2 days, 20:26:16

2023-11-20 14:30:00 [MemoriaT] Memoria
Em uso: 6,8 GiB
Disponível: 8,9 GiB
Total: 15,7 GiB

2023-11-20 14:30:02 [ProcessadorT] Carga do sistema está ok!
2023-11-20 14:30:02 [ProcessadorT] Fabricante: GenuineIntel
Nome: 11th Gen Intel(R) Core(TM) i5-1135G7 @ 2.40GHz
Frequência: 2.419 GHz
Em Uso: 2%

2023-11-20 14:30:09 [MaquinaT] Sistema operacional: Windows
Tempo de atividade: 2 days, 20:26:26

2023-11-20 14:30:10 [MemoriaT] Memoria
Em uso: 6,9 GiB
Disponível: 8,9 GiB
Total: 15,7 GiB

2023-11-20 14:30:12 [ProcessadorT] Carga do sistema está ok!
2023-11-20 14:30:12 [ProcessadorT] Fabricante: GenuineIntel
Nome: 11th Gen Intel(R) Core(TM) i5-1135G7 @ 2.40GHz
Frequência: 2.419 GHz
Em Uso: 10%

2023-11-20 14:30:19 [MaquinaT] Sistema operacional: Windows
Tempo de atividade: 2 days, 20:26:36

2023-11-20 14:30:20 [MemoriaT] Memoria
Em uso: 6,9 GiB
Disponível: 8,9 GiB
Total: 15,7 GiB

2023-11-20 14:30:23 [ProcessadorT] Carga do sistema está ok!
2023-11-20 14:30:23 [ProcessadorT] Fabricante: GenuineIntel
Nome: 11th Gen Intel(R) Core(TM) i5-1135G7 @ 2.40GHz
Frequência: 2.419 GHz
Em Uso: 1%

2023-11-20 14:30:29 [MaquinaT] Sistema operacional: Windows
Tempo de atividade: 2 days, 20:26:46

2023-11-20 14:30:30 [MemoriaT] Memoria
Em uso: 6,9 GiB
Disponível: 8,8 GiB
Total: 15,7 GiB

2023-11-20 14:30:33 [ProcessadorT] Carga do sistema está ok!
2023-11-20 14:30:33 [ProcessadorT] Fabricante: GenuineIntel
Nome: 11th Gen Intel(R) Core(TM) i5-1135G7 @ 2.40GHz
Frequência: 2.419 GHz
Em Uso: 6%

2023-11-20 14:30:39 [MaquinaT] Sistema operacional: Windows
Tempo de atividade: 2 days, 20:26:56

2023-11-20 14:30:40 [MemoriaT] Memoria
Em uso: 6,9 GiB
Disponível: 8,8 GiB
Total: 15,7 GiB

2023-11-20 14:30:43 [ProcessadorT] Carga do sistema está ok!
2023-11-20 14:30:43 [ProcessadorT] Fabricante: GenuineIntel
Nome: 11th Gen Intel(R) Core(TM) i5-1135G7 @ 2.40GHz
Frequência: 2.419 GHz
Em Uso: 10%

2023-11-20 14:30:49 [MaquinaT] Sistema operacional: Windows
Tempo de atividade: 2 days, 20:27:06

2023-11-20 14:30:50 [MemoriaT] Memoria
Em uso: 6,7 GiB
Disponível: 9,0 GiB
Total: 15,7 GiB

2023-11-20 14:30:53 [ProcessadorT] Carga do sistema está ok!
2023-11-20 14:30:53 [ProcessadorT] Fabricante: GenuineIntel
Nome: 11th Gen Intel(R) Core(TM) i5-1135G7 @ 2.40GHz
Frequência: 2.419 GHz
Em Uso: 0%

2023-11-20 14:30:59 [MaquinaT] Sistema operacional: Windows
Tempo de atividade: 2 days, 20:27:16

2023-11-20 14:31:00 [MemoriaT] Memoria
Em uso: 6,7 GiB
Disponível: 9,0 GiB
Total: 15,7 GiB

2023-11-20 14:31:03 [ProcessadorT] Carga do sistema está ok!
2023-11-20 14:31:03 [ProcessadorT] Fabricante: GenuineIntel
Nome: 11th Gen Intel(R) Core(TM) i5-1135G7 @ 2.40GHz
Frequência: 2.419 GHz
Em Uso: 1%

2023-11-20 14:31:09 [MaquinaT] Sistema operacional: Windows
Tempo de atividade: 2 days, 20:27:26

2023-11-20 14:31:10 [MemoriaT] Memoria
Em uso: 6,7 GiB
Disponível: 9,0 GiB
Total: 15,7 GiB

2023-11-20 14:31:13 [ProcessadorT] Carga do sistema está ok!
2023-11-20 14:31:13 [ProcessadorT] Fabricante: GenuineIntel
Nome: 11th Gen Intel(R) Core(TM) i5-1135G7 @ 2.40GHz
Frequência: 2.419 GHz
Em Uso: 4%

2023-11-20 14:31:19 [MaquinaT] Sistema operacional: Windows
Tempo de atividade: 2 days, 20:27:36

2023-11-20 14:31:20 [MemoriaT] Memoria
Em uso: 6,7 GiB
Disponível: 9,0 GiB
Total: 15,7 GiB

2023-11-20 14:31:23 [ProcessadorT] Carga do sistema está ok!
2023-11-20 14:31:23 [ProcessadorT] Fabricante: GenuineIntel
Nome: 11th Gen Intel(R) Core(TM) i5-1135G7 @ 2.40GHz
Frequência: 2.419 GHz
Em Uso: 20%

2023-11-20 14:31:29 [MaquinaT] Sistema operacional: Windows
Tempo de atividade: 2 days, 20:27:46

2023-11-20 14:31:30 [MemoriaT] Memoria
Em uso: 6,7 GiB
Disponível: 9,0 GiB
Total: 15,7 GiB

2023-11-20 14:31:33 [ProcessadorT] Carga do sistema está ok!
2023-11-20 14:31:33 [ProcessadorT] Fabricante: GenuineIntel
Nome: 11th Gen Intel(R) Core(TM) i5-1135G7 @ 2.40GHz
Frequência: 2.419 GHz
Em Uso: 4%

2023-11-20 14:31:39 [MaquinaT] Sistema operacional: Windows
Tempo de atividade: 2 days, 20:27:56

2023-11-20 14:31:40 [MemoriaT] Memoria
Em uso: 6,7 GiB
Disponível: 9,0 GiB
Total: 15,7 GiB

2023-11-20 14:31:43 [ProcessadorT] Carga do sistema está ok!
2023-11-20 14:31:43 [ProcessadorT] Fabricante: GenuineIntel
Nome: 11th Gen Intel(R) Core(TM) i5-1135G7 @ 2.40GHz
Frequência: 2.419 GHz
Em Uso: 5%

2023-11-20 14:31:49 [MaquinaT] Sistema operacional: Windows
Tempo de atividade: 2 days, 20:28:06

2023-11-20 14:31:50 [MemoriaT] Memoria
Em uso: 6,7 GiB
Disponível: 9,0 GiB
Total: 15,7 GiB

2023-11-20 14:31:53 [ProcessadorT] Carga do sistema está ok!
2023-11-20 14:31:53 [ProcessadorT] Fabricante: GenuineIntel
Nome: 11th Gen Intel(R) Core(TM) i5-1135G7 @ 2.40GHz
Frequência: 2.419 GHz
Em Uso: 23%

2023-11-20 14:31:59 [MaquinaT] Sistema operacional: Windows
Tempo de atividade: 2 days, 20:28:16

2023-11-20 14:32:00 [MemoriaT] Memoria
Em uso: 6,7 GiB
Disponível: 9,0 GiB
Total: 15,7 GiB

2023-11-20 14:32:03 [ProcessadorT] Carga do sistema está ok!
2023-11-20 14:32:03 [ProcessadorT] Fabricante: GenuineIntel
Nome: 11th Gen Intel(R) Core(TM) i5-1135G7 @ 2.40GHz
Frequência: 2.419 GHz
Em Uso: 2%

2023-11-20 14:32:09 [MaquinaT] Sistema operacional: Windows
Tempo de atividade: 2 days, 20:28:26

2023-11-20 14:32:10 [MemoriaT] Memoria
Em uso: 6,8 GiB
Disponível: 9,0 GiB
Total: 15,7 GiB

2023-11-20 14:32:13 [ProcessadorT] Carga do sistema está ok!
2023-11-20 14:32:13 [ProcessadorT] Fabricante: GenuineIntel
Nome: 11th Gen Intel(R) Core(TM) i5-1135G7 @ 2.40GHz
Frequência: 2.419 GHz
Em Uso: 2%

2023-11-20 14:32:19 [MaquinaT] Sistema operacional: Windows
Tempo de atividade: 2 days, 20:28:36

2023-11-20 14:32:20 [MemoriaT] Memoria
Em uso: 6,8 GiB
Disponível: 8,9 GiB
Total: 15,7 GiB

2023-11-20 14:32:23 [ProcessadorT] Carga do sistema está ok!
2023-11-20 14:32:23 [ProcessadorT] Fabricante: GenuineIntel
Nome: 11th Gen Intel(R) Core(TM) i5-1135G7 @ 2.40GHz
Frequência: 2.419 GHz
Em Uso: 4%

2023-11-20 14:32:29 [MaquinaT] Sistema operacional: Windows
Tempo de atividade: 2 days, 20:28:46

2023-11-20 14:32:30 [MemoriaT] Memoria
Em uso: 6,8 GiB
Disponível: 8,9 GiB
Total: 15,7 GiB

2023-11-20 14:32:33 [ProcessadorT] Carga do sistema está ok!
2023-11-20 14:32:33 [ProcessadorT] Fabricante: GenuineIntel
Nome: 11th Gen Intel(R) Core(TM) i5-1135G7 @ 2.40GHz
Frequência: 2.419 GHz
Em Uso: 4%

2023-11-20 14:32:40 [MaquinaT] Sistema operacional: Windows
Tempo de atividade: 2 days, 20:28:56

2023-11-20 14:32:40 [MemoriaT] Memoria
Em uso: 6,8 GiB
Disponível: 8,9 GiB
Total: 15,7 GiB

2023-11-20 14:32:43 [ProcessadorT] Carga do sistema está ok!
2023-11-20 14:32:43 [ProcessadorT] Fabricante: GenuineIntel
Nome: 11th Gen Intel(R) Core(TM) i5-1135G7 @ 2.40GHz
Frequência: 2.419 GHz
Em Uso: 3%

2023-11-20 14:32:50 [MaquinaT] Sistema operacional: Windows
Tempo de atividade: 2 days, 20:29:06

2023-11-20 14:32:50 [MemoriaT] Memoria
Em uso: 6,8 GiB
Disponível: 8,9 GiB
Total: 15,7 GiB

2023-11-20 14:32:53 [ProcessadorT] Carga do sistema está ok!
2023-11-20 14:32:53 [ProcessadorT] Fabricante: GenuineIntel
Nome: 11th Gen Intel(R) Core(TM) i5-1135G7 @ 2.40GHz
Frequência: 2.419 GHz
Em Uso: 17%

2023-11-20 14:33:00 [MaquinaT] Sistema operacional: Windows
Tempo de atividade: 2 days, 20:29:16

2023-11-20 14:33:00 [MemoriaT] Memoria
Em uso: 6,8 GiB
Disponível: 9,0 GiB
Total: 15,7 GiB

2023-11-20 14:33:10 [ProcessadorT] Carga do sistema está ok!
2023-11-20 14:33:10 [ProcessadorT] Fabricante: GenuineIntel
Nome: 11th Gen Intel(R) Core(TM) i5-1135G7 @ 2.40GHz
Frequência: 2.419 GHz
Em Uso: 3%

2023-11-20 14:33:10 [MaquinaT] Sistema operacional: Windows
Tempo de atividade: 2 days, 20:29:26

2023-11-20 14:33:10 [MemoriaT] Memoria
Em uso: 6,8 GiB
Disponível: 8,9 GiB
Total: 15,7 GiB

2023-11-20 14:33:20 [MaquinaT] Sistema operacional: Windows
Tempo de atividade: 2 days, 20:29:36

2023-11-20 14:33:20 [ProcessadorT] Carga do sistema está ok!
2023-11-20 14:33:20 [ProcessadorT] Fabricante: GenuineIntel
Nome: 11th Gen Intel(R) Core(TM) i5-1135G7 @ 2.40GHz
Frequência: 2.419 GHz
Em Uso: 5%

2023-11-20 14:33:20 [MemoriaT] Memoria
Em uso: 6,9 GiB
Disponível: 8,9 GiB
Total: 15,7 GiB

2023-11-20 14:33:30 [MaquinaT] Sistema operacional: Windows
Tempo de atividade: 2 days, 20:29:46

2023-11-20 14:33:30 [ProcessadorT] Carga do sistema está ok!
2023-11-20 14:33:30 [ProcessadorT] Fabricante: GenuineIntel
Nome: 11th Gen Intel(R) Core(TM) i5-1135G7 @ 2.40GHz
Frequência: 2.419 GHz
Em Uso: 6%

2023-11-20 14:33:30 [MemoriaT] Memoria
Em uso: 7,1 GiB
Disponível: 8,7 GiB
Total: 15,7 GiB

2023-11-20 14:33:40 [MaquinaT] Sistema operacional: Windows
Tempo de atividade: 2 days, 20:29:56

2023-11-20 14:33:40 [ProcessadorT] Carga do sistema está ok!
2023-11-20 14:33:40 [ProcessadorT] Fabricante: GenuineIntel
Nome: 11th Gen Intel(R) Core(TM) i5-1135G7 @ 2.40GHz
Frequência: 2.419 GHz
Em Uso: 9%

2023-11-20 14:33:40 [MemoriaT] Memoria
Em uso: 7,0 GiB
Disponível: 8,7 GiB
Total: 15,7 GiB

2023-11-20 14:33:50 [MaquinaT] Sistema operacional: Windows
Tempo de atividade: 2 days, 20:30:06

2023-11-20 14:33:50 [ProcessadorT] Carga do sistema está ok!
2023-11-20 14:33:50 [ProcessadorT] Fabricante: GenuineIntel
Nome: 11th Gen Intel(R) Core(TM) i5-1135G7 @ 2.40GHz
Frequência: 2.419 GHz
Em Uso: 4%

2023-11-20 14:33:50 [MemoriaT] Memoria
Em uso: 6,9 GiB
Disponível: 8,8 GiB
Total: 15,7 GiB

2023-11-20 14:42:09 [Logger] Versão do programa: 1.0
2023-11-20 14:42:10 [Logger] CPU Info:
Modelo: null
Frequência: 2.419
Núcleos: null

20231120_145226 [Logger] Versão do programa: 1.0
20231120_145226 [MaquinaT] Sistema operacional: Windows
Tempo de atividade: 2 days, 20:48:44

20231120_145226 [MemoriaT] Memoria
Em uso: 6,9 GiB
Disponível: 8,8 GiB
Total: 15,7 GiB

20231120_145226 [MemoriaT] Memoria
Em uso: 6,9 GiB
Disponível: 8,8 GiB
Total: 15,7 GiB

20231120_145226 [UsbT] Componente não encontrado
20231120_145226 [ProcessadorT] Carga do sistema está ok!
20231120_145226 [ProcessadorT] Fabricante: GenuineIntel
Nome: 11th Gen Intel(R) Core(TM) i5-1135G7 @ 2.40GHz
Frequência: 2.419 GHz
Em Uso: 4%

20231120_145226 [MaquinaT] Sistema operacional: Windows
Tempo de atividade: 2 days, 20:48:54

20231120_145226 [MemoriaT] Memoria
Em uso: 7,0 GiB
Disponível: 8,7 GiB
Total: 15,7 GiB

20231120_145226 [ProcessadorT] Carga do sistema está ok!
20231120_145226 [ProcessadorT] Fabricante: GenuineIntel
Nome: 11th Gen Intel(R) Core(TM) i5-1135G7 @ 2.40GHz
Frequência: 2.419 GHz
Em Uso: 4%

20231120_145226 [MaquinaT] Sistema operacional: Windows
Tempo de atividade: 2 days, 20:49:04

20231120_145226 [MemoriaT] Memoria
Em uso: 7,0 GiB
Disponível: 8,8 GiB
Total: 15,7 GiB

20231120_145226 [ProcessadorT] Carga do sistema está ok!
20231120_145226 [ProcessadorT] Fabricante: GenuineIntel
Nome: 11th Gen Intel(R) Core(TM) i5-1135G7 @ 2.40GHz
Frequência: 2.419 GHz
Em Uso: 3%

20231120_145226 [MaquinaT] Sistema operacional: Windows
Tempo de atividade: 2 days, 20:49:14

20231120_145226 [MemoriaT] Memoria
Em uso: 7,0 GiB
Disponível: 8,8 GiB
Total: 15,7 GiB

20231120_145226 [ProcessadorT] Carga do sistema está ok!
20231120_145226 [ProcessadorT] Fabricante: GenuineIntel
Nome: 11th Gen Intel(R) Core(TM) i5-1135G7 @ 2.40GHz
Frequência: 2.419 GHz
Em Uso: 2%

20231120_145226 [MaquinaT] Sistema operacional: Windows
Tempo de atividade: 2 days, 20:49:24

20231120_145226 [MemoriaT] Memoria
Em uso: 7,0 GiB
Disponível: 8,8 GiB
Total: 15,7 GiB

20231120_145226 [ProcessadorT] Carga do sistema está ok!
20231120_145226 [ProcessadorT] Fabricante: GenuineIntel
Nome: 11th Gen Intel(R) Core(TM) i5-1135G7 @ 2.40GHz
Frequência: 2.419 GHz
Em Uso: 2%

20231120_145226 [MaquinaT] Sistema operacional: Windows
Tempo de atividade: 2 days, 20:49:34

20231120_145226 [MemoriaT] Memoria
Em uso: 7,0 GiB
Disponível: 8,8 GiB
Total: 15,7 GiB

20231120_145226 [ProcessadorT] Carga do sistema está ok!
20231120_145226 [ProcessadorT] Fabricante: GenuineIntel
Nome: 11th Gen Intel(R) Core(TM) i5-1135G7 @ 2.40GHz
Frequência: 2.419 GHz
Em Uso: 4%

20231120_145226 [MaquinaT] Sistema operacional: Windows
Tempo de atividade: 2 days, 20:49:44

20231120_145226 [MemoriaT] Memoria
Em uso: 7,0 GiB
Disponível: 8,8 GiB
Total: 15,7 GiB

20231120_145226 [ProcessadorT] Carga do sistema está ok!
20231120_145226 [ProcessadorT] Fabricante: GenuineIntel
Nome: 11th Gen Intel(R) Core(TM) i5-1135G7 @ 2.40GHz
Frequência: 2.419 GHz
Em Uso: 4%

20231120_145226 [MaquinaT] Sistema operacional: Windows
Tempo de atividade: 2 days, 20:49:54

20231120_145226 [MemoriaT] Memoria
Em uso: 7,0 GiB
Disponível: 8,8 GiB
Total: 15,7 GiB

20231120_145226 [ProcessadorT] Carga do sistema está ok!
20231120_145226 [ProcessadorT] Fabricante: GenuineIntel
Nome: 11th Gen Intel(R) Core(TM) i5-1135G7 @ 2.40GHz
Frequência: 2.419 GHz
Em Uso: 2%

20231120_145226 [MaquinaT] Sistema operacional: Windows
Tempo de atividade: 2 days, 20:50:04

20231120_145226 [MemoriaT] Memoria
Em uso: 7,0 GiB
Disponível: 8,8 GiB
Total: 15,7 GiB

20231120_145226 [ProcessadorT] Carga do sistema está ok!
20231120_145226 [ProcessadorT] Fabricante: GenuineIntel
Nome: 11th Gen Intel(R) Core(TM) i5-1135G7 @ 2.40GHz
Frequência: 2.419 GHz
Em Uso: 2%

20231120_145226 [MaquinaT] Sistema operacional: Windows
Tempo de atividade: 2 days, 20:50:14

20231120_145226 [MemoriaT] Memoria
Em uso: 7,0 GiB
Disponível: 8,8 GiB
Total: 15,7 GiB

20231120_145226 [ProcessadorT] Carga do sistema está ok!
20231120_145226 [ProcessadorT] Fabricante: GenuineIntel
Nome: 11th Gen Intel(R) Core(TM) i5-1135G7 @ 2.40GHz
Frequência: 2.419 GHz
Em Uso: 4%

20231120_145226 [MaquinaT] Sistema operacional: Windows
Tempo de atividade: 2 days, 20:50:24

20231120_145226 [MemoriaT] Memoria
Em uso: 7,0 GiB
Disponível: 8,8 GiB
Total: 15,7 GiB

20231120_145226 [ProcessadorT] Carga do sistema está ok!
20231120_145226 [ProcessadorT] Fabricante: GenuineIntel
Nome: 11th Gen Intel(R) Core(TM) i5-1135G7 @ 2.40GHz
Frequência: 2.419 GHz
Em Uso: 3%

20231120_145226 [MaquinaT] Sistema operacional: Windows
Tempo de atividade: 2 days, 20:50:34

20231120_145226 [MemoriaT] Memoria
Em uso: 7,0 GiB
Disponível: 8,8 GiB
Total: 15,7 GiB

20231120_145226 [ProcessadorT] Carga do sistema está ok!
20231120_145226 [ProcessadorT] Fabricante: GenuineIntel
Nome: 11th Gen Intel(R) Core(TM) i5-1135G7 @ 2.40GHz
Frequência: 2.419 GHz
Em Uso: 11%

20231120_145226 [MaquinaT] Sistema operacional: Windows
Tempo de atividade: 2 days, 20:50:44

20231120_145226 [MemoriaT] Memoria
Em uso: 7,0 GiB
Disponível: 8,8 GiB
Total: 15,7 GiB

20231120_145226 [ProcessadorT] Carga do sistema está ok!
20231120_145226 [ProcessadorT] Fabricante: GenuineIntel
Nome: 11th Gen Intel(R) Core(TM) i5-1135G7 @ 2.40GHz
Frequência: 2.419 GHz
Em Uso: 3%

20231120_145226 [MaquinaT] Sistema operacional: Windows
Tempo de atividade: 2 days, 20:50:54

20231120_145226 [MemoriaT] Memoria
Em uso: 7,0 GiB
Disponível: 8,7 GiB
Total: 15,7 GiB

20231120_145226 [ProcessadorT] Carga do sistema está ok!
20231120_145226 [ProcessadorT] Fabricante: GenuineIntel
Nome: 11th Gen Intel(R) Core(TM) i5-1135G7 @ 2.40GHz
Frequência: 2.419 GHz
Em Uso: 10%

20231120_145226 [MaquinaT] Sistema operacional: Windows
Tempo de atividade: 2 days, 20:51:04

20231120_145226 [MemoriaT] Memoria
Em uso: 7,0 GiB
Disponível: 8,7 GiB
Total: 15,7 GiB

