20231123_190541 [Logger] Versão do programa: 1.1
20231123_190541 [MaquinaT] - [ALERTA] Totem em muito tempo de atividade
20231123_190541 [MaquinaT] Sistema operacional: Windows
Tempo de atividade: 2 days, 20:12:11

20231123_190541 [MemoriaT] Em uso: 7,6 GiB
Disponível: 8,2 GiB
Total: 15,7 GiB

20231123_190541 [Logger] Memoria Info: 
Em uso: 7,6 GiB
Disponível: 8,2 GiB
Total: 15,7 GiB

20231123_190541 [Logger] Dispositivos USB:
Dispositivos Conectados: [
Nome: USB Root Hub (USB 3.0)
Id produto: 0xa0ed
Número de série: 
Id de dispositivo exclusivo: USB\ROOT_HUB30\4&457D673&0&0
Fornecedor: (Standard USB HUBs)
Id fornecedor: 0x8086
, 
Nome: USB Root Hub (USB 3.0)
Id produto: 0x9a13
Número de série: 
Id de dispositivo exclusivo: USB\ROOT_HUB30\4&3CE02D8&0&0
Fornecedor: (Standard USB HUBs)
Id fornecedor: 0x8086
]
Total de Dispositivos USBs: 0

20231123_190541 [DiscoT] Disco Info: 

Nome: \\.\PHYSICALDRIVE0
Modelo: SAMSUNG MZVLQ256HAJD-000 (Unidades de disco padrão)
Serial: 3539_3130_5282_1624_0025_3858_0000_0001.
Tamanho: 256052966400
Leituras: 633636
Bytes de leitura: 22963297280
Escritas: 515977
Bytes de escritas: 23684860416
Tamanho atual da fila: 0
Tempo de transferência: 1692812

20231123_190541 [ProcessadorT] CPU Info: 
Fabricante: GenuineIntel
Modelo: 11th Gen Intel(R) Core(TM) i5-1135G7 @ 2.40GHz
Frequência: 2.419 GHz
Em Uso: 1%

20231123_190541 [MaquinaT] - [ALERTA] Totem em muito tempo de atividade
20231123_190541 [MaquinaT] Sistema operacional: Windows
Tempo de atividade: 2 days, 20:12:21

20231123_190541 [Logger] Memoria Info: 
Em uso: 7,6 GiB
Disponível: 8,1 GiB
Total: 15,7 GiB

20231123_190541 [DiscoT] Disco Info: 

Nome: \\.\PHYSICALDRIVE0
Modelo: SAMSUNG MZVLQ256HAJD-000 (Unidades de disco padrão)
Serial: 3539_3130_5282_1624_0025_3858_0000_0001.
Tamanho: 256052966400
Leituras: 633646
Bytes de leitura: 22963551232
Escritas: 516252
Bytes de escritas: 23705319936
Tamanho atual da fila: 0
Tempo de transferência: 1693910

20231123_190541 [ProcessadorT] CPU Info: 
Fabricante: GenuineIntel
Modelo: 11th Gen Intel(R) Core(TM) i5-1135G7 @ 2.40GHz
Frequência: 2.419 GHz
Em Uso: 1%

20231123_190541 [MaquinaT] - [ALERTA] Totem em muito tempo de atividade
20231123_190541 [MaquinaT] Sistema operacional: Windows
Tempo de atividade: 2 days, 20:12:31

20231123_190541 [Logger] Memoria Info: 
Em uso: 7,6 GiB
Disponível: 8,2 GiB
Total: 15,7 GiB

20231123_190541 [DiscoT] Disco Info: 

Nome: \\.\PHYSICALDRIVE0
Modelo: SAMSUNG MZVLQ256HAJD-000 (Unidades de disco padrão)
Serial: 3539_3130_5282_1624_0025_3858_0000_0001.
Tamanho: 256052966400
Leituras: 633646
Bytes de leitura: 22963551232
Escritas: 516324
Bytes de escritas: 23706155520
Tamanho atual da fila: 0
Tempo de transferência: 1694034

20231123_190541 [ProcessadorT] CPU Info: 
Fabricante: GenuineIntel
Modelo: 11th Gen Intel(R) Core(TM) i5-1135G7 @ 2.40GHz
Frequência: 2.419 GHz
Em Uso: 1%

20231123_190541 [MaquinaT] - [ALERTA] Totem em muito tempo de atividade
20231123_190541 [MaquinaT] Sistema operacional: Windows
Tempo de atividade: 2 days, 20:12:41

20231123_190541 [Logger] Memoria Info: 
Em uso: 7,6 GiB
Disponível: 8,1 GiB
Total: 15,7 GiB

20231123_190541 [DiscoT] Disco Info: 

Nome: \\.\PHYSICALDRIVE0
Modelo: SAMSUNG MZVLQ256HAJD-000 (Unidades de disco padrão)
Serial: 3539_3130_5282_1624_0025_3858_0000_0001.
Tamanho: 256052966400
Leituras: 633672
Bytes de leitura: 22964337664
Escritas: 516426
Bytes de escritas: 23707019776
Tamanho atual da fila: 0
Tempo de transferência: 1694264

20231123_190541 [ProcessadorT] CPU Info: 
Fabricante: GenuineIntel
Modelo: 11th Gen Intel(R) Core(TM) i5-1135G7 @ 2.40GHz
Frequência: 2.419 GHz
Em Uso: 0%

20231123_190541 [MaquinaT] - [ALERTA] Totem em muito tempo de atividade
20231123_190541 [MaquinaT] Sistema operacional: Windows
Tempo de atividade: 2 days, 20:12:51

20231123_190541 [Logger] Memoria Info: 
Em uso: 7,6 GiB
Disponível: 8,1 GiB
Total: 15,7 GiB

20231123_190541 [DiscoT] Disco Info: 

Nome: \\.\PHYSICALDRIVE0
Modelo: SAMSUNG MZVLQ256HAJD-000 (Unidades de disco padrão)
Serial: 3539_3130_5282_1624_0025_3858_0000_0001.
Tamanho: 256052966400
Leituras: 633689
Bytes de leitura: 22964796416
Escritas: 516602
Bytes de escritas: 23710837248
Tamanho atual da fila: 0
Tempo de transferência: 1694471

20231123_190541 [ProcessadorT] CPU Info: 
Fabricante: GenuineIntel
Modelo: 11th Gen Intel(R) Core(TM) i5-1135G7 @ 2.40GHz
Frequência: 2.419 GHz
Em Uso: 2%

20231123_190541 [MaquinaT] - [ALERTA] Totem em muito tempo de atividade
20231123_190541 [MaquinaT] Sistema operacional: Windows
Tempo de atividade: 2 days, 20:13:01

20231123_190541 [Logger] Memoria Info: 
Em uso: 7,9 GiB
Disponível: 7,9 GiB
Total: 15,7 GiB

20231123_190541 [DiscoT] Disco Info: 

Nome: \\.\PHYSICALDRIVE0
Modelo: SAMSUNG MZVLQ256HAJD-000 (Unidades de disco padrão)
Serial: 3539_3130_5282_1624_0025_3858_0000_0001.
Tamanho: 256052966400
Leituras: 633736
Bytes de leitura: 22966562304
Escritas: 516785
Bytes de escritas: 23713180160
Tamanho atual da fila: 0
Tempo de transferência: 1694736

20231123_190541 [ProcessadorT] CPU Info: 
Fabricante: GenuineIntel
Modelo: 11th Gen Intel(R) Core(TM) i5-1135G7 @ 2.40GHz
Frequência: 2.419 GHz
Em Uso: 2%

20231123_190541 [MaquinaT] - [ALERTA] Totem em muito tempo de atividade
20231123_190541 [MaquinaT] Sistema operacional: Windows
Tempo de atividade: 2 days, 20:13:11

20231123_190541 [Logger] Memoria Info: 
Em uso: 7,9 GiB
Disponível: 7,9 GiB
Total: 15,7 GiB

20231123_190541 [DiscoT] Disco Info: 

Nome: \\.\PHYSICALDRIVE0
Modelo: SAMSUNG MZVLQ256HAJD-000 (Unidades de disco padrão)
Serial: 3539_3130_5282_1624_0025_3858_0000_0001.
Tamanho: 256052966400
Leituras: 633899
Bytes de leitura: 22971025920
Escritas: 517847
Bytes de escritas: 23728560640
Tamanho atual da fila: 0
Tempo de transferência: 1695176

20231123_190541 [ProcessadorT] CPU Info: 
Fabricante: GenuineIntel
Modelo: 11th Gen Intel(R) Core(TM) i5-1135G7 @ 2.40GHz
Frequência: 2.419 GHz
Em Uso: 1%

20231123_190541 [MaquinaT] - [ALERTA] Totem em muito tempo de atividade
20231123_190541 [MaquinaT] Sistema operacional: Windows
Tempo de atividade: 2 days, 20:13:21

20231123_190541 [Logger] Memoria Info: 
Em uso: 7,9 GiB
Disponível: 7,8 GiB
Total: 15,7 GiB

20231123_190541 [DiscoT] Disco Info: 

Nome: \\.\PHYSICALDRIVE0
Modelo: SAMSUNG MZVLQ256HAJD-000 (Unidades de disco padrão)
Serial: 3539_3130_5282_1624_0025_3858_0000_0001.
Tamanho: 256052966400
Leituras: 634011
Bytes de leitura: 22974363136
Escritas: 518921
Bytes de escritas: 23738624512
Tamanho atual da fila: 0
Tempo de transferência: 1695470

20231123_190541 [ProcessadorT] CPU Info: 
Fabricante: GenuineIntel
Modelo: 11th Gen Intel(R) Core(TM) i5-1135G7 @ 2.40GHz
Frequência: 2.419 GHz
Em Uso: 5%

