20231123_180545 [Logger] Versão do programa: 1.0
20231123_180545 [MaquinaT] Sistema operacional: Windows
Tempo de atividade: 2 days, 19:12:15

20231123_180545 [MemoriaT] Em uso: 6,7 GiB
Disponível: 9,0 GiB
Total: 15,7 GiB

20231123_180545 [Logger] Memoria Info: 
Em uso: 6,7 GiB
Disponível: 9,0 GiB
Total: 15,7 GiB

20231123_180545 [Logger] Dispositivos USB:
Dispositivos Conectados: [
Nome: USB Root Hub (USB 3.0)
Id produto: 0xa0ed
Número de série: 
Id de dispositivo exclusivo: USB\ROOT_HUB30\4&457D673&0&0
Fornecedor: (Standard USB HUBs)
Id fornecedor: 0x8086
, 
Nome: USB Root Hub (USB 3.0)
Id produto: 0x9a13
Número de série: 
Id de dispositivo exclusivo: USB\ROOT_HUB30\4&3CE02D8&0&0
Fornecedor: (Standard USB HUBs)
Id fornecedor: 0x8086
]
Total de Dispositivos USBs: 0

20231123_180545 [DiscoT] Disco Info: 

Nome: \\.\PHYSICALDRIVE0
Modelo: SAMSUNG MZVLQ256HAJD-000 (Unidades de disco padrão)
Serial: 3539_3130_5282_1624_0025_3858_0000_0001.
Tamanho: 256052966400
Leituras: 609677
Bytes de leitura: 21928371200
Escritas: 452719
Bytes de escritas: 20139059200
Tamanho atual da fila: 0
Tempo de transferência: 1530318

20231123_180545 [ProcessadorT] CPU Info: 
Fabricante: GenuineIntel
Modelo: 11th Gen Intel(R) Core(TM) i5-1135G7 @ 2.40GHz
Frequência: 2.419 GHz
Em Uso: 2%

20231123_180545 [MaquinaT] Sistema operacional: Windows
Tempo de atividade: 2 days, 19:12:25

20231123_180545 [Logger] Memoria Info: 
Em uso: 6,7 GiB
Disponível: 9,0 GiB
Total: 15,7 GiB

20231123_180545 [DiscoT] Disco Info: 

Nome: \\.\PHYSICALDRIVE0
Modelo: SAMSUNG MZVLQ256HAJD-000 (Unidades de disco padrão)
Serial: 3539_3130_5282_1624_0025_3858_0000_0001.
Tamanho: 256052966400
Leituras: 609687
Bytes de leitura: 21928608768
Escritas: 452887
Bytes de escritas: 20141107200
Tamanho atual da fila: 0
Tempo de transferência: 1530494

