20231123_200436✅ [Logger] Versão do programa: 1.1
20231123_200436✘WARNING: [31m[ALERTA] Totem em muito tempo de atividade[0m [MaquinaT] 
20231123_200436✅ [MaquinaT] Sistema operacional: Windows
Tempo de atividade: 2 days, 21:11:06

20231123_200436✅ [MemoriaT] Em uso: 8,3 GiB
Disponível: 7,5 GiB
Total: 15,7 GiB

20231123_200436✅ [Logger] Memoria Info: 
Em uso: 8,3 GiB
Disponível: 7,5 GiB
Total: 15,7 GiB

20231123_200436✅ [Logger] Dispositivos USB:
Dispositivos Conectados: [
Nome: USB Root Hub (USB 3.0)
Id produto: 0xa0ed
Número de série: 
Id de dispositivo exclusivo: USB\ROOT_HUB30\4&457D673&0&0
Fornecedor: (Standard USB HUBs)
Id fornecedor: 0x8086
, 
Nome: USB Root Hub (USB 3.0)
Id produto: 0x9a13
Número de série: 
Id de dispositivo exclusivo: USB\ROOT_HUB30\4&3CE02D8&0&0
Fornecedor: (Standard USB HUBs)
Id fornecedor: 0x8086
]
Total de Dispositivos USBs: 0

20231123_200436✅ [DiscoT] Disco Info: 

Nome: \\.\PHYSICALDRIVE0
Modelo: SAMSUNG MZVLQ256HAJD-000 (Unidades de disco padrão)
Serial: 3539_3130_5282_1624_0025_3858_0000_0001.
Tamanho: 256052966400
Leituras: 724850
Bytes de leitura: 24116051456
Escritas: 617281
Bytes de escritas: 32423287296
Tamanho atual da fila: 0
Tempo de transferência: 1871962

20231123_200436✅ [ProcessadorT] CPU Info: 
Fabricante: GenuineIntel
Modelo: 11th Gen Intel(R) Core(TM) i5-1135G7 @ 2.40GHz
Frequência: 2.419 GHz
Em Uso: 2%

20231123_200436✘WARNING: [31m[ALERTA] Totem em muito tempo de atividade[0m [MaquinaT] 
20231123_200436✅ [MaquinaT] Sistema operacional: Windows
Tempo de atividade: 2 days, 21:11:16

20231123_200436✅ [Logger] Memoria Info: 
Em uso: 8,4 GiB
Disponível: 7,4 GiB
Total: 15,7 GiB

20231123_200436✅ [DiscoT] Disco Info: 

Nome: \\.\PHYSICALDRIVE0
Modelo: SAMSUNG MZVLQ256HAJD-000 (Unidades de disco padrão)
Serial: 3539_3130_5282_1624_0025_3858_0000_0001.
Tamanho: 256052966400
Leituras: 724862
Bytes de leitura: 24116362752
Escritas: 617438
Bytes de escritas: 32424999424
Tamanho atual da fila: 0
Tempo de transferência: 1872232

20231123_200436✅ [ProcessadorT] CPU Info: 
Fabricante: GenuineIntel
Modelo: 11th Gen Intel(R) Core(TM) i5-1135G7 @ 2.40GHz
Frequência: 2.419 GHz
Em Uso: 2%

20231123_200436✘WARNING: [31m[ALERTA] Totem em muito tempo de atividade[0m [MaquinaT] 
20231123_200436✅ [MaquinaT] Sistema operacional: Windows
Tempo de atividade: 2 days, 21:11:26

20231123_200436✅ [Logger] Memoria Info: 
Em uso: 7,4 GiB
Disponível: 8,3 GiB
Total: 15,7 GiB

20231123_200436✅ [DiscoT] Disco Info: 

Nome: \\.\PHYSICALDRIVE0
Modelo: SAMSUNG MZVLQ256HAJD-000 (Unidades de disco padrão)
Serial: 3539_3130_5282_1624_0025_3858_0000_0001.
Tamanho: 256052966400
Leituras: 724909
Bytes de leitura: 24117755392
Escritas: 617705
Bytes de escritas: 32429050368
Tamanho atual da fila: 0
Tempo de transferência: 1872566

