20231123_193610 [Logger] Versão do programa: 1.1
20231123_193610WARNING: [ALERTA] Totem em muito tempo de atividade [MaquinaT] 
20231123_193610 [MaquinaT] Sistema operacional: Windows
Tempo de atividade: 2 days, 20:42:40

20231123_193610 [MemoriaT] Em uso: 10,6 GiB
Disponível: 5,1 GiB
Total: 15,7 GiB

20231123_193610 [Logger] Memoria Info: 
Em uso: 10,6 GiB
Disponível: 5,1 GiB
Total: 15,7 GiB

20231123_193610 [Logger] Dispositivos USB:
Dispositivos Conectados: [
Nome: USB Root Hub (USB 3.0)
Id produto: 0xa0ed
Número de série: 
Id de dispositivo exclusivo: USB\ROOT_HUB30\4&457D673&0&0
Fornecedor: (Standard USB HUBs)
Id fornecedor: 0x8086
, 
Nome: USB Root Hub (USB 3.0)
Id produto: 0x9a13
Número de série: 
Id de dispositivo exclusivo: USB\ROOT_HUB30\4&3CE02D8&0&0
Fornecedor: (Standard USB HUBs)
Id fornecedor: 0x8086
]
Total de Dispositivos USBs: 0

20231123_193610 [DiscoT] Disco Info: 

Nome: \\.\PHYSICALDRIVE0
Modelo: SAMSUNG MZVLQ256HAJD-000 (Unidades de disco padrão)
Serial: 3539_3130_5282_1624_0025_3858_0000_0001.
Tamanho: 256052966400
Leituras: 652699
Bytes de leitura: 23532469248
Escritas: 581934
Bytes de escritas: 28325569536
Tamanho atual da fila: 0
Tempo de transferência: 1794119

20231123_193610 [ProcessadorT] CPU Info: 
Fabricante: GenuineIntel
Modelo: 11th Gen Intel(R) Core(TM) i5-1135G7 @ 2.40GHz
Frequência: 2.419 GHz
Em Uso: 2%

20231123_193610WARNING: [ALERTA] Totem em muito tempo de atividade [MaquinaT] 
20231123_193610 [MaquinaT] Sistema operacional: Windows
Tempo de atividade: 2 days, 20:42:50

20231123_193610 [Logger] Memoria Info: 
Em uso: 10,6 GiB
Disponível: 5,1 GiB
Total: 15,7 GiB

20231123_193610 [DiscoT] Disco Info: 

Nome: \\.\PHYSICALDRIVE0
Modelo: SAMSUNG MZVLQ256HAJD-000 (Unidades de disco padrão)
Serial: 3539_3130_5282_1624_0025_3858_0000_0001.
Tamanho: 256052966400
Leituras: 652700
Bytes de leitura: 23532534784
Escritas: 582177
Bytes de escritas: 28350944256
Tamanho atual da fila: 0
Tempo de transferência: 1794695

20231123_193610 [ProcessadorT] CPU Info: 
Fabricante: GenuineIntel
Modelo: 11th Gen Intel(R) Core(TM) i5-1135G7 @ 2.40GHz
Frequência: 2.419 GHz
Em Uso: 2%

20231123_193610WARNING: [ALERTA] Totem em muito tempo de atividade [MaquinaT] 
20231123_193610 [MaquinaT] Sistema operacional: Windows
Tempo de atividade: 2 days, 20:43:00

20231123_193610 [Logger] Memoria Info: 
Em uso: 10,6 GiB
Disponível: 5,1 GiB
Total: 15,7 GiB

20231123_193610 [DiscoT] Disco Info: 

Nome: \\.\PHYSICALDRIVE0
Modelo: SAMSUNG MZVLQ256HAJD-000 (Unidades de disco padrão)
Serial: 3539_3130_5282_1624_0025_3858_0000_0001.
Tamanho: 256052966400
Leituras: 652700
Bytes de leitura: 23532534784
Escritas: 582255
Bytes de escritas: 28353250304
Tamanho atual da fila: 0
Tempo de transferência: 1794865

20231123_193610 [ProcessadorT] CPU Info: 
Fabricante: GenuineIntel
Modelo: 11th Gen Intel(R) Core(TM) i5-1135G7 @ 2.40GHz
Frequência: 2.419 GHz
Em Uso: 1%

20231123_193610WARNING: [ALERTA] Totem em muito tempo de atividade [MaquinaT] 
20231123_193610 [MaquinaT] Sistema operacional: Windows
Tempo de atividade: 2 days, 20:43:10

20231123_193610 [Logger] Memoria Info: 
Em uso: 10,6 GiB
Disponível: 5,1 GiB
Total: 15,7 GiB

20231123_193610 [DiscoT] Disco Info: 

Nome: \\.\PHYSICALDRIVE0
Modelo: SAMSUNG MZVLQ256HAJD-000 (Unidades de disco padrão)
Serial: 3539_3130_5282_1624_0025_3858_0000_0001.
Tamanho: 256052966400
Leituras: 652712
Bytes de leitura: 23532841984
Escritas: 582403
Bytes de escritas: 28371837952
Tamanho atual da fila: 0
Tempo de transferência: 1795317

20231123_193610 [ProcessadorT] CPU Info: 
Fabricante: GenuineIntel
Modelo: 11th Gen Intel(R) Core(TM) i5-1135G7 @ 2.40GHz
Frequência: 2.419 GHz
Em Uso: 2%

20231123_193610WARNING: [ALERTA] Totem em muito tempo de atividade [MaquinaT] 
20231123_193610 [MaquinaT] Sistema operacional: Windows
Tempo de atividade: 2 days, 20:43:20

20231123_193610 [Logger] Memoria Info: 
Em uso: 10,6 GiB
Disponível: 5,1 GiB
Total: 15,7 GiB

20231123_193610 [DiscoT] Disco Info: 

Nome: \\.\PHYSICALDRIVE0
Modelo: SAMSUNG MZVLQ256HAJD-000 (Unidades de disco padrão)
Serial: 3539_3130_5282_1624_0025_3858_0000_0001.
Tamanho: 256052966400
Leituras: 652721
Bytes de leitura: 23533063168
Escritas: 582591
Bytes de escritas: 28387742720
Tamanho atual da fila: 0
Tempo de transferência: 1795630

20231123_193610 [ProcessadorT] CPU Info: 
Fabricante: GenuineIntel
Modelo: 11th Gen Intel(R) Core(TM) i5-1135G7 @ 2.40GHz
Frequência: 2.419 GHz
Em Uso: 0%

20231123_193610WARNING: [ALERTA] Totem em muito tempo de atividade [MaquinaT] 
20231123_193610 [MaquinaT] Sistema operacional: Windows
Tempo de atividade: 2 days, 20:43:30

20231123_193610 [Logger] Memoria Info: 
Em uso: 10,6 GiB
Disponível: 5,1 GiB
Total: 15,7 GiB

20231123_193610 [DiscoT] Disco Info: 

Nome: \\.\PHYSICALDRIVE0
Modelo: SAMSUNG MZVLQ256HAJD-000 (Unidades de disco padrão)
Serial: 3539_3130_5282_1624_0025_3858_0000_0001.
Tamanho: 256052966400
Leituras: 652721
Bytes de leitura: 23533063168
Escritas: 582784
Bytes de escritas: 28416918528
Tamanho atual da fila: 0
Tempo de transferência: 1796067

20231123_193610 [ProcessadorT] CPU Info: 
Fabricante: GenuineIntel
Modelo: 11th Gen Intel(R) Core(TM) i5-1135G7 @ 2.40GHz
Frequência: 2.419 GHz
Em Uso: 1%

20231123_193610WARNING: [ALERTA] Totem em muito tempo de atividade [MaquinaT] 
20231123_193610 [MaquinaT] Sistema operacional: Windows
Tempo de atividade: 2 days, 20:43:40

20231123_193610 [Logger] Memoria Info: 
Em uso: 10,6 GiB
Disponível: 5,1 GiB
Total: 15,7 GiB

20231123_193610 [DiscoT] Disco Info: 

Nome: \\.\PHYSICALDRIVE0
Modelo: SAMSUNG MZVLQ256HAJD-000 (Unidades de disco padrão)
Serial: 3539_3130_5282_1624_0025_3858_0000_0001.
Tamanho: 256052966400
Leituras: 652721
Bytes de leitura: 23533063168
Escritas: 582972
Bytes de escritas: 28459394048
Tamanho atual da fila: 0
Tempo de transferência: 1796558

20231123_193610 [ProcessadorT] CPU Info: 
Fabricante: GenuineIntel
Modelo: 11th Gen Intel(R) Core(TM) i5-1135G7 @ 2.40GHz
Frequência: 2.419 GHz
Em Uso: 2%

20231123_193610WARNING: [ALERTA] Totem em muito tempo de atividade [MaquinaT] 
20231123_193610 [MaquinaT] Sistema operacional: Windows
Tempo de atividade: 2 days, 20:43:50

20231123_193610 [Logger] Memoria Info: 
Em uso: 10,6 GiB
Disponível: 5,1 GiB
Total: 15,7 GiB

20231123_193610 [DiscoT] Disco Info: 

Nome: \\.\PHYSICALDRIVE0
Modelo: SAMSUNG MZVLQ256HAJD-000 (Unidades de disco padrão)
Serial: 3539_3130_5282_1624_0025_3858_0000_0001.
Tamanho: 256052966400
Leituras: 652727
Bytes de leitura: 23533169664
Escritas: 583057
Bytes de escritas: 28474569728
Tamanho atual da fila: 0
Tempo de transferência: 1796790

20231123_193610 [ProcessadorT] CPU Info: 
Fabricante: GenuineIntel
Modelo: 11th Gen Intel(R) Core(TM) i5-1135G7 @ 2.40GHz
Frequência: 2.419 GHz
Em Uso: 14%

20231123_193610WARNING: [ALERTA] Totem em muito tempo de atividade [MaquinaT] 
20231123_193610 [MaquinaT] Sistema operacional: Windows
Tempo de atividade: 2 days, 20:44:00

20231123_193610 [Logger] Memoria Info: 
Em uso: 10,6 GiB
Disponível: 5,1 GiB
Total: 15,7 GiB

20231123_193610 [DiscoT] Disco Info: 

Nome: \\.\PHYSICALDRIVE0
Modelo: SAMSUNG MZVLQ256HAJD-000 (Unidades de disco padrão)
Serial: 3539_3130_5282_1624_0025_3858_0000_0001.
Tamanho: 256052966400
Leituras: 652727
Bytes de leitura: 23533169664
Escritas: 583181
Bytes de escritas: 28489270272
Tamanho atual da fila: 0
Tempo de transferência: 1797034

20231123_193610 [ProcessadorT] CPU Info: 
Fabricante: GenuineIntel
Modelo: 11th Gen Intel(R) Core(TM) i5-1135G7 @ 2.40GHz
Frequência: 2.419 GHz
Em Uso: 5%

20231123_193610WARNING: [ALERTA] Totem em muito tempo de atividade [MaquinaT] 
20231123_193610 [MaquinaT] Sistema operacional: Windows
Tempo de atividade: 2 days, 20:44:10

20231123_193610 [Logger] Memoria Info: 
Em uso: 10,6 GiB
Disponível: 5,1 GiB
Total: 15,7 GiB

20231123_193610 [DiscoT] Disco Info: 

Nome: \\.\PHYSICALDRIVE0
Modelo: SAMSUNG MZVLQ256HAJD-000 (Unidades de disco padrão)
Serial: 3539_3130_5282_1624_0025_3858_0000_0001.
Tamanho: 256052966400
Leituras: 652727
Bytes de leitura: 23533169664
Escritas: 583496
Bytes de escritas: 28520576000
Tamanho atual da fila: 0
Tempo de transferência: 1797497

20231123_193610 [ProcessadorT] CPU Info: 
Fabricante: GenuineIntel
Modelo: 11th Gen Intel(R) Core(TM) i5-1135G7 @ 2.40GHz
Frequência: 2.419 GHz
Em Uso: 10%

20231123_193610WARNING: [ALERTA] Totem em muito tempo de atividade [MaquinaT] 
20231123_193610 [MaquinaT] Sistema operacional: Windows
Tempo de atividade: 2 days, 20:44:20

20231123_193610 [Logger] Memoria Info: 
Em uso: 10,6 GiB
Disponível: 5,1 GiB
Total: 15,7 GiB

20231123_193610 [DiscoT] Disco Info: 

Nome: \\.\PHYSICALDRIVE0
Modelo: SAMSUNG MZVLQ256HAJD-000 (Unidades de disco padrão)
Serial: 3539_3130_5282_1624_0025_3858_0000_0001.
Tamanho: 256052966400
Leituras: 652728
Bytes de leitura: 23533173760
Escritas: 583698
Bytes de escritas: 28562813952
Tamanho atual da fila: 0
Tempo de transferência: 1798129

20231123_193610 [ProcessadorT] CPU Info: 
Fabricante: GenuineIntel
Modelo: 11th Gen Intel(R) Core(TM) i5-1135G7 @ 2.40GHz
Frequência: 2.419 GHz
Em Uso: 7%

20231123_193610WARNING: [ALERTA] Totem em muito tempo de atividade [MaquinaT] 
20231123_193610 [MaquinaT] Sistema operacional: Windows
Tempo de atividade: 2 days, 20:44:30

20231123_193610 [Logger] Memoria Info: 
Em uso: 10,5 GiB
Disponível: 5,2 GiB
Total: 15,7 GiB

20231123_193610 [DiscoT] Disco Info: 

Nome: \\.\PHYSICALDRIVE0
Modelo: SAMSUNG MZVLQ256HAJD-000 (Unidades de disco padrão)
Serial: 3539_3130_5282_1624_0025_3858_0000_0001.
Tamanho: 256052966400
Leituras: 652729
Bytes de leitura: 23533206528
Escritas: 583861
Bytes de escritas: 28573385728
Tamanho atual da fila: 0
Tempo de transferência: 1798322

20231123_193610 [ProcessadorT] CPU Info: 
Fabricante: GenuineIntel
Modelo: 11th Gen Intel(R) Core(TM) i5-1135G7 @ 2.40GHz
Frequência: 2.419 GHz
Em Uso: 2%

