20231123_185602 [Logger] Versão do programa: 1.0
20231123_185602 [MaquinaT] Sistema operacional: Windows
Tempo de atividade: 2 days, 20:02:32

20231123_185602 [MemoriaT] Em uso: 7,2 GiB
Disponível: 8,5 GiB
Total: 15,7 GiB

20231123_185602 [Logger] Memoria Info: 
Em uso: 7,2 GiB
Disponível: 8,5 GiB
Total: 15,7 GiB

20231123_185602 [Logger] Dispositivos USB:
Dispositivos Conectados: [
Nome: USB Root Hub (USB 3.0)
Id produto: 0xa0ed
Número de série: 
Id de dispositivo exclusivo: USB\ROOT_HUB30\4&457D673&0&0
Fornecedor: (Standard USB HUBs)
Id fornecedor: 0x8086
, 
Nome: USB Root Hub (USB 3.0)
Id produto: 0x9a13
Número de série: 
Id de dispositivo exclusivo: USB\ROOT_HUB30\4&3CE02D8&0&0
Fornecedor: (Standard USB HUBs)
Id fornecedor: 0x8086
]
Total de Dispositivos USBs: 0

20231123_185602 [DiscoT] Disco Info: 

Nome: \\.\PHYSICALDRIVE0
Modelo: SAMSUNG MZVLQ256HAJD-000 (Unidades de disco padrão)
Serial: 3539_3130_5282_1624_0025_3858_0000_0001.
Tamanho: 256052966400
Leituras: 625945
Bytes de leitura: 22521146368
Escritas: 499054
Bytes de escritas: 22618587136
Tamanho atual da fila: 0
Tempo de transferência: 1636774

20231123_185602 [ProcessadorT] CPU Info: 
Fabricante: GenuineIntel
Modelo: 11th Gen Intel(R) Core(TM) i5-1135G7 @ 2.40GHz
Frequência: 2.419 GHz
Em Uso: 24%

20231123_185602 [MaquinaT] Sistema operacional: Windows
Tempo de atividade: 2 days, 20:02:42

20231123_185602 [Logger] Memoria Info: 
Em uso: 8,0 GiB
Disponível: 7,8 GiB
Total: 15,7 GiB

20231123_185602 [DiscoT] Disco Info: 

Nome: \\.\PHYSICALDRIVE0
Modelo: SAMSUNG MZVLQ256HAJD-000 (Unidades de disco padrão)
Serial: 3539_3130_5282_1624_0025_3858_0000_0001.
Tamanho: 256052966400
Leituras: 630641
Bytes de leitura: 22902812160
Escritas: 503261
Bytes de escritas: 22665417216
Tamanho atual da fila: 0
Tempo de transferência: 1672393

20231123_185602 [ProcessadorT] CPU Info: 
Fabricante: GenuineIntel
Modelo: 11th Gen Intel(R) Core(TM) i5-1135G7 @ 2.40GHz
Frequência: 2.419 GHz
Em Uso: 24%

20231123_185602 [MaquinaT] Sistema operacional: Windows
Tempo de atividade: 2 days, 20:02:52

20231123_185602 [Logger] Memoria Info: 
Em uso: 8,4 GiB
Disponível: 7,4 GiB
Total: 15,7 GiB

20231123_185602 [DiscoT] Disco Info: 

Nome: \\.\PHYSICALDRIVE0
Modelo: SAMSUNG MZVLQ256HAJD-000 (Unidades de disco padrão)
Serial: 3539_3130_5282_1624_0025_3858_0000_0001.
Tamanho: 256052966400
Leituras: 631708
Bytes de leitura: 22929414144
Escritas: 504111
Bytes de escritas: 22681708544
Tamanho atual da fila: 0
Tempo de transferência: 1673006

20231123_185602 [ProcessadorT] CPU Info: 
Fabricante: GenuineIntel
Modelo: 11th Gen Intel(R) Core(TM) i5-1135G7 @ 2.40GHz
Frequência: 2.419 GHz
Em Uso: 66%

20231123_185602 [MaquinaT] Sistema operacional: Windows
Tempo de atividade: 2 days, 20:03:02

20231123_185602 [Logger] Memoria Info: 
Em uso: 8,7 GiB
Disponível: 7,1 GiB
Total: 15,7 GiB

20231123_185602 [DiscoT] Disco Info: 

Nome: \\.\PHYSICALDRIVE0
Modelo: SAMSUNG MZVLQ256HAJD-000 (Unidades de disco padrão)
Serial: 3539_3130_5282_1624_0025_3858_0000_0001.
Tamanho: 256052966400
Leituras: 632245
Bytes de leitura: 22936762368
Escritas: 505371
Bytes de escritas: 22691749376
Tamanho atual da fila: 0
Tempo de transferência: 1673404

20231123_185602 [ProcessadorT] CPU Info: 
Fabricante: GenuineIntel
Modelo: 11th Gen Intel(R) Core(TM) i5-1135G7 @ 2.40GHz
Frequência: 2.419 GHz
Em Uso: 32%

