20231123_185044 [Logger] Versão do programa: 1.0
20231123_185044 [MaquinaT] Sistema operacional: Windows
Tempo de atividade: 2 days, 19:57:14

20231123_185044 [MemoriaT] Em uso: 7,3 GiB
Disponível: 8,5 GiB
Total: 15,7 GiB

20231123_185044 [Logger] Memoria Info: 
Em uso: 7,3 GiB
Disponível: 8,5 GiB
Total: 15,7 GiB

20231123_185044 [Logger] Dispositivos USB:
Dispositivos Conectados: [
Nome: USB Root Hub (USB 3.0)
Id produto: 0xa0ed
Número de série: 
Id de dispositivo exclusivo: USB\ROOT_HUB30\4&457D673&0&0
Fornecedor: (Standard USB HUBs)
Id fornecedor: 0x8086
, 
Nome: USB Root Hub (USB 3.0)
Id produto: 0x9a13
Número de série: 
Id de dispositivo exclusivo: USB\ROOT_HUB30\4&3CE02D8&0&0
Fornecedor: (Standard USB HUBs)
Id fornecedor: 0x8086
]
Total de Dispositivos USBs: 0

20231123_185044 [DiscoT] Disco Info: 

Nome: \\.\PHYSICALDRIVE0
Modelo: SAMSUNG MZVLQ256HAJD-000 (Unidades de disco padrão)
Serial: 3539_3130_5282_1624_0025_3858_0000_0001.
Tamanho: 256052966400
Leituras: 625554
Bytes de leitura: 22515932160
Escritas: 495095
Bytes de escritas: 22221332480
Tamanho atual da fila: 0
Tempo de transferência: 1628576

20231123_185044 [ProcessadorT] CPU Info: 
Fabricante: GenuineIntel
Modelo: 11th Gen Intel(R) Core(TM) i5-1135G7 @ 2.40GHz
Frequência: 2.419 GHz
Em Uso: 1%

20231123_185044 [MaquinaT] Sistema operacional: Windows
Tempo de atividade: 2 days, 19:57:24

20231123_185044 [Logger] Memoria Info: 
Em uso: 7,3 GiB
Disponível: 8,4 GiB
Total: 15,7 GiB

20231123_185044 [DiscoT] Disco Info: 

Nome: \\.\PHYSICALDRIVE0
Modelo: SAMSUNG MZVLQ256HAJD-000 (Unidades de disco padrão)
Serial: 3539_3130_5282_1624_0025_3858_0000_0001.
Tamanho: 256052966400
Leituras: 625554
Bytes de leitura: 22515932160
Escritas: 495393
Bytes de escritas: 22223695872
Tamanho atual da fila: 0
Tempo de transferência: 1628775

20231123_185044 [ProcessadorT] CPU Info: 
Fabricante: GenuineIntel
Modelo: 11th Gen Intel(R) Core(TM) i5-1135G7 @ 2.40GHz
Frequência: 2.419 GHz
Em Uso: 1%

