20231123_200858✅ [Logger] Versão do programa: 1.1
20231123_200858✘[ALERTA] Totem em muito tempo de atividade
20231123_200858✅ [MaquinaT] Sistema operacional: Windows
Tempo de atividade: 2 days, 21:15:28

20231123_200858✅ [MemoriaT] Em uso: 7,4 GiB
Disponível: 8,3 GiB
Total: 15,7 GiB

20231123_200858✅ [Logger] Memoria Info: 
Em uso: 7,4 GiB
Disponível: 8,3 GiB
Total: 15,7 GiB

20231123_200858✅ [Logger] Dispositivos USB:
Dispositivos Conectados: [
Nome: USB Root Hub (USB 3.0)
Id produto: 0xa0ed
Número de série: 
Id de dispositivo exclusivo: USB\ROOT_HUB30\4&457D673&0&0
Fornecedor: (Standard USB HUBs)
Id fornecedor: 0x8086
, 
Nome: USB Root Hub (USB 3.0)
Id produto: 0x9a13
Número de série: 
Id de dispositivo exclusivo: USB\ROOT_HUB30\4&3CE02D8&0&0
Fornecedor: (Standard USB HUBs)
Id fornecedor: 0x8086
]
Total de Dispositivos USBs: 0

20231123_200858✅ [DiscoT] Disco Info: 

Nome: \\.\PHYSICALDRIVE0
Modelo: SAMSUNG MZVLQ256HAJD-000 (Unidades de disco padrão)
Serial: 3539_3130_5282_1624_0025_3858_0000_0001.
Tamanho: 256052966400
Leituras: 724963
Bytes de leitura: 24119032832
Escritas: 621671
Bytes de escritas: 32958446080
Tamanho atual da fila: 0
Tempo de transferência: 1883926

20231123_200858✅ [ProcessadorT] CPU Info: 
Fabricante: GenuineIntel
Modelo: 11th Gen Intel(R) Core(TM) i5-1135G7 @ 2.40GHz
Frequência: 2.419 GHz
Em Uso: 4%

