20231123_192832 [Logger] Versão do programa: 1.1
20231123_192832 [MaquinaT] - [ALERTA] Totem em muito tempo de atividade
20231123_192832 [MaquinaT] Sistema operacional: Windows
Tempo de atividade: 2 days, 20:35:02

20231123_192832 [MemoriaT] Em uso: 10,7 GiB
Disponível: 5,1 GiB
Total: 15,7 GiB

20231123_192832 [Logger] Memoria Info: 
Em uso: 10,7 GiB
Disponível: 5,1 GiB
Total: 15,7 GiB

20231123_192832 [Logger] Dispositivos USB:
Dispositivos Conectados: [
Nome: USB Root Hub (USB 3.0)
Id produto: 0xa0ed
Número de série: 
Id de dispositivo exclusivo: USB\ROOT_HUB30\4&457D673&0&0
Fornecedor: (Standard USB HUBs)
Id fornecedor: 0x8086
, 
Nome: USB Root Hub (USB 3.0)
Id produto: 0x9a13
Número de série: 
Id de dispositivo exclusivo: USB\ROOT_HUB30\4&3CE02D8&0&0
Fornecedor: (Standard USB HUBs)
Id fornecedor: 0x8086
]
Total de Dispositivos USBs: 0

20231123_192832 [DiscoT] Disco Info: 

Nome: \\.\PHYSICALDRIVE0
Modelo: SAMSUNG MZVLQ256HAJD-000 (Unidades de disco padrão)
Serial: 3539_3130_5282_1624_0025_3858_0000_0001.
Tamanho: 256052966400
Leituras: 651638
Bytes de leitura: 23511723008
Escritas: 570720
Bytes de escritas: 26864190464
Tamanho atual da fila: 0
Tempo de transferência: 1768840

20231123_192832 [ProcessadorT] CPU Info: 
Fabricante: GenuineIntel
Modelo: 11th Gen Intel(R) Core(TM) i5-1135G7 @ 2.40GHz
Frequência: 2.419 GHz
Em Uso: 3%

20231123_192832 [MaquinaT] - [ALERTA] Totem em muito tempo de atividade
20231123_192832 [MaquinaT] Sistema operacional: Windows
Tempo de atividade: 2 days, 20:35:12

20231123_192832 [Logger] Memoria Info: 
Em uso: 10,7 GiB
Disponível: 5,1 GiB
Total: 15,7 GiB

20231123_192832 [DiscoT] Disco Info: 

Nome: \\.\PHYSICALDRIVE0
Modelo: SAMSUNG MZVLQ256HAJD-000 (Unidades de disco padrão)
Serial: 3539_3130_5282_1624_0025_3858_0000_0001.
Tamanho: 256052966400
Leituras: 651638
Bytes de leitura: 23511723008
Escritas: 570960
Bytes de escritas: 26885075968
Tamanho atual da fila: 0
Tempo de transferência: 1769338

20231123_192832 [ProcessadorT] CPU Info: 
Fabricante: GenuineIntel
Modelo: 11th Gen Intel(R) Core(TM) i5-1135G7 @ 2.40GHz
Frequência: 2.419 GHz
Em Uso: 3%

