20231123_191626 [Logger] Versão do programa: 1.1
20231123_191626 [MaquinaT] - [ALERTA] Totem em muito tempo de atividade
20231123_191626 [MaquinaT] Sistema operacional: Windows
Tempo de atividade: 2 days, 20:22:56

20231123_191626 [MemoriaT] Em uso: 8,1 GiB
Disponível: 7,6 GiB
Total: 15,7 GiB

20231123_191626 [Logger] Memoria Info: 
Em uso: 8,1 GiB
Disponível: 7,6 GiB
Total: 15,7 GiB

20231123_191626 [Logger] Dispositivos USB:
Dispositivos Conectados: [
Nome: USB Root Hub (USB 3.0)
Id produto: 0xa0ed
Número de série: 
Id de dispositivo exclusivo: USB\ROOT_HUB30\4&457D673&0&0
Fornecedor: (Standard USB HUBs)
Id fornecedor: 0x8086
, 
Nome: USB Root Hub (USB 3.0)
Id produto: 0x9a13
Número de série: 
Id de dispositivo exclusivo: USB\ROOT_HUB30\4&3CE02D8&0&0
Fornecedor: (Standard USB HUBs)
Id fornecedor: 0x8086
]
Total de Dispositivos USBs: 0

20231123_191626 [DiscoT] Disco Info: 

Nome: \\.\PHYSICALDRIVE0
Modelo: SAMSUNG MZVLQ256HAJD-000 (Unidades de disco padrão)
Serial: 3539_3130_5282_1624_0025_3858_0000_0001.
Tamanho: 256052966400
Leituras: 645632
Bytes de leitura: 23385817600
Escritas: 541307
Bytes de escritas: 25135554560
Tamanho atual da fila: 0
Tempo de transferência: 1732335

20231123_191626 [ProcessadorT] CPU Info: 
Fabricante: GenuineIntel
Modelo: 11th Gen Intel(R) Core(TM) i5-1135G7 @ 2.40GHz
Frequência: 2.419 GHz
Em Uso: 2%

20231123_191626 [MaquinaT] - [ALERTA] Totem em muito tempo de atividade
20231123_191626 [MaquinaT] Sistema operacional: Windows
Tempo de atividade: 2 days, 20:23:06

20231123_191626 [Logger] Memoria Info: 
Em uso: 9,3 GiB
Disponível: 6,4 GiB
Total: 15,7 GiB

20231123_191626 [DiscoT] Disco Info: 

Nome: \\.\PHYSICALDRIVE0
Modelo: SAMSUNG MZVLQ256HAJD-000 (Unidades de disco padrão)
Serial: 3539_3130_5282_1624_0025_3858_0000_0001.
Tamanho: 256052966400
Leituras: 646242
Bytes de leitura: 23401070592
Escritas: 543103
Bytes de escritas: 25167600128
Tamanho atual da fila: 0
Tempo de transferência: 1733219

20231123_191626 [ProcessadorT] CPU Info: 
Fabricante: GenuineIntel
Modelo: 11th Gen Intel(R) Core(TM) i5-1135G7 @ 2.40GHz
Frequência: 2.419 GHz
Em Uso: 2%

20231123_191626 [MaquinaT] - [ALERTA] Totem em muito tempo de atividade
20231123_191626 [MaquinaT] Sistema operacional: Windows
Tempo de atividade: 2 days, 20:23:16

20231123_191626 [Logger] Memoria Info: 
Em uso: 10,4 GiB
Disponível: 5,4 GiB
Total: 15,7 GiB

20231123_191626 [DiscoT] Disco Info: 

Nome: \\.\PHYSICALDRIVE0
Modelo: SAMSUNG MZVLQ256HAJD-000 (Unidades de disco padrão)
Serial: 3539_3130_5282_1624_0025_3858_0000_0001.
Tamanho: 256052966400
Leituras: 646537
Bytes de leitura: 23408359936
Escritas: 545580
Bytes de escritas: 25211883520
Tamanho atual da fila: 0
Tempo de transferência: 1734182

20231123_191626 [ProcessadorT] [ALERTA] Carga do sistema atingiu 100%
20231123_191626 [MaquinaT] - [ALERTA] Totem em muito tempo de atividade
20231123_191626 [MaquinaT] Sistema operacional: Windows
Tempo de atividade: 2 days, 20:23:26

20231123_191626 [Logger] Memoria Info: 
Em uso: 10,9 GiB
Disponível: 4,9 GiB
Total: 15,7 GiB

20231123_191626 [DiscoT] Disco Info: 

Nome: \\.\PHYSICALDRIVE0
Modelo: SAMSUNG MZVLQ256HAJD-000 (Unidades de disco padrão)
Serial: 3539_3130_5282_1624_0025_3858_0000_0001.
Tamanho: 256052966400
Leituras: 646748
Bytes de leitura: 23418808320
Escritas: 547330
Bytes de escritas: 25258476544
Tamanho atual da fila: 0
Tempo de transferência: 1735117

20231123_191626 [ProcessadorT] [ALERTA] Carga do sistema atingiu 100%
20231123_191626 [MaquinaT] - [ALERTA] Totem em muito tempo de atividade
20231123_191626 [MaquinaT] Sistema operacional: Windows
Tempo de atividade: 2 days, 20:23:36

20231123_191626 [Logger] Memoria Info: 
Em uso: 10,8 GiB
Disponível: 5,0 GiB
Total: 15,7 GiB

20231123_191626 [DiscoT] Disco Info: 

Nome: \\.\PHYSICALDRIVE0
Modelo: SAMSUNG MZVLQ256HAJD-000 (Unidades de disco padrão)
Serial: 3539_3130_5282_1624_0025_3858_0000_0001.
Tamanho: 256052966400
Leituras: 648540
Bytes de leitura: 23435190784
Escritas: 550096
Bytes de escritas: 25306473984
Tamanho atual da fila: 0
Tempo de transferência: 1736702

20231123_191626 [ProcessadorT] [ALERTA] Carga do sistema atingiu 100%
20231123_191626 [MaquinaT] - [ALERTA] Totem em muito tempo de atividade
20231123_191626 [MaquinaT] Sistema operacional: Windows
Tempo de atividade: 2 days, 20:23:46

20231123_191626 [Logger] Memoria Info: 
Em uso: 10,5 GiB
Disponível: 5,2 GiB
Total: 15,7 GiB

20231123_191626 [DiscoT] Disco Info: 

Nome: \\.\PHYSICALDRIVE0
Modelo: SAMSUNG MZVLQ256HAJD-000 (Unidades de disco padrão)
Serial: 3539_3130_5282_1624_0025_3858_0000_0001.
Tamanho: 256052966400
Leituras: 649696
Bytes de leitura: 23458512896
Escritas: 552239
Bytes de escritas: 25353008640
Tamanho atual da fila: 0
Tempo de transferência: 1738042

20231123_191626 [ProcessadorT] [ALERTA] Carga do sistema atingiu 100%
