20231123_193911 [Logger] Versão do programa: 1.1
20231123_193911 [MaquinaT] [31m[ALERTA] Totem em muito tempo de atividade[0m
20231123_193911 [MaquinaT] Sistema operacional: Windows
Tempo de atividade: 2 days, 20:45:42

20231123_193911 [MemoriaT] Em uso: 10,5 GiB
Disponível: 5,2 GiB
Total: 15,7 GiB

20231123_193911 [Logger] Memoria Info: 
Em uso: 10,5 GiB
Disponível: 5,2 GiB
Total: 15,7 GiB

20231123_193911 [Logger] Dispositivos USB:
Dispositivos Conectados: [
Nome: USB Root Hub (USB 3.0)
Id produto: 0xa0ed
Número de série: 
Id de dispositivo exclusivo: USB\ROOT_HUB30\4&457D673&0&0
Fornecedor: (Standard USB HUBs)
Id fornecedor: 0x8086
, 
Nome: USB Root Hub (USB 3.0)
Id produto: 0x9a13
Número de série: 
Id de dispositivo exclusivo: USB\ROOT_HUB30\4&3CE02D8&0&0
Fornecedor: (Standard USB HUBs)
Id fornecedor: 0x8086
]
Total de Dispositivos USBs: 0

20231123_193911 [DiscoT] Disco Info: 

Nome: \\.\PHYSICALDRIVE0
Modelo: SAMSUNG MZVLQ256HAJD-000 (Unidades de disco padrão)
Serial: 3539_3130_5282_1624_0025_3858_0000_0001.
Tamanho: 256052966400
Leituras: 652796
Bytes de leitura: 23534885888
Escritas: 585326
Bytes de escritas: 28732294144
Tamanho atual da fila: 0
Tempo de transferência: 1801562

20231123_193911 [ProcessadorT] CPU Info: 
Fabricante: GenuineIntel
Modelo: 11th Gen Intel(R) Core(TM) i5-1135G7 @ 2.40GHz
Frequência: 2.419 GHz
Em Uso: 2%

20231123_193911 [MaquinaT] [31m[ALERTA] Totem em muito tempo de atividade[0m
20231123_193911 [MaquinaT] Sistema operacional: Windows
Tempo de atividade: 2 days, 20:45:52

20231123_193911 [Logger] Memoria Info: 
Em uso: 10,5 GiB
Disponível: 5,2 GiB
Total: 15,7 GiB

20231123_193911 [DiscoT] Disco Info: 

Nome: \\.\PHYSICALDRIVE0
Modelo: SAMSUNG MZVLQ256HAJD-000 (Unidades de disco padrão)
Serial: 3539_3130_5282_1624_0025_3858_0000_0001.
Tamanho: 256052966400
Leituras: 652796
Bytes de leitura: 23534885888
Escritas: 585559
Bytes de escritas: 28762944512
Tamanho atual da fila: 0
Tempo de transferência: 1802186

20231123_193911 [ProcessadorT] CPU Info: 
Fabricante: GenuineIntel
Modelo: 11th Gen Intel(R) Core(TM) i5-1135G7 @ 2.40GHz
Frequência: 2.419 GHz
Em Uso: 2%

20231123_193911 [MaquinaT] [31m[ALERTA] Totem em muito tempo de atividade[0m
20231123_193911 [MaquinaT] Sistema operacional: Windows
Tempo de atividade: 2 days, 20:46:02

20231123_193911 [Logger] Memoria Info: 
Em uso: 10,5 GiB
Disponível: 5,2 GiB
Total: 15,7 GiB

20231123_193911 [DiscoT] Disco Info: 

Nome: \\.\PHYSICALDRIVE0
Modelo: SAMSUNG MZVLQ256HAJD-000 (Unidades de disco padrão)
Serial: 3539_3130_5282_1624_0025_3858_0000_0001.
Tamanho: 256052966400
Leituras: 652796
Bytes de leitura: 23534885888
Escritas: 585720
Bytes de escritas: 28764103680
Tamanho atual da fila: 0
Tempo de transferência: 1802345

20231123_193911 [ProcessadorT] CPU Info: 
Fabricante: GenuineIntel
Modelo: 11th Gen Intel(R) Core(TM) i5-1135G7 @ 2.40GHz
Frequência: 2.419 GHz
Em Uso: 3%

20231123_193911 [MaquinaT] [31m[ALERTA] Totem em muito tempo de atividade[0m
20231123_193911 [MaquinaT] Sistema operacional: Windows
Tempo de atividade: 2 days, 20:46:12

20231123_193911 [Logger] Memoria Info: 
Em uso: 10,4 GiB
Disponível: 5,3 GiB
Total: 15,7 GiB

20231123_193911 [DiscoT] Disco Info: 

Nome: \\.\PHYSICALDRIVE0
Modelo: SAMSUNG MZVLQ256HAJD-000 (Unidades de disco padrão)
Serial: 3539_3130_5282_1624_0025_3858_0000_0001.
Tamanho: 256052966400
Leituras: 652818
Bytes de leitura: 23535582208
Escritas: 586346
Bytes de escritas: 28771238912
Tamanho atual da fila: 0
Tempo de transferência: 1802703

20231123_193911 [ProcessadorT] CPU Info: 
Fabricante: GenuineIntel
Modelo: 11th Gen Intel(R) Core(TM) i5-1135G7 @ 2.40GHz
Frequência: 2.419 GHz
Em Uso: 3%

20231123_193911 [MaquinaT] [31m[ALERTA] Totem em muito tempo de atividade[0m
20231123_193911 [MaquinaT] Sistema operacional: Windows
Tempo de atividade: 2 days, 20:46:22

20231123_193911 [Logger] Memoria Info: 
Em uso: 10,5 GiB
Disponível: 5,2 GiB
Total: 15,7 GiB

20231123_193911 [DiscoT] Disco Info: 

Nome: \\.\PHYSICALDRIVE0
Modelo: SAMSUNG MZVLQ256HAJD-000 (Unidades de disco padrão)
Serial: 3539_3130_5282_1624_0025_3858_0000_0001.
Tamanho: 256052966400
Leituras: 652828
Bytes de leitura: 23535963136
Escritas: 587377
Bytes de escritas: 28783506432
Tamanho atual da fila: 0
Tempo de transferência: 1803021

20231123_193911 [ProcessadorT] CPU Info: 
Fabricante: GenuineIntel
Modelo: 11th Gen Intel(R) Core(TM) i5-1135G7 @ 2.40GHz
Frequência: 2.419 GHz
Em Uso: 18%

