20231123_185829 [ProcessadorT] CPU Info: 
Fabricante: GenuineIntel
Modelo: 11th Gen Intel(R) Core(TM) i5-1135G7 @ 2.40GHz
Frequência: 2.419 GHz
Em Uso: 3%

20231123_185829 [MaquinaT] Sistema operacional: Windows
Tempo de atividade: 2 days, 20:05:19

20231123_185829 [Logger] Memoria Info: 
Em uso: 8,4 GiB
Disponível: 7,4 GiB
Total: 15,7 GiB

20231123_185829 [DiscoT] Disco Info: 

Nome: \\.\PHYSICALDRIVE0
Modelo: SAMSUNG MZVLQ256HAJD-000 (Unidades de disco padrão)
Serial: 3539_3130_5282_1624_0025_3858_0000_0001.
Tamanho: 256052966400
Leituras: 632955
Bytes de leitura: 22952563712
Escritas: 509594
Bytes de escritas: 22918080512
Tamanho atual da fila: 0
Tempo de transferência: 1679092

20231123_185829 [ProcessadorT] CPU Info: 
Fabricante: GenuineIntel
Modelo: 11th Gen Intel(R) Core(TM) i5-1135G7 @ 2.40GHz
Frequência: 2.419 GHz
Em Uso: 1%

20231123_185829 [MaquinaT] Sistema operacional: Windows
Tempo de atividade: 2 days, 20:05:29

20231123_185829 [Logger] Memoria Info: 
Em uso: 7,9 GiB
Disponível: 7,8 GiB
Total: 15,7 GiB

20231123_185829 [DiscoT] Disco Info: 

Nome: \\.\PHYSICALDRIVE0
Modelo: SAMSUNG MZVLQ256HAJD-000 (Unidades de disco padrão)
Serial: 3539_3130_5282_1624_0025_3858_0000_0001.
Tamanho: 256052966400
Leituras: 633034
Bytes de leitura: 22954359808
Escritas: 509770
Bytes de escritas: 22920304640
Tamanho atual da fila: 0
Tempo de transferência: 1679277

20231123_185829 [ProcessadorT] CPU Info: 
Fabricante: GenuineIntel
Modelo: 11th Gen Intel(R) Core(TM) i5-1135G7 @ 2.40GHz
Frequência: 2.419 GHz
Em Uso: 5%

20231123_185829 [MaquinaT] Sistema operacional: Windows
Tempo de atividade: 2 days, 20:05:39

20231123_185829 [Logger] Memoria Info: 
Em uso: 7,8 GiB
Disponível: 8,0 GiB
Total: 15,7 GiB

20231123_185829 [DiscoT] Disco Info: 

Nome: \\.\PHYSICALDRIVE0
Modelo: SAMSUNG MZVLQ256HAJD-000 (Unidades de disco padrão)
Serial: 3539_3130_5282_1624_0025_3858_0000_0001.
Tamanho: 256052966400
Leituras: 633037
Bytes de leitura: 22954424832
Escritas: 509971
Bytes de escritas: 22922315776
Tamanho atual da fila: 0
Tempo de transferência: 1679468

20231123_185829 [ProcessadorT] CPU Info: 
Fabricante: GenuineIntel
Modelo: 11th Gen Intel(R) Core(TM) i5-1135G7 @ 2.40GHz
Frequência: 2.419 GHz
Em Uso: 6%

20231123_185829 [MaquinaT] Sistema operacional: Windows
Tempo de atividade: 2 days, 20:05:49

20231123_185829 [Logger] Memoria Info: 
Em uso: 7,7 GiB
Disponível: 8,0 GiB
Total: 15,7 GiB

20231123_185829 [DiscoT] Disco Info: 

Nome: \\.\PHYSICALDRIVE0
Modelo: SAMSUNG MZVLQ256HAJD-000 (Unidades de disco padrão)
Serial: 3539_3130_5282_1624_0025_3858_0000_0001.
Tamanho: 256052966400
Leituras: 633037
Bytes de leitura: 22954424832
Escritas: 510043
Bytes de escritas: 22922930176
Tamanho atual da fila: 0
Tempo de transferência: 1679573

20231123_185829 [ProcessadorT] CPU Info: 
Fabricante: GenuineIntel
Modelo: 11th Gen Intel(R) Core(TM) i5-1135G7 @ 2.40GHz
Frequência: 2.419 GHz
Em Uso: 1%

20231123_185829 [MaquinaT] Sistema operacional: Windows
Tempo de atividade: 2 days, 20:05:59

20231123_185829 [Logger] Memoria Info: 
Em uso: 7,5 GiB
Disponível: 8,2 GiB
Total: 15,7 GiB

20231123_185829 [DiscoT] Disco Info: 

Nome: \\.\PHYSICALDRIVE0
Modelo: SAMSUNG MZVLQ256HAJD-000 (Unidades de disco padrão)
Serial: 3539_3130_5282_1624_0025_3858_0000_0001.
Tamanho: 256052966400
Leituras: 633037
Bytes de leitura: 22954424832
Escritas: 510144
Bytes de escritas: 22929975296
Tamanho atual da fila: 0
Tempo de transferência: 1679779

20231123_185829 [ProcessadorT] CPU Info: 
Fabricante: GenuineIntel
Modelo: 11th Gen Intel(R) Core(TM) i5-1135G7 @ 2.40GHz
Frequência: 2.419 GHz
Em Uso: 2%

