20231123_204438✅ [Logger] Versão do programa: 1.1
20231123_204438✘ [MaquinaT] [ALERTA] Totem em muito tempo de atividade
20231123_204438✅ [MaquinaT] Sistema operacional: Windows
Tempo de atividade: 2 days, 21:51:08

20231123_204438✅ [MemoriaT] Em uso: 7,0 GiB
Disponível: 8,7 GiB
Total: 15,7 GiB

20231123_204438✅ [Logger] [INFO] Memoria: 
Em uso: 7,0 GiB
Disponível: 8,7 GiB
Total: 15,7 GiB

20231123_204438✅ [Logger] Dispositivos USB:
Dispositivos Conectados: [
Nome: USB Root Hub (USB 3.0)
Id produto: 0xa0ed
Número de série: 
Id de dispositivo exclusivo: USB\ROOT_HUB30\4&457D673&0&0
Fornecedor: (Standard USB HUBs)
Id fornecedor: 0x8086
, 
Nome: USB Root Hub (USB 3.0)
Id produto: 0x9a13
Número de série: 
Id de dispositivo exclusivo: USB\ROOT_HUB30\4&3CE02D8&0&0
Fornecedor: (Standard USB HUBs)
Id fornecedor: 0x8086
]
Total de Dispositivos USBs: 0

20231123_204438✅ [DiscoT]  [INFO] Disco: 

Nome: \\.\PHYSICALDRIVE0
Modelo: SAMSUNG MZVLQ256HAJD-000 (Unidades de disco padrão)
Serial: 3539_3130_5282_1624_0025_3858_0000_0001.
Tamanho: 256052966400
Leituras: 741268
Bytes de leitura: 24621477888
Escritas: 660460
Bytes de escritas: 34252756992
Tamanho atual da fila: 0
Tempo de transferência: 1933764

