20231123_210058✅ [Logger] Versão do programa: 1.1
20231123_210058✘ [MaquinaT] [ALERTA] Totem em muito tempo de atividade
20231123_210058✅ [MaquinaT] Sistema operacional: Windows
Tempo de atividade: 2 days, 22:07:28

20231123_210058✅ [MemoriaT] Em uso: 7,3 GiB
Disponível: 8,4 GiB
Total: 15,7 GiB

20231123_210058✅ [Logger] [INFO] Memoria: 
Em uso: 7,3 GiB
Disponível: 8,4 GiB
Total: 15,7 GiB

20231123_210058✅ [Logger] Dispositivos USB:
Dispositivos Conectados: [
Nome: USB Root Hub (USB 3.0)
Id produto: 0xa0ed
Número de série: 
Id de dispositivo exclusivo: USB\ROOT_HUB30\4&457D673&0&0
Fornecedor: (Standard USB HUBs)
Id fornecedor: 0x8086
, 
Nome: USB Root Hub (USB 3.0)
Id produto: 0x9a13
Número de série: 
Id de dispositivo exclusivo: USB\ROOT_HUB30\4&3CE02D8&0&0
Fornecedor: (Standard USB HUBs)
Id fornecedor: 0x8086
]
Total de Dispositivos USBs: 0

20231123_210058✅ [DiscoT] 
Tamanho Total: 237.69
Espaço Usado: 125.61
Espaço Disponível: 112.08
Tempo de transferência: 9977

20231123_210058✅ [ProcessadorT] CPU Info: 
Fabricante: GenuineIntel
Modelo: 11th Gen Intel(R) Core(TM) i5-1135G7 @ 2.40GHz
Frequência: 2.419 GHz
Em Uso: 3%

20231123_210058✘ [MaquinaT] [ALERTA] Totem em muito tempo de atividade
20231123_210058✅ [MaquinaT] Sistema operacional: Windows
Tempo de atividade: 2 days, 22:07:38

20231123_210058✅ [Logger] [INFO] Memoria: 
Em uso: 7,3 GiB
Disponível: 8,4 GiB
Total: 15,7 GiB

20231123_210058✅ [DiscoT] 
Tamanho Total: 237.69
Espaço Usado: 125.61
Espaço Disponível: 112.08
Tempo de transferência: 10708

20231123_210058✅ [ProcessadorT] CPU Info: 
Fabricante: GenuineIntel
Modelo: 11th Gen Intel(R) Core(TM) i5-1135G7 @ 2.40GHz
Frequência: 2.419 GHz
Em Uso: 3%

20231123_210058✘ [MaquinaT] [ALERTA] Totem em muito tempo de atividade
20231123_210058✅ [MaquinaT] Sistema operacional: Windows
Tempo de atividade: 2 days, 22:07:48

20231123_210058✅ [Logger] [INFO] Memoria: 
Em uso: 7,3 GiB
Disponível: 8,5 GiB
Total: 15,7 GiB

20231123_210058✅ [DiscoT] 
Tamanho Total: 237.69
Espaço Usado: 125.61
Espaço Disponível: 112.08
Tempo de transferência: 10854

20231123_210058✅ [ProcessadorT] CPU Info: 
Fabricante: GenuineIntel
Modelo: 11th Gen Intel(R) Core(TM) i5-1135G7 @ 2.40GHz
Frequência: 2.419 GHz
Em Uso: 2%

