20231123_181804 [Logger] Versão do programa: 1.0
20231123_181804 [MaquinaT] Sistema operacional: Windows
Tempo de atividade: 2 days, 19:24:34

20231123_181804 [MemoriaT] Em uso: 7,5 GiB
Disponível: 8,2 GiB
Total: 15,7 GiB

20231123_181804 [Logger] Memoria Info: 
Em uso: 7,5 GiB
Disponível: 8,2 GiB
Total: 15,7 GiB

20231123_181804 [Logger] Dispositivos USB:
Dispositivos Conectados: [
Nome: USB Root Hub (USB 3.0)
Id produto: 0xa0ed
Número de série: 
Id de dispositivo exclusivo: USB\ROOT_HUB30\4&457D673&0&0
Fornecedor: (Standard USB HUBs)
Id fornecedor: 0x8086
, 
Nome: USB Root Hub (USB 3.0)
Id produto: 0x9a13
Número de série: 
Id de dispositivo exclusivo: USB\ROOT_HUB30\4&3CE02D8&0&0
Fornecedor: (Standard USB HUBs)
Id fornecedor: 0x8086
]
Total de Dispositivos USBs: 0

20231123_181804 [DiscoT] Disco Info: 

Nome: \\.\PHYSICALDRIVE0
Modelo: SAMSUNG MZVLQ256HAJD-000 (Unidades de disco padrão)
Serial: 3539_3130_5282_1624_0025_3858_0000_0001.
Tamanho: 256052966400
Leituras: 621033
Bytes de leitura: 22482911232
Escritas: 478653
Bytes de escritas: 21555976192
Tamanho atual da fila: 0
Tempo de transferência: 1597172

20231123_181804 [ProcessadorT] CPU Info: 
Fabricante: GenuineIntel
Modelo: 11th Gen Intel(R) Core(TM) i5-1135G7 @ 2.40GHz
Frequência: 2.419 GHz
Em Uso: 3%

