20231125 [MaquinaT] ⚠️ [ALERTA] Totem em muito tempo de atividade
20231125 [DiscoT] Disco Info: 

Tamanho Total: 237.69
Espaço Usado: 126.75
Espaço Disponível: 110.94
Tempo de transferência: 27698

20231125 [MaquinaT] Sistema operacional: Windows
Tempo de atividade: 4 days, 12:42:52

20231125 [MemoriaT] Em uso: 8,1 GiB
Disponível: 7,6 GiB
Total: 15,7 GiB

20231125 [Logger] ✅[INFO] Memória: 
Em uso: 8,1 GiB
Disponível: 7,6 GiB
Total: 15,7 GiB

20231125 [Logger] Dispositivos USB:
Dispositivos Conectados: [
Nome: USB Root Hub (USB 3.0)
Id produto: 0xa0ed
Número de série: 
Id de dispositivo exclusivo: USB\ROOT_HUB30\4&457D673&0&0
Fornecedor: (Standard USB HUBs)
Id fornecedor: 0x8086
, 
Nome: USB Root Hub (USB 3.0)
Id produto: 0x9a13
Número de série: 
Id de dispositivo exclusivo: USB\ROOT_HUB30\4&3CE02D8&0&0
Fornecedor: (Standard USB HUBs)
Id fornecedor: 0x8086
]
Total de Dispositivos USBs: 0

20231125 [ProcessadorT] ✅ [INFO] 
Fabricante: GenuineIntel
Modelo: 11th Gen Intel(R) Core(TM) i5-1135G7 @ 2.40GHz
Frequência: 2.419 GHz
Em Uso: 4%

20231125 [ProcessadorT] ✅ [INFO] 
Fabricante: GenuineIntel
Modelo: 11th Gen Intel(R) Core(TM) i5-1135G7 @ 2.40GHz
Frequência: 2.419 GHz
Em Uso: 4%

20231125 [MaquinaT] ⚠️ [ALERTA] Totem em muito tempo de atividade
20231125 [DiscoT] Disco Info: 

Tamanho Total: 237.69
Espaço Usado: 126.92
Espaço Disponível: 110.78
Tempo de transferência: -17398

20231125 [MaquinaT] Sistema operacional: Windows
Tempo de atividade: 4 days, 12:52:52

20231125 [MemoriaT] Em uso: 8,6 GiB
Disponível: 7,2 GiB
Total: 15,7 GiB

20231125 [Logger] ✅[INFO] Memória: 
Em uso: 8,6 GiB
Disponível: 7,2 GiB
Total: 15,7 GiB

20231125 [Logger] Dispositivos USB:
Dispositivos Conectados: [
Nome: USB Root Hub (USB 3.0)
Id produto: 0xa0ed
Número de série: 
Id de dispositivo exclusivo: USB\ROOT_HUB30\4&457D673&0&0
Fornecedor: (Standard USB HUBs)
Id fornecedor: 0x8086
, 
Nome: USB Root Hub (USB 3.0)
Id produto: 0x9a13
Número de série: 
Id de dispositivo exclusivo: USB\ROOT_HUB30\4&3CE02D8&0&0
Fornecedor: (Standard USB HUBs)
Id fornecedor: 0x8086
]
Total de Dispositivos USBs: 0

20231125 [ProcessadorT] ✅ [INFO] 
Fabricante: GenuineIntel
Modelo: 11th Gen Intel(R) Core(TM) i5-1135G7 @ 2.40GHz
Frequência: 2.419 GHz
Em Uso: 7%

20231125 [ProcessadorT] ✅ [INFO] 
Fabricante: GenuineIntel
Modelo: 11th Gen Intel(R) Core(TM) i5-1135G7 @ 2.40GHz
Frequência: 2.419 GHz
Em Uso: 7%

20231125 [MaquinaT] ⚠️ [ALERTA] Totem em muito tempo de atividade
20231125 [DiscoT] Disco Info: 

Tamanho Total: 237.69
Espaço Usado: 126.92
Espaço Disponível: 110.77
Tempo de transferência: -11021

20231125 [MaquinaT] Sistema operacional: Windows
Tempo de atividade: 4 days, 12:55:15

20231125 [MemoriaT] Em uso: 8,7 GiB
Disponível: 7,0 GiB
Total: 15,7 GiB

20231125 [Logger] ✅[INFO] Memória: 
Em uso: 8,7 GiB
Disponível: 7,0 GiB
Total: 15,7 GiB

20231125 [Logger] Dispositivos USB:
Dispositivos Conectados: [
Nome: USB Root Hub (USB 3.0)
Id produto: 0xa0ed
Número de série: 
Id de dispositivo exclusivo: USB\ROOT_HUB30\4&457D673&0&0
Fornecedor: (Standard USB HUBs)
Id fornecedor: 0x8086
, 
Nome: USB Root Hub (USB 3.0)
Id produto: 0x9a13
Número de série: 
Id de dispositivo exclusivo: USB\ROOT_HUB30\4&3CE02D8&0&0
Fornecedor: (Standard USB HUBs)
Id fornecedor: 0x8086
]
Total de Dispositivos USBs: 0

20231125 [ProcessadorT] ✅ [INFO] 
Fabricante: GenuineIntel
Modelo: 11th Gen Intel(R) Core(TM) i5-1135G7 @ 2.40GHz
Frequência: 2.419 GHz
Em Uso: 5%

20231125 [ProcessadorT] ✅ [INFO] 
Fabricante: GenuineIntel
Modelo: 11th Gen Intel(R) Core(TM) i5-1135G7 @ 2.40GHz
Frequência: 2.419 GHz
Em Uso: 5%

