20231124 [Totem] Erro ao inserir boardSerialNumber - org.springframework.dao.PermissionDeniedDataAccessException: PreparedStatementCallback; SQL [UPDATE totem SET boardSerialNumber = ? WHERE idTotem = ?]; A permissão UPDATE foi negada no objeto 'totem', banco de dados 'fasttotem', esquema 'dbo'.; nested exception is com.microsoft.sqlserver.jdbc.SQLServerException: A permissão UPDATE foi negada no objeto 'totem', banco de dados 'fasttotem', esquema 'dbo'.
20231124 [Componente] Erro ao inserir componente - org.springframework.dao.EmptyResultDataAccessException: Incorrect result size: expected 1, actual 0
20231124 [ProcessadorT] CPU Info: 
Fabricante: GenuineIntel
Modelo: Intel(R) Core(TM) i5-8265U CPU @ 1.60GHz
Frequência: 1.8 GHz
Em Uso: 5%

20231124 [Totem] Erro ao inserir boardSerialNumber - org.springframework.dao.PermissionDeniedDataAccessException: PreparedStatementCallback; SQL [UPDATE totem SET boardSerialNumber = ? WHERE idTotem = ?]; A permissão UPDATE foi negada no objeto 'totem', banco de dados 'fasttotem', esquema 'dbo'.; nested exception is com.microsoft.sqlserver.jdbc.SQLServerException: A permissão UPDATE foi negada no objeto 'totem', banco de dados 'fasttotem', esquema 'dbo'.
20231124 [ProcessadorT] CPU Info: 
Fabricante: GenuineIntel
Modelo: Intel(R) Core(TM) i5-8265U CPU @ 1.60GHz
Frequência: 1.8 GHz
Em Uso: 6%

20231124 [Componente] Falha na inserção de captura - org.springframework.jdbc.BadSqlGrammarException: PreparedStatementCallback; bad SQL grammar [SELECT * FROM parametroAlerta WHERE componente = ?]; nested exception is java.sql.SQLSyntaxErrorException: Unknown column 'componente' in 'where clause'
20231124 [ProcessadorT] CPU Info: 
Fabricante: GenuineIntel
Modelo: Intel(R) Core(TM) i5-8265U CPU @ 1.60GHz
Frequência: 1.8 GHz
Em Uso: 4%

20231124 [ProcessadorT] CPU Info: 
Fabricante: GenuineIntel
Modelo: Intel(R) Core(TM) i5-8265U CPU @ 1.60GHz
Frequência: 1.8 GHz
Em Uso: 21%

20231124 [ProcessadorT] CPU Info: 
Fabricante: GenuineIntel
Modelo: Intel(R) Core(TM) i5-8265U CPU @ 1.60GHz
Frequência: 1.8 GHz
Em Uso: 6%

20231124 [ProcessadorT] CPU Info: 
Fabricante: GenuineIntel
Modelo: Intel(R) Core(TM) i5-8265U CPU @ 1.60GHz
Frequência: 1.8 GHz
Em Uso: 11%

20231124 [ProcessadorT] CPU Info: 
Fabricante: GenuineIntel
Modelo: Intel(R) Core(TM) i5-8265U CPU @ 1.60GHz
Frequência: 1.8 GHz
Em Uso: 7%

20231124 [ProcessadorT] CPU Info: 
Fabricante: GenuineIntel
Modelo: Intel(R) Core(TM) i5-8265U CPU @ 1.60GHz
Frequência: 1.8 GHz
Em Uso: 10%

20231124 [ProcessadorT] CPU Info: 
Fabricante: GenuineIntel
Modelo: Intel(R) Core(TM) i5-8265U CPU @ 1.60GHz
Frequência: 1.8 GHz
Em Uso: 9%

20231124 [Componente] Erro ao verificar parâmetros e enviar notificações - org.springframework.dao.EmptyResultDataAccessException: Incorrect result size: expected 1, actual 0
20231124 [ProcessadorT] CPU Info: 
Fabricante: GenuineIntel
Modelo: Intel(R) Core(TM) i5-8265U CPU @ 1.60GHz
Frequência: 1.8 GHz
Em Uso: 6%

20231124 [ProcessadorT] CPU Info: 
Fabricante: GenuineIntel
Modelo: Intel(R) Core(TM) i5-8265U CPU @ 1.60GHz
Frequência: 1.8 GHz
Em Uso: 9%

20231124 [ProcessadorT] CPU Info: 
Fabricante: GenuineIntel
Modelo: Intel(R) Core(TM) i5-8265U CPU @ 1.60GHz
Frequência: 1.8 GHz
Em Uso: 4%

20231124 [ProcessadorT] CPU Info: 
Fabricante: GenuineIntel
Modelo: Intel(R) Core(TM) i5-8265U CPU @ 1.60GHz
Frequência: 1.8 GHz
Em Uso: 5%

20231124 [ProcessadorT] CPU Info: 
Fabricante: GenuineIntel
Modelo: Intel(R) Core(TM) i5-8265U CPU @ 1.60GHz
Frequência: 1.8 GHz
Em Uso: 8%

20231124 [Totem] Erro ao inserir totem na conexão MySQL - org.springframework.dao.DuplicateKeyException: PreparedStatementCallback; SQL [INSERT INTO totem (idTotem, nome, chaveDeAcesso) VALUES (1,?,?);]; Duplicate entry '1' for key 'totem.PRIMARY'; nested exception is java.sql.SQLIntegrityConstraintViolationException: Duplicate entry '1' for key 'totem.PRIMARY'
20231124 [ProcessadorT] CPU Info: 
Fabricante: GenuineIntel
Modelo: Intel(R) Core(TM) i5-8265U CPU @ 1.60GHz
Frequência: 1.8 GHz
Em Uso: 19%

20231124 [ProcessadorT] CPU Info: 
Fabricante: GenuineIntel
Modelo: Intel(R) Core(TM) i5-8265U CPU @ 1.60GHz
Frequência: 1.8 GHz
Em Uso: 19%

20231124 [Componente] Erro ao verificar parâmetros e enviar notificações - org.springframework.jdbc.UncategorizedSQLException: PreparedStatementCallback; uncategorized SQLException for SQL [SELECT * FROM parametroAlerta WHERE componente = ? and fkEmpresa = ?]; SQL state [null]; error code [0]; O valor não está definido para o número de parâmetro 2.; nested exception is com.microsoft.sqlserver.jdbc.SQLServerException: O valor não está definido para o número de parâmetro 2.
20231124 [ProcessadorT] CPU Info: 
Fabricante: GenuineIntel
Modelo: Intel(R) Core(TM) i5-8265U CPU @ 1.60GHz
Frequência: 1.8 GHz
Em Uso: 18%

20231124 [ProcessadorT] CPU Info: 
Fabricante: GenuineIntel
Modelo: Intel(R) Core(TM) i5-8265U CPU @ 1.60GHz
Frequência: 1.8 GHz
Em Uso: 20%

20231124 [ProcessadorT] CPU Info: 
Fabricante: GenuineIntel
Modelo: Intel(R) Core(TM) i5-8265U CPU @ 1.60GHz
Frequência: 1.8 GHz
Em Uso: 12%

20231124 [ProcessadorT] CPU Info: 
Fabricante: GenuineIntel
Modelo: Intel(R) Core(TM) i5-8265U CPU @ 1.60GHz
Frequência: 1.8 GHz
Em Uso: 14%

20231124 [ProcessadorT] CPU Info: 
Fabricante: GenuineIntel
Modelo: Intel(R) Core(TM) i5-8265U CPU @ 1.60GHz
Frequência: 1.8 GHz
Em Uso: 14%

20231124 [ProcessadorT] CPU Info: 
Fabricante: GenuineIntel
Modelo: Intel(R) Core(TM) i5-8265U CPU @ 1.60GHz
Frequência: 1.8 GHz
Em Uso: 20%

20231124 [ProcessadorT] CPU Info: 
Fabricante: GenuineIntel
Modelo: Intel(R) Core(TM) i5-8265U CPU @ 1.60GHz
Frequência: 1.8 GHz
Em Uso: 33%

20231124 [ProcessadorT] CPU Info: 
Fabricante: GenuineIntel
Modelo: Intel(R) Core(TM) i5-8265U CPU @ 1.60GHz
Frequência: 1.8 GHz
Em Uso: 3%

20231124 [ProcessadorT] CPU Info: 
Fabricante: GenuineIntel
Modelo: Intel(R) Core(TM) i5-8265U CPU @ 1.60GHz
Frequência: 1.8 GHz
Em Uso: 1%

20231124 [ProcessadorT] CPU Info: 
Fabricante: GenuineIntel
Modelo: Intel(R) Core(TM) i5-8265U CPU @ 1.60GHz
Frequência: 1.8 GHz
Em Uso: 9%

20231124 [ProcessadorT] CPU Info: 
Fabricante: GenuineIntel
Modelo: Intel(R) Core(TM) i5-8265U CPU @ 1.60GHz
Frequência: 1.8 GHz
Em Uso: 2%

20231124 [ProcessadorT] CPU Info: 
Fabricante: GenuineIntel
Modelo: Intel(R) Core(TM) i5-8265U CPU @ 1.60GHz
Frequência: 1.8 GHz
Em Uso: 24%

20231124 [ProcessadorT] CPU Info: 
Fabricante: GenuineIntel
Modelo: Intel(R) Core(TM) i5-8265U CPU @ 1.60GHz
Frequência: 1.8 GHz
Em Uso: 10%

20231124 [ProcessadorT] CPU Info: 
Fabricante: GenuineIntel
Modelo: Intel(R) Core(TM) i5-8265U CPU @ 1.60GHz
Frequência: 1.8 GHz
Em Uso: 15%

20231124 [ProcessadorT] CPU Info: 
Fabricante: GenuineIntel
Modelo: Intel(R) Core(TM) i5-8265U CPU @ 1.60GHz
Frequência: 1.8 GHz
Em Uso: 20%

20231124 [ProcessadorT] CPU Info: 
Fabricante: GenuineIntel
Modelo: Intel(R) Core(TM) i5-8265U CPU @ 1.60GHz
Frequência: 1.8 GHz
Em Uso: 7%

20231124 [ProcessadorT] CPU Info: 
Fabricante: GenuineIntel
Modelo: Intel(R) Core(TM) i5-8265U CPU @ 1.60GHz
Frequência: 1.8 GHz
Em Uso: 5%

20231124 [ProcessadorT] CPU Info: 
Fabricante: GenuineIntel
Modelo: Intel(R) Core(TM) i5-8265U CPU @ 1.60GHz
Frequência: 1.8 GHz
Em Uso: 5%

20231124 [ProcessadorT] CPU Info: 
Fabricante: GenuineIntel
Modelo: Intel(R) Core(TM) i5-8265U CPU @ 1.60GHz
Frequência: 1.8 GHz
Em Uso: 17%

20231124 [ProcessadorT] CPU Info: 
Fabricante: GenuineIntel
Modelo: Intel(R) Core(TM) i5-8265U CPU @ 1.60GHz
Frequência: 1.8 GHz
Em Uso: 6%

20231124 [ProcessadorT] CPU Info: 
Fabricante: GenuineIntel
Modelo: Intel(R) Core(TM) i5-8265U CPU @ 1.60GHz
Frequência: 1.8 GHz
Em Uso: 25%

20231124 [ProcessadorT] CPU Info: 
Fabricante: GenuineIntel
Modelo: Intel(R) Core(TM) i5-8265U CPU @ 1.60GHz
Frequência: 1.8 GHz
Em Uso: 16%

20231124 [ProcessadorT] CPU Info: 
Fabricante: GenuineIntel
Modelo: Intel(R) Core(TM) i5-8265U CPU @ 1.60GHz
Frequência: 1.8 GHz
Em Uso: 10%

20231124 [ProcessadorT] CPU Info: 
Fabricante: GenuineIntel
Modelo: Intel(R) Core(TM) i5-8265U CPU @ 1.60GHz
Frequência: 1.8 GHz
Em Uso: 7%

20231124 [ProcessadorT] CPU Info: 
Fabricante: GenuineIntel
Modelo: Intel(R) Core(TM) i5-8265U CPU @ 1.60GHz
Frequência: 1.8 GHz
Em Uso: 4%

20231124 [ProcessadorT] CPU Info: 
Fabricante: GenuineIntel
Modelo: Intel(R) Core(TM) i5-8265U CPU @ 1.60GHz
Frequência: 1.8 GHz
Em Uso: 6%

20231124 [ProcessadorT] CPU Info: 
Fabricante: GenuineIntel
Modelo: Intel(R) Core(TM) i5-8265U CPU @ 1.60GHz
Frequência: 1.8 GHz
Em Uso: 8%

20231124 [ProcessadorT] CPU Info: 
Fabricante: GenuineIntel
Modelo: Intel(R) Core(TM) i5-8265U CPU @ 1.60GHz
Frequência: 1.8 GHz
Em Uso: 14%

20231124 [ProcessadorT] CPU Info: 
Fabricante: GenuineIntel
Modelo: Intel(R) Core(TM) i5-8265U CPU @ 1.60GHz
Frequência: 1.8 GHz
Em Uso: 5%

20231124 [ProcessadorT] CPU Info: 
Fabricante: GenuineIntel
Modelo: Intel(R) Core(TM) i5-8265U CPU @ 1.60GHz
Frequência: 1.8 GHz
Em Uso: 3%

20231124 [ProcessadorT] CPU Info: 
Fabricante: GenuineIntel
Modelo: Intel(R) Core(TM) i5-8265U CPU @ 1.60GHz
Frequência: 1.8 GHz
Em Uso: 10%

20231124 [ProcessadorT] CPU Info: 
Fabricante: GenuineIntel
Modelo: Intel(R) Core(TM) i5-8265U CPU @ 1.60GHz
Frequência: 1.8 GHz
Em Uso: 17%

20231124 [ProcessadorT] CPU Info: 
Fabricante: GenuineIntel
Modelo: Intel(R) Core(TM) i5-8265U CPU @ 1.60GHz
Frequência: 1.8 GHz
Em Uso: 10%

20231124 [ProcessadorT] CPU Info: 
Fabricante: GenuineIntel
Modelo: Intel(R) Core(TM) i5-8265U CPU @ 1.60GHz
Frequência: 1.8 GHz
Em Uso: 6%

20231124 [ProcessadorT] CPU Info: 
Fabricante: GenuineIntel
Modelo: Intel(R) Core(TM) i5-8265U CPU @ 1.60GHz
Frequência: 1.8 GHz
Em Uso: 11%

20231124 [ProcessadorT] CPU Info: 
Fabricante: GenuineIntel
Modelo: Intel(R) Core(TM) i5-8265U CPU @ 1.60GHz
Frequência: 1.8 GHz
Em Uso: 8%

20231124 [ProcessadorT] CPU Info: 
Fabricante: GenuineIntel
Modelo: Intel(R) Core(TM) i5-8265U CPU @ 1.60GHz
Frequência: 1.8 GHz
Em Uso: 9%

20231124 [ProcessadorT] CPU Info: 
Fabricante: GenuineIntel
Modelo: Intel(R) Core(TM) i5-8265U CPU @ 1.60GHz
Frequência: 1.8 GHz
Em Uso: 32%

20231124 [ProcessadorT] CPU Info: 
Fabricante: GenuineIntel
Modelo: Intel(R) Core(TM) i5-8265U CPU @ 1.60GHz
Frequência: 1.8 GHz
Em Uso: 11%

20231124 [ProcessadorT] CPU Info: 
Fabricante: GenuineIntel
Modelo: Intel(R) Core(TM) i5-8265U CPU @ 1.60GHz
Frequência: 1.8 GHz
Em Uso: 8%

20231124 [ProcessadorT] CPU Info: 
Fabricante: GenuineIntel
Modelo: Intel(R) Core(TM) i5-8265U CPU @ 1.60GHz
Frequência: 1.8 GHz
Em Uso: 10%

20231124 [ProcessadorT] CPU Info: 
Fabricante: GenuineIntel
Modelo: Intel(R) Core(TM) i5-8265U CPU @ 1.60GHz
Frequência: 1.8 GHz
Em Uso: 6%

20231124 [ProcessadorT] CPU Info: 
Fabricante: GenuineIntel
Modelo: Intel(R) Core(TM) i5-8265U CPU @ 1.60GHz
Frequência: 1.8 GHz
Em Uso: 4%

20231124 [ProcessadorT] CPU Info: 
Fabricante: GenuineIntel
Modelo: Intel(R) Core(TM) i5-8265U CPU @ 1.60GHz
Frequência: 1.8 GHz
Em Uso: 4%

20231124 [ProcessadorT] CPU Info: 
Fabricante: GenuineIntel
Modelo: Intel(R) Core(TM) i5-8265U CPU @ 1.60GHz
Frequência: 1.8 GHz
Em Uso: 10%

20231124 [ProcessadorT] CPU Info: 
Fabricante: GenuineIntel
Modelo: Intel(R) Core(TM) i5-8265U CPU @ 1.60GHz
Frequência: 1.8 GHz
Em Uso: 5%

20231124 [ProcessadorT] CPU Info: 
Fabricante: GenuineIntel
Modelo: Intel(R) Core(TM) i5-8265U CPU @ 1.60GHz
Frequência: 1.8 GHz
Em Uso: 4%

20231124 [ProcessadorT] CPU Info: 
Fabricante: GenuineIntel
Modelo: Intel(R) Core(TM) i5-8265U CPU @ 1.60GHz
Frequência: 1.8 GHz
Em Uso: 5%

20231124 [ProcessadorT] CPU Info: 
Fabricante: GenuineIntel
Modelo: Intel(R) Core(TM) i5-8265U CPU @ 1.60GHz
Frequência: 1.8 GHz
Em Uso: 4%

20231124 [ProcessadorT] CPU Info: 
Fabricante: GenuineIntel
Modelo: Intel(R) Core(TM) i5-8265U CPU @ 1.60GHz
Frequência: 1.8 GHz
Em Uso: 5%

20231124 [ProcessadorT] CPU Info: 
Fabricante: GenuineIntel
Modelo: Intel(R) Core(TM) i5-8265U CPU @ 1.60GHz
Frequência: 1.8 GHz
Em Uso: 5%

20231124 [ProcessadorT] CPU Info: 
Fabricante: GenuineIntel
Modelo: Intel(R) Core(TM) i5-8265U CPU @ 1.60GHz
Frequência: 1.8 GHz
Em Uso: 5%

20231124 [ProcessadorT] CPU Info: 
Fabricante: GenuineIntel
Modelo: Intel(R) Core(TM) i5-8265U CPU @ 1.60GHz
Frequência: 1.8 GHz
Em Uso: 4%

20231124 [ProcessadorT] CPU Info: 
Fabricante: GenuineIntel
Modelo: Intel(R) Core(TM) i5-8265U CPU @ 1.60GHz
Frequência: 1.8 GHz
Em Uso: 10%

20231124 [ProcessadorT] CPU Info: 
Fabricante: GenuineIntel
Modelo: Intel(R) Core(TM) i5-8265U CPU @ 1.60GHz
Frequência: 1.8 GHz
Em Uso: 6%

20231124 [ProcessadorT] CPU Info: 
Fabricante: GenuineIntel
Modelo: Intel(R) Core(TM) i5-8265U CPU @ 1.60GHz
Frequência: 1.8 GHz
Em Uso: 3%

20231124 [ProcessadorT] CPU Info: 
Fabricante: GenuineIntel
Modelo: Intel(R) Core(TM) i5-8265U CPU @ 1.60GHz
Frequência: 1.8 GHz
Em Uso: 4%

20231124 [ProcessadorT] CPU Info: 
Fabricante: GenuineIntel
Modelo: Intel(R) Core(TM) i5-8265U CPU @ 1.60GHz
Frequência: 1.8 GHz
Em Uso: 4%

20231124 [ProcessadorT] CPU Info: 
Fabricante: GenuineIntel
Modelo: Intel(R) Core(TM) i5-8265U CPU @ 1.60GHz
Frequência: 1.8 GHz
Em Uso: 5%

20231124 [ProcessadorT] CPU Info: 
Fabricante: GenuineIntel
Modelo: Intel(R) Core(TM) i5-8265U CPU @ 1.60GHz
Frequência: 1.8 GHz
Em Uso: 4%

20231124 [ProcessadorT] CPU Info: 
Fabricante: GenuineIntel
Modelo: Intel(R) Core(TM) i5-8265U CPU @ 1.60GHz
Frequência: 1.8 GHz
Em Uso: 5%

20231124 [ProcessadorT] CPU Info: 
Fabricante: GenuineIntel
Modelo: Intel(R) Core(TM) i5-8265U CPU @ 1.60GHz
Frequência: 1.8 GHz
Em Uso: 4%

20231124 [ProcessadorT] CPU Info: 
Fabricante: GenuineIntel
Modelo: Intel(R) Core(TM) i5-8265U CPU @ 1.60GHz
Frequência: 1.8 GHz
Em Uso: 2%

20231124 [ProcessadorT] CPU Info: 
Fabricante: GenuineIntel
Modelo: Intel(R) Core(TM) i5-8265U CPU @ 1.60GHz
Frequência: 1.8 GHz
Em Uso: 3%

20231124 [ProcessadorT] CPU Info: 
Fabricante: GenuineIntel
Modelo: Intel(R) Core(TM) i5-8265U CPU @ 1.60GHz
Frequência: 1.8 GHz
Em Uso: 7%

20231124 [ProcessadorT] CPU Info: 
Fabricante: GenuineIntel
Modelo: Intel(R) Core(TM) i5-8265U CPU @ 1.60GHz
Frequência: 1.8 GHz
Em Uso: 6%

20231124 [ProcessadorT] CPU Info: 
Fabricante: GenuineIntel
Modelo: Intel(R) Core(TM) i5-8265U CPU @ 1.60GHz
Frequência: 1.8 GHz
Em Uso: 5%

20231124 [ProcessadorT] CPU Info: 
Fabricante: GenuineIntel
Modelo: Intel(R) Core(TM) i5-8265U CPU @ 1.60GHz
Frequência: 1.8 GHz
Em Uso: 3%

20231124 [ProcessadorT] CPU Info: 
Fabricante: GenuineIntel
Modelo: Intel(R) Core(TM) i5-8265U CPU @ 1.60GHz
Frequência: 1.8 GHz
Em Uso: 5%

20231124 [ProcessadorT] CPU Info: 
Fabricante: GenuineIntel
Modelo: Intel(R) Core(TM) i5-8265U CPU @ 1.60GHz
Frequência: 1.8 GHz
Em Uso: 8%

20231124 [ProcessadorT] CPU Info: 
Fabricante: GenuineIntel
Modelo: Intel(R) Core(TM) i5-8265U CPU @ 1.60GHz
Frequência: 1.8 GHz
Em Uso: 8%

20231124 [ProcessadorT] CPU Info: 
Fabricante: GenuineIntel
Modelo: Intel(R) Core(TM) i5-8265U CPU @ 1.60GHz
Frequência: 1.8 GHz
Em Uso: 24%

20231124 [ProcessadorT] CPU Info: 
Fabricante: GenuineIntel
Modelo: Intel(R) Core(TM) i5-8265U CPU @ 1.60GHz
Frequência: 1.8 GHz
Em Uso: 23%

20231124 [ProcessadorT] CPU Info: 
Fabricante: GenuineIntel
Modelo: Intel(R) Core(TM) i5-8265U CPU @ 1.60GHz
Frequência: 1.8 GHz
Em Uso: 12%

20231124 [ProcessadorT] CPU Info: 
Fabricante: GenuineIntel
Modelo: Intel(R) Core(TM) i5-8265U CPU @ 1.60GHz
Frequência: 1.8 GHz
Em Uso: 7%

20231124 [ProcessadorT] CPU Info: 
Fabricante: GenuineIntel
Modelo: Intel(R) Core(TM) i5-8265U CPU @ 1.60GHz
Frequência: 1.8 GHz
Em Uso: 6%

20231124 [ProcessadorT] CPU Info: 
Fabricante: GenuineIntel
Modelo: Intel(R) Core(TM) i5-8265U CPU @ 1.60GHz
Frequência: 1.8 GHz
Em Uso: 21%

20231124 [ProcessadorT] CPU Info: 
Fabricante: GenuineIntel
Modelo: Intel(R) Core(TM) i5-8265U CPU @ 1.60GHz
Frequência: 1.8 GHz
Em Uso: 7%

20231124 [ProcessadorT] CPU Info: 
Fabricante: GenuineIntel
Modelo: Intel(R) Core(TM) i5-8265U CPU @ 1.60GHz
Frequência: 1.8 GHz
Em Uso: 22%

20231124 [ProcessadorT] CPU Info: 
Fabricante: GenuineIntel
Modelo: Intel(R) Core(TM) i5-8265U CPU @ 1.60GHz
Frequência: 1.8 GHz
Em Uso: 20%

20231124 [ProcessadorT] CPU Info: 
Fabricante: GenuineIntel
Modelo: Intel(R) Core(TM) i5-8265U CPU @ 1.60GHz
Frequência: 1.8 GHz
Em Uso: 13%

20231124 [ProcessadorT] CPU Info: 
Fabricante: GenuineIntel
Modelo: Intel(R) Core(TM) i5-8265U CPU @ 1.60GHz
Frequência: 1.8 GHz
Em Uso: 3%

20231124 [ProcessadorT] CPU Info: 
Fabricante: GenuineIntel
Modelo: Intel(R) Core(TM) i5-8265U CPU @ 1.60GHz
Frequência: 1.8 GHz
Em Uso: 6%

20231124 [ProcessadorT] CPU Info: 
Fabricante: GenuineIntel
Modelo: Intel(R) Core(TM) i5-8265U CPU @ 1.60GHz
Frequência: 1.8 GHz
Em Uso: 5%

20231124 [ProcessadorT] CPU Info: 
Fabricante: GenuineIntel
Modelo: Intel(R) Core(TM) i5-8265U CPU @ 1.60GHz
Frequência: 1.8 GHz
Em Uso: 5%

20231124 [ProcessadorT] CPU Info: 
Fabricante: GenuineIntel
Modelo: Intel(R) Core(TM) i5-8265U CPU @ 1.60GHz
Frequência: 1.8 GHz
Em Uso: 3%

20231124 [ProcessadorT] CPU Info: 
Fabricante: GenuineIntel
Modelo: Intel(R) Core(TM) i5-8265U CPU @ 1.60GHz
Frequência: 1.8 GHz
Em Uso: 4%

20231124 [ProcessadorT] CPU Info: 
Fabricante: GenuineIntel
Modelo: Intel(R) Core(TM) i5-8265U CPU @ 1.60GHz
Frequência: 1.8 GHz
Em Uso: 5%

20231124 [ProcessadorT] CPU Info: 
Fabricante: GenuineIntel
Modelo: Intel(R) Core(TM) i5-8265U CPU @ 1.60GHz
Frequência: 1.8 GHz
Em Uso: 6%

20231124 [ProcessadorT] CPU Info: 
Fabricante: GenuineIntel
Modelo: Intel(R) Core(TM) i5-8265U CPU @ 1.60GHz
Frequência: 1.8 GHz
Em Uso: 4%

20231124 [ProcessadorT] CPU Info: 
Fabricante: GenuineIntel
Modelo: Intel(R) Core(TM) i5-8265U CPU @ 1.60GHz
Frequência: 1.8 GHz
Em Uso: 4%

20231124 [ProcessadorT] CPU Info: 
Fabricante: GenuineIntel
Modelo: Intel(R) Core(TM) i5-8265U CPU @ 1.60GHz
Frequência: 1.8 GHz
Em Uso: 6%

20231124 [ProcessadorT] CPU Info: 
Fabricante: GenuineIntel
Modelo: Intel(R) Core(TM) i5-8265U CPU @ 1.60GHz
Frequência: 1.8 GHz
Em Uso: 3%

20231124 [ProcessadorT] CPU Info: 
Fabricante: GenuineIntel
Modelo: Intel(R) Core(TM) i5-8265U CPU @ 1.60GHz
Frequência: 1.8 GHz
Em Uso: 4%

20231124 [ProcessadorT] CPU Info: 
Fabricante: GenuineIntel
Modelo: Intel(R) Core(TM) i5-8265U CPU @ 1.60GHz
Frequência: 1.8 GHz
Em Uso: 2%

20231124 [ProcessadorT] CPU Info: 
Fabricante: GenuineIntel
Modelo: Intel(R) Core(TM) i5-8265U CPU @ 1.60GHz
Frequência: 1.8 GHz
Em Uso: 4%

20231124 [ProcessadorT] CPU Info: 
Fabricante: GenuineIntel
Modelo: Intel(R) Core(TM) i5-8265U CPU @ 1.60GHz
Frequência: 1.8 GHz
Em Uso: 5%

20231124 [ProcessadorT] CPU Info: 
Fabricante: GenuineIntel
Modelo: Intel(R) Core(TM) i5-8265U CPU @ 1.60GHz
Frequência: 1.8 GHz
Em Uso: 5%

20231124 [ProcessadorT] CPU Info: 
Fabricante: GenuineIntel
Modelo: Intel(R) Core(TM) i5-8265U CPU @ 1.60GHz
Frequência: 1.8 GHz
Em Uso: 3%

20231124 [ProcessadorT] CPU Info: 
Fabricante: GenuineIntel
Modelo: Intel(R) Core(TM) i5-8265U CPU @ 1.60GHz
Frequência: 1.8 GHz
Em Uso: 4%

20231124 [ProcessadorT] CPU Info: 
Fabricante: GenuineIntel
Modelo: Intel(R) Core(TM) i5-8265U CPU @ 1.60GHz
Frequência: 1.8 GHz
Em Uso: 4%

20231124 [ProcessadorT] CPU Info: 
Fabricante: GenuineIntel
Modelo: Intel(R) Core(TM) i5-8265U CPU @ 1.60GHz
Frequência: 1.8 GHz
Em Uso: 4%

20231124 [ProcessadorT] CPU Info: 
Fabricante: GenuineIntel
Modelo: Intel(R) Core(TM) i5-8265U CPU @ 1.60GHz
Frequência: 1.8 GHz
Em Uso: 4%

20231124 [ProcessadorT] CPU Info: 
Fabricante: GenuineIntel
Modelo: Intel(R) Core(TM) i5-8265U CPU @ 1.60GHz
Frequência: 1.8 GHz
Em Uso: 9%

20231124 [ProcessadorT] CPU Info: 
Fabricante: GenuineIntel
Modelo: Intel(R) Core(TM) i5-8265U CPU @ 1.60GHz
Frequência: 1.8 GHz
Em Uso: 9%

20231124 [ProcessadorT] CPU Info: 
Fabricante: GenuineIntel
Modelo: Intel(R) Core(TM) i5-8265U CPU @ 1.60GHz
Frequência: 1.8 GHz
Em Uso: 5%

20231124 [ProcessadorT] CPU Info: 
Fabricante: GenuineIntel
Modelo: Intel(R) Core(TM) i5-8265U CPU @ 1.60GHz
Frequência: 1.8 GHz
Em Uso: 4%

20231124 [ProcessadorT] CPU Info: 
Fabricante: GenuineIntel
Modelo: Intel(R) Core(TM) i5-8265U CPU @ 1.60GHz
Frequência: 1.8 GHz
Em Uso: 4%

20231124 [ProcessadorT] CPU Info: 
Fabricante: GenuineIntel
Modelo: Intel(R) Core(TM) i5-8265U CPU @ 1.60GHz
Frequência: 1.8 GHz
Em Uso: 10%

20231124 [ProcessadorT] CPU Info: 
Fabricante: GenuineIntel
Modelo: Intel(R) Core(TM) i5-8265U CPU @ 1.60GHz
Frequência: 1.8 GHz
Em Uso: 4%

20231124 [ProcessadorT] CPU Info: 
Fabricante: GenuineIntel
Modelo: Intel(R) Core(TM) i5-8265U CPU @ 1.60GHz
Frequência: 1.8 GHz
Em Uso: 4%

20231124 [ProcessadorT] CPU Info: 
Fabricante: GenuineIntel
Modelo: Intel(R) Core(TM) i5-8265U CPU @ 1.60GHz
Frequência: 1.8 GHz
Em Uso: 4%

20231124 [ProcessadorT] CPU Info: 
Fabricante: GenuineIntel
Modelo: Intel(R) Core(TM) i5-8265U CPU @ 1.60GHz
Frequência: 1.8 GHz
Em Uso: 1%

20231124 [ProcessadorT] CPU Info: 
Fabricante: GenuineIntel
Modelo: Intel(R) Core(TM) i5-8265U CPU @ 1.60GHz
Frequência: 1.8 GHz
Em Uso: 1%

20231124 [ProcessadorT] CPU Info: 
Fabricante: GenuineIntel
Modelo: Intel(R) Core(TM) i5-8265U CPU @ 1.60GHz
Frequência: 1.8 GHz
Em Uso: 3%

20231124 [ProcessadorT] CPU Info: 
Fabricante: GenuineIntel
Modelo: Intel(R) Core(TM) i5-8265U CPU @ 1.60GHz
Frequência: 1.8 GHz
Em Uso: 2%

20231124 [ProcessadorT] CPU Info: 
Fabricante: GenuineIntel
Modelo: Intel(R) Core(TM) i5-8265U CPU @ 1.60GHz
Frequência: 1.8 GHz
Em Uso: 6%

20231124 [ProcessadorT] CPU Info: 
Fabricante: GenuineIntel
Modelo: Intel(R) Core(TM) i5-8265U CPU @ 1.60GHz
Frequência: 1.8 GHz
Em Uso: 13%

20231124 [ProcessadorT] CPU Info: 
Fabricante: GenuineIntel
Modelo: Intel(R) Core(TM) i5-8265U CPU @ 1.60GHz
Frequência: 1.8 GHz
Em Uso: 5%

20231124 [ProcessadorT] CPU Info: 
Fabricante: GenuineIntel
Modelo: Intel(R) Core(TM) i5-8265U CPU @ 1.60GHz
Frequência: 1.8 GHz
Em Uso: 7%

20231124 [ProcessadorT] CPU Info: 
Fabricante: GenuineIntel
Modelo: Intel(R) Core(TM) i5-8265U CPU @ 1.60GHz
Frequência: 1.8 GHz
Em Uso: 7%

20231124 [ProcessadorT] CPU Info: 
Fabricante: GenuineIntel
Modelo: Intel(R) Core(TM) i5-8265U CPU @ 1.60GHz
Frequência: 1.8 GHz
Em Uso: 6%

20231124 [ProcessadorT] CPU Info: 
Fabricante: GenuineIntel
Modelo: Intel(R) Core(TM) i5-8265U CPU @ 1.60GHz
Frequência: 1.8 GHz
Em Uso: 6%

20231124 [ProcessadorT] CPU Info: 
Fabricante: GenuineIntel
Modelo: Intel(R) Core(TM) i5-8265U CPU @ 1.60GHz
Frequência: 1.8 GHz
Em Uso: 2%

20231124 [ProcessadorT] CPU Info: 
Fabricante: GenuineIntel
Modelo: Intel(R) Core(TM) i5-8265U CPU @ 1.60GHz
Frequência: 1.8 GHz
Em Uso: 1%

20231124 [ProcessadorT] CPU Info: 
Fabricante: GenuineIntel
Modelo: Intel(R) Core(TM) i5-8265U CPU @ 1.60GHz
Frequência: 1.8 GHz
Em Uso: 5%

20231124 [ProcessadorT] CPU Info: 
Fabricante: GenuineIntel
Modelo: Intel(R) Core(TM) i5-8265U CPU @ 1.60GHz
Frequência: 1.8 GHz
Em Uso: 1%

20231124 [ProcessadorT] CPU Info: 
Fabricante: GenuineIntel
Modelo: Intel(R) Core(TM) i5-8265U CPU @ 1.60GHz
Frequência: 1.8 GHz
Em Uso: 4%

20231124 [ProcessadorT] CPU Info: 
Fabricante: GenuineIntel
Modelo: Intel(R) Core(TM) i5-8265U CPU @ 1.60GHz
Frequência: 1.8 GHz
Em Uso: 4%

20231124 [ProcessadorT] CPU Info: 
Fabricante: GenuineIntel
Modelo: Intel(R) Core(TM) i5-8265U CPU @ 1.60GHz
Frequência: 1.8 GHz
Em Uso: 5%

20231124 [ProcessadorT] CPU Info: 
Fabricante: GenuineIntel
Modelo: Intel(R) Core(TM) i5-8265U CPU @ 1.60GHz
Frequência: 1.8 GHz
Em Uso: 4%

20231124 [ProcessadorT] CPU Info: 
Fabricante: GenuineIntel
Modelo: Intel(R) Core(TM) i5-8265U CPU @ 1.60GHz
Frequência: 1.8 GHz
Em Uso: 6%

20231124 [ProcessadorT] CPU Info: 
Fabricante: GenuineIntel
Modelo: Intel(R) Core(TM) i5-8265U CPU @ 1.60GHz
Frequência: 1.8 GHz
Em Uso: 5%

20231124 [ProcessadorT] CPU Info: 
Fabricante: GenuineIntel
Modelo: Intel(R) Core(TM) i5-8265U CPU @ 1.60GHz
Frequência: 1.8 GHz
Em Uso: 4%

20231124 [ProcessadorT] CPU Info: 
Fabricante: GenuineIntel
Modelo: Intel(R) Core(TM) i5-8265U CPU @ 1.60GHz
Frequência: 1.8 GHz
Em Uso: 8%

20231124 [ProcessadorT] CPU Info: 
Fabricante: GenuineIntel
Modelo: Intel(R) Core(TM) i5-8265U CPU @ 1.60GHz
Frequência: 1.8 GHz
Em Uso: 6%

20231124 [ProcessadorT] CPU Info: 
Fabricante: GenuineIntel
Modelo: Intel(R) Core(TM) i5-8265U CPU @ 1.60GHz
Frequência: 1.8 GHz
Em Uso: 5%

20231124 [ProcessadorT] CPU Info: 
Fabricante: GenuineIntel
Modelo: Intel(R) Core(TM) i5-8265U CPU @ 1.60GHz
Frequência: 1.8 GHz
Em Uso: 6%

20231124 [ProcessadorT] CPU Info: 
Fabricante: GenuineIntel
Modelo: Intel(R) Core(TM) i5-8265U CPU @ 1.60GHz
Frequência: 1.8 GHz
Em Uso: 5%

20231124 [ProcessadorT] CPU Info: 
Fabricante: GenuineIntel
Modelo: Intel(R) Core(TM) i5-8265U CPU @ 1.60GHz
Frequência: 1.8 GHz
Em Uso: 4%

20231124 [ProcessadorT] CPU Info: 
Fabricante: GenuineIntel
Modelo: Intel(R) Core(TM) i5-8265U CPU @ 1.60GHz
Frequência: 1.8 GHz
Em Uso: 6%

20231124 [ProcessadorT] CPU Info: 
Fabricante: GenuineIntel
Modelo: Intel(R) Core(TM) i5-8265U CPU @ 1.60GHz
Frequência: 1.8 GHz
Em Uso: 8%

20231124 [ProcessadorT] CPU Info: 
Fabricante: GenuineIntel
Modelo: Intel(R) Core(TM) i5-8265U CPU @ 1.60GHz
Frequência: 1.8 GHz
Em Uso: 10%

20231124 [ProcessadorT] CPU Info: 
Fabricante: GenuineIntel
Modelo: Intel(R) Core(TM) i5-8265U CPU @ 1.60GHz
Frequência: 1.8 GHz
Em Uso: 8%

20231124 [ProcessadorT] CPU Info: 
Fabricante: GenuineIntel
Modelo: Intel(R) Core(TM) i5-8265U CPU @ 1.60GHz
Frequência: 1.8 GHz
Em Uso: 8%

20231124 [ProcessadorT] CPU Info: 
Fabricante: GenuineIntel
Modelo: Intel(R) Core(TM) i5-8265U CPU @ 1.60GHz
Frequência: 1.8 GHz
Em Uso: 7%

20231124 [ProcessadorT] CPU Info: 
Fabricante: GenuineIntel
Modelo: Intel(R) Core(TM) i5-8265U CPU @ 1.60GHz
Frequência: 1.8 GHz
Em Uso: 5%

20231124 [ProcessadorT] CPU Info: 
Fabricante: GenuineIntel
Modelo: Intel(R) Core(TM) i5-8265U CPU @ 1.60GHz
Frequência: 1.8 GHz
Em Uso: 5%

20231124 [ProcessadorT] CPU Info: 
Fabricante: GenuineIntel
Modelo: Intel(R) Core(TM) i5-8265U CPU @ 1.60GHz
Frequência: 1.8 GHz
Em Uso: 4%

20231124 [ProcessadorT] CPU Info: 
Fabricante: GenuineIntel
Modelo: Intel(R) Core(TM) i5-8265U CPU @ 1.60GHz
Frequência: 1.8 GHz
Em Uso: 6%

20231124 [ProcessadorT] CPU Info: 
Fabricante: GenuineIntel
Modelo: Intel(R) Core(TM) i5-8265U CPU @ 1.60GHz
Frequência: 1.8 GHz
Em Uso: 7%

20231124 [ProcessadorT] CPU Info: 
Fabricante: GenuineIntel
Modelo: Intel(R) Core(TM) i5-8265U CPU @ 1.60GHz
Frequência: 1.8 GHz
Em Uso: 7%

20231124 [ProcessadorT] CPU Info: 
Fabricante: GenuineIntel
Modelo: Intel(R) Core(TM) i5-8265U CPU @ 1.60GHz
Frequência: 1.8 GHz
Em Uso: 3%

20231124 [ProcessadorT] CPU Info: 
Fabricante: GenuineIntel
Modelo: Intel(R) Core(TM) i5-8265U CPU @ 1.60GHz
Frequência: 1.8 GHz
Em Uso: 5%

20231124 [ProcessadorT] CPU Info: 
Fabricante: GenuineIntel
Modelo: Intel(R) Core(TM) i5-8265U CPU @ 1.60GHz
Frequência: 1.8 GHz
Em Uso: 5%

20231124 [ProcessadorT] CPU Info: 
Fabricante: GenuineIntel
Modelo: Intel(R) Core(TM) i5-8265U CPU @ 1.60GHz
Frequência: 1.8 GHz
Em Uso: 5%

20231124 [ProcessadorT] CPU Info: 
Fabricante: GenuineIntel
Modelo: Intel(R) Core(TM) i5-8265U CPU @ 1.60GHz
Frequência: 1.8 GHz
Em Uso: 5%

20231124 [ProcessadorT] CPU Info: 
Fabricante: GenuineIntel
Modelo: Intel(R) Core(TM) i5-8265U CPU @ 1.60GHz
Frequência: 1.8 GHz
Em Uso: 6%

20231124 [ProcessadorT] CPU Info: 
Fabricante: GenuineIntel
Modelo: Intel(R) Core(TM) i5-8265U CPU @ 1.60GHz
Frequência: 1.8 GHz
Em Uso: 3%

20231124 [ProcessadorT] CPU Info: 
Fabricante: GenuineIntel
Modelo: Intel(R) Core(TM) i5-8265U CPU @ 1.60GHz
Frequência: 1.8 GHz
Em Uso: 3%

20231124 [ProcessadorT] CPU Info: 
Fabricante: GenuineIntel
Modelo: Intel(R) Core(TM) i5-8265U CPU @ 1.60GHz
Frequência: 1.8 GHz
Em Uso: 3%

20231124 [ProcessadorT] CPU Info: 
Fabricante: GenuineIntel
Modelo: Intel(R) Core(TM) i5-8265U CPU @ 1.60GHz
Frequência: 1.8 GHz
Em Uso: 3%

20231124 [ProcessadorT] CPU Info: 
Fabricante: GenuineIntel
Modelo: Intel(R) Core(TM) i5-8265U CPU @ 1.60GHz
Frequência: 1.8 GHz
Em Uso: 4%

20231124 [ProcessadorT] CPU Info: 
Fabricante: GenuineIntel
Modelo: Intel(R) Core(TM) i5-8265U CPU @ 1.60GHz
Frequência: 1.8 GHz
Em Uso: 5%

20231124 [ProcessadorT] CPU Info: 
Fabricante: GenuineIntel
Modelo: Intel(R) Core(TM) i5-8265U CPU @ 1.60GHz
Frequência: 1.8 GHz
Em Uso: 8%

20231124 [ProcessadorT] CPU Info: 
Fabricante: GenuineIntel
Modelo: Intel(R) Core(TM) i5-8265U CPU @ 1.60GHz
Frequência: 1.8 GHz
Em Uso: 5%

20231124 [ProcessadorT] CPU Info: 
Fabricante: GenuineIntel
Modelo: Intel(R) Core(TM) i5-8265U CPU @ 1.60GHz
Frequência: 1.8 GHz
Em Uso: 6%

20231124 [ProcessadorT] CPU Info: 
Fabricante: GenuineIntel
Modelo: Intel(R) Core(TM) i5-8265U CPU @ 1.60GHz
Frequência: 1.8 GHz
Em Uso: 5%

20231124 [ProcessadorT] CPU Info: 
Fabricante: GenuineIntel
Modelo: Intel(R) Core(TM) i5-8265U CPU @ 1.60GHz
Frequência: 1.8 GHz
Em Uso: 6%

20231124 [ProcessadorT] CPU Info: 
Fabricante: GenuineIntel
Modelo: Intel(R) Core(TM) i5-8265U CPU @ 1.60GHz
Frequência: 1.8 GHz
Em Uso: 9%

20231124 [ProcessadorT] CPU Info: 
Fabricante: GenuineIntel
Modelo: Intel(R) Core(TM) i5-8265U CPU @ 1.60GHz
Frequência: 1.8 GHz
Em Uso: 9%

20231124 [ProcessadorT] CPU Info: 
Fabricante: GenuineIntel
Modelo: Intel(R) Core(TM) i5-8265U CPU @ 1.60GHz
Frequência: 1.8 GHz
Em Uso: 5%

20231124 [ProcessadorT] CPU Info: 
Fabricante: GenuineIntel
Modelo: Intel(R) Core(TM) i5-8265U CPU @ 1.60GHz
Frequência: 1.8 GHz
Em Uso: 6%

20231124 [ProcessadorT] CPU Info: 
Fabricante: GenuineIntel
Modelo: Intel(R) Core(TM) i5-8265U CPU @ 1.60GHz
Frequência: 1.8 GHz
Em Uso: 7%

20231124 [ProcessadorT] CPU Info: 
Fabricante: GenuineIntel
Modelo: Intel(R) Core(TM) i5-8265U CPU @ 1.60GHz
Frequência: 1.8 GHz
Em Uso: 5%

20231124 [ProcessadorT] CPU Info: 
Fabricante: GenuineIntel
Modelo: Intel(R) Core(TM) i5-8265U CPU @ 1.60GHz
Frequência: 1.8 GHz
Em Uso: 14%

20231124 [ProcessadorT] CPU Info: 
Fabricante: GenuineIntel
Modelo: Intel(R) Core(TM) i5-8265U CPU @ 1.60GHz
Frequência: 1.8 GHz
Em Uso: 13%

20231124 [ProcessadorT] CPU Info: 
Fabricante: GenuineIntel
Modelo: Intel(R) Core(TM) i5-8265U CPU @ 1.60GHz
Frequência: 1.8 GHz
Em Uso: 7%

20231124 [ProcessadorT] CPU Info: 
Fabricante: GenuineIntel
Modelo: Intel(R) Core(TM) i5-8265U CPU @ 1.60GHz
Frequência: 1.8 GHz
Em Uso: 4%

20231124 [ProcessadorT] CPU Info: 
Fabricante: GenuineIntel
Modelo: Intel(R) Core(TM) i5-8265U CPU @ 1.60GHz
Frequência: 1.8 GHz
Em Uso: 13%

20231124 [ProcessadorT] CPU Info: 
Fabricante: GenuineIntel
Modelo: Intel(R) Core(TM) i5-8265U CPU @ 1.60GHz
Frequência: 1.8 GHz
Em Uso: 8%

20231124 [ProcessadorT] CPU Info: 
Fabricante: GenuineIntel
Modelo: Intel(R) Core(TM) i5-8265U CPU @ 1.60GHz
Frequência: 1.8 GHz
Em Uso: 5%

20231124 [ProcessadorT] CPU Info: 
Fabricante: GenuineIntel
Modelo: Intel(R) Core(TM) i5-8265U CPU @ 1.60GHz
Frequência: 1.8 GHz
Em Uso: 14%

20231124 [ProcessadorT] CPU Info: 
Fabricante: GenuineIntel
Modelo: Intel(R) Core(TM) i5-8265U CPU @ 1.60GHz
Frequência: 1.8 GHz
Em Uso: 7%

20231124 [ProcessadorT] CPU Info: 
Fabricante: GenuineIntel
Modelo: Intel(R) Core(TM) i5-8265U CPU @ 1.60GHz
Frequência: 1.8 GHz
Em Uso: 7%

20231124 [ProcessadorT] CPU Info: 
Fabricante: GenuineIntel
Modelo: Intel(R) Core(TM) i5-8265U CPU @ 1.60GHz
Frequência: 1.8 GHz
Em Uso: 7%

20231124 [ProcessadorT] CPU Info: 
Fabricante: GenuineIntel
Modelo: Intel(R) Core(TM) i5-8265U CPU @ 1.60GHz
Frequência: 1.8 GHz
Em Uso: 5%

20231124 [ProcessadorT] CPU Info: 
Fabricante: GenuineIntel
Modelo: Intel(R) Core(TM) i5-8265U CPU @ 1.60GHz
Frequência: 1.8 GHz
Em Uso: 9%

20231124 [ProcessadorT] CPU Info: 
Fabricante: GenuineIntel
Modelo: Intel(R) Core(TM) i5-8265U CPU @ 1.60GHz
Frequência: 1.8 GHz
Em Uso: 5%

20231124 [ProcessadorT] CPU Info: 
Fabricante: GenuineIntel
Modelo: Intel(R) Core(TM) i5-8265U CPU @ 1.60GHz
Frequência: 1.8 GHz
Em Uso: 10%

20231124 [ProcessadorT] CPU Info: 
Fabricante: GenuineIntel
Modelo: Intel(R) Core(TM) i5-8265U CPU @ 1.60GHz
Frequência: 1.8 GHz
Em Uso: 8%

20231124 [ProcessadorT] CPU Info: 
Fabricante: GenuineIntel
Modelo: Intel(R) Core(TM) i5-8265U CPU @ 1.60GHz
Frequência: 1.8 GHz
Em Uso: 8%

20231124 [ProcessadorT] CPU Info: 
Fabricante: GenuineIntel
Modelo: Intel(R) Core(TM) i5-8265U CPU @ 1.60GHz
Frequência: 1.8 GHz
Em Uso: 7%

20231124 [ProcessadorT] CPU Info: 
Fabricante: GenuineIntel
Modelo: Intel(R) Core(TM) i5-8265U CPU @ 1.60GHz
Frequência: 1.8 GHz
Em Uso: 9%

20231124 [ProcessadorT] CPU Info: 
Fabricante: GenuineIntel
Modelo: Intel(R) Core(TM) i5-8265U CPU @ 1.60GHz
Frequência: 1.8 GHz
Em Uso: 7%

20231124 [ProcessadorT] CPU Info: 
Fabricante: GenuineIntel
Modelo: Intel(R) Core(TM) i5-8265U CPU @ 1.60GHz
Frequência: 1.8 GHz
Em Uso: 6%

20231124 [ProcessadorT] CPU Info: 
Fabricante: GenuineIntel
Modelo: Intel(R) Core(TM) i5-8265U CPU @ 1.60GHz
Frequência: 1.8 GHz
Em Uso: 7%

20231124 [ProcessadorT] CPU Info: 
Fabricante: GenuineIntel
Modelo: Intel(R) Core(TM) i5-8265U CPU @ 1.60GHz
Frequência: 1.8 GHz
Em Uso: 6%

20231124 [ProcessadorT] CPU Info: 
Fabricante: GenuineIntel
Modelo: Intel(R) Core(TM) i5-8265U CPU @ 1.60GHz
Frequência: 1.8 GHz
Em Uso: 7%

20231124 [ProcessadorT] CPU Info: 
Fabricante: GenuineIntel
Modelo: Intel(R) Core(TM) i5-8265U CPU @ 1.60GHz
Frequência: 1.8 GHz
Em Uso: 3%

20231124 [ProcessadorT] CPU Info: 
Fabricante: GenuineIntel
Modelo: Intel(R) Core(TM) i5-8265U CPU @ 1.60GHz
Frequência: 1.8 GHz
Em Uso: 6%

20231124 [ProcessadorT] CPU Info: 
Fabricante: GenuineIntel
Modelo: Intel(R) Core(TM) i5-8265U CPU @ 1.60GHz
Frequência: 1.8 GHz
Em Uso: 6%

20231124 [ProcessadorT] CPU Info: 
Fabricante: GenuineIntel
Modelo: Intel(R) Core(TM) i5-8265U CPU @ 1.60GHz
Frequência: 1.8 GHz
Em Uso: 7%

20231124 [ProcessadorT] CPU Info: 
Fabricante: GenuineIntel
Modelo: Intel(R) Core(TM) i5-8265U CPU @ 1.60GHz
Frequência: 1.8 GHz
Em Uso: 10%

20231124 [DiscoT] Disco Info: 

Tamanho Total: 149.02
Espaço Usado: 127.74
Espaço Disponível: 21.28
Tempo de transferência: 22816

20231124 [ProcessadorT] CPU Info: 
Fabricante: GenuineIntel
Modelo: Intel(R) Core(TM) i5-8265U CPU @ 1.60GHz
Frequência: 1.8 GHz
Em Uso: 8%

20231124 [DiscoT] Disco Info: 

Tamanho Total: 149.02
Espaço Usado: 127.74
Espaço Disponível: 21.28
Tempo de transferência: 22816

20231124 [ProcessadorT] CPU Info: 
Fabricante: GenuineIntel
Modelo: Intel(R) Core(TM) i5-8265U CPU @ 1.60GHz
Frequência: 1.8 GHz
Em Uso: 12%

20231124 [DiscoT] Disco Info: 

Tamanho Total: 149.02
Espaço Usado: 127.74
Espaço Disponível: 21.28
Tempo de transferência: 22816

20231124 [ProcessadorT] CPU Info: 
Fabricante: GenuineIntel
Modelo: Intel(R) Core(TM) i5-8265U CPU @ 1.60GHz
Frequência: 1.8 GHz
Em Uso: 12%

20231124 [DiscoT] Disco Info: 

Tamanho Total: 149.02
Espaço Usado: 127.74
Espaço Disponível: 21.28
Tempo de transferência: 22816

20231124 [ProcessadorT] CPU Info: 
Fabricante: GenuineIntel
Modelo: Intel(R) Core(TM) i5-8265U CPU @ 1.60GHz
Frequência: 1.8 GHz
Em Uso: 2%

20231124 [DiscoT] Disco Info: 

Tamanho Total: 149.02
Espaço Usado: 127.74
Espaço Disponível: 21.28
Tempo de transferência: 22816

20231124 [ProcessadorT] CPU Info: 
Fabricante: GenuineIntel
Modelo: Intel(R) Core(TM) i5-8265U CPU @ 1.60GHz
Frequência: 1.8 GHz
Em Uso: 6%

20231124 [DiscoT] Disco Info: 

Tamanho Total: 149.02
Espaço Usado: 127.74
Espaço Disponível: 21.28
Tempo de transferência: 22816

20231124 [ProcessadorT] CPU Info: 
Fabricante: GenuineIntel
Modelo: Intel(R) Core(TM) i5-8265U CPU @ 1.60GHz
Frequência: 1.8 GHz
Em Uso: 9%

20231124 [DiscoT] Disco Info: 

Tamanho Total: 149.02
Espaço Usado: 127.74
Espaço Disponível: 21.28
Tempo de transferência: 22816

20231124 [ProcessadorT] CPU Info: 
Fabricante: GenuineIntel
Modelo: Intel(R) Core(TM) i5-8265U CPU @ 1.60GHz
Frequência: 1.8 GHz
Em Uso: 9%

20231124 [DiscoT] Disco Info: 

Tamanho Total: 149.02
Espaço Usado: 127.74
Espaço Disponível: 21.28
Tempo de transferência: 22816

20231124 [ProcessadorT] CPU Info: 
Fabricante: GenuineIntel
Modelo: Intel(R) Core(TM) i5-8265U CPU @ 1.60GHz
Frequência: 1.8 GHz
Em Uso: 5%

20231124 [DiscoT] Disco Info: 

Tamanho Total: 149.02
Espaço Usado: 127.74
Espaço Disponível: 21.28
Tempo de transferência: 22816

20231124 [ProcessadorT] CPU Info: 
Fabricante: GenuineIntel
Modelo: Intel(R) Core(TM) i5-8265U CPU @ 1.60GHz
Frequência: 1.8 GHz
Em Uso: 14%

20231124 [DiscoT] Disco Info: 

Tamanho Total: 149.02
Espaço Usado: 127.74
Espaço Disponível: 21.28
Tempo de transferência: 22816

20231124 [ProcessadorT] CPU Info: 
Fabricante: GenuineIntel
Modelo: Intel(R) Core(TM) i5-8265U CPU @ 1.60GHz
Frequência: 1.8 GHz
Em Uso: 11%

20231124 [DiscoT] Disco Info: 

Tamanho Total: 149.02
Espaço Usado: 127.74
Espaço Disponível: 21.28
Tempo de transferência: 22816

20231124 [ProcessadorT] CPU Info: 
Fabricante: GenuineIntel
Modelo: Intel(R) Core(TM) i5-8265U CPU @ 1.60GHz
Frequência: 1.8 GHz
Em Uso: 5%

20231124 [DiscoT] Disco Info: 

Tamanho Total: 149.02
Espaço Usado: 127.74
Espaço Disponível: 21.28
Tempo de transferência: 22816

20231124 [ProcessadorT] CPU Info: 
Fabricante: GenuineIntel
Modelo: Intel(R) Core(TM) i5-8265U CPU @ 1.60GHz
Frequência: 1.8 GHz
Em Uso: 8%

20231124 [DiscoT] Disco Info: 

Tamanho Total: 149.02
Espaço Usado: 127.74
Espaço Disponível: 21.28
Tempo de transferência: 22816

20231124 [ProcessadorT] CPU Info: 
Fabricante: GenuineIntel
Modelo: Intel(R) Core(TM) i5-8265U CPU @ 1.60GHz
Frequência: 1.8 GHz
Em Uso: 7%

20231124 [DiscoT] Disco Info: 

Tamanho Total: 149.02
Espaço Usado: 127.74
Espaço Disponível: 21.28
Tempo de transferência: 22816

20231124 [ProcessadorT] CPU Info: 
Fabricante: GenuineIntel
Modelo: Intel(R) Core(TM) i5-8265U CPU @ 1.60GHz
Frequência: 1.8 GHz
Em Uso: 36%

20231124 [Componente] Notificação de critico não enviada - java.util.MissingFormatArgumentException: Format specifier '%s'
