20231123_191714 [Logger] Versão do programa: 1.0
20231123_191714 [MaquinaT] [ALERTA] Totem em muito tempo de atividade
20231123_191714 [MaquinaT] Sistema operacional: Windows
Tempo de atividade: 4 days, 01:32:38

20231123_191714 [MemoriaT] Em uso: 10,6 GiB
Disponível: 5,3 GiB
Total: 15,9 GiB

20231123_191714 [Logger] Memoria Info: 
Em uso: 10,6 GiB
Disponível: 5,3 GiB
Total: 15,9 GiB

20231123_191714 [DiscoT] Disco Info: 

Nome: \\.\PHYSICALDRIVE0
Modelo: LITEON L8H-256V2G-11 M.2 2280 256GB (Unidades de disco padrão)
Serial: BR048K881CB0077IB142
Tamanho: 256052966400
Leituras: 1020578
Bytes de leitura: 40002971648
Escritas: 2325257
Bytes de escritas: 64417895936
Tamanho atual da fila: 0
Tempo de transferência: 5497476

20231123_191714 [Logger] Dispositivos USB:
Dispositivos Conectados: [
Nome: USB Root Hub (USB 3.0)
Id produto: 0x9d2f
Número de série: 
Id de dispositivo exclusivo: USB\ROOT_HUB30\4&2DE756A1&0&0
Fornecedor: (Standard USB HUBs)
Id fornecedor: 0x8086
]
Total de Dispositivos USBs: 0

20231123_191714 [ProcessadorT] CPU Info: 
Fabricante: GenuineIntel
Modelo: Intel(R) Core(TM) i5-8350U CPU @ 1.70GHz
Frequência: 1.896 GHz
Em Uso: 16%

20231123_191714 [MaquinaT] [ALERTA] Totem em muito tempo de atividade
20231123_191714 [MaquinaT] Sistema operacional: Windows
Tempo de atividade: 4 days, 01:32:48

20231123_191714 [Logger] Memoria Info: 
Em uso: 10,6 GiB
Disponível: 5,3 GiB
Total: 15,9 GiB

20231123_191714 [DiscoT] Disco Info: 

Nome: \\.\PHYSICALDRIVE0
Modelo: LITEON L8H-256V2G-11 M.2 2280 256GB (Unidades de disco padrão)
Serial: BR048K881CB0077IB142
Tamanho: 256052966400
Leituras: 1020628
Bytes de leitura: 40009115648
Escritas: 2325346
Bytes de escritas: 64427831808
Tamanho atual da fila: 0
Tempo de transferência: 5497741

20231123_191714 [ProcessadorT] CPU Info: 
Fabricante: GenuineIntel
Modelo: Intel(R) Core(TM) i5-8350U CPU @ 1.70GHz
Frequência: 1.896 GHz
Em Uso: 16%

20231123_191714 [MaquinaT] [ALERTA] Totem em muito tempo de atividade
20231123_191714 [MaquinaT] Sistema operacional: Windows
Tempo de atividade: 4 days, 01:32:58

20231123_191714 [Logger] Memoria Info: 
Em uso: 10,6 GiB
Disponível: 5,2 GiB
Total: 15,9 GiB

20231123_191714 [DiscoT] Disco Info: 

Nome: \\.\PHYSICALDRIVE0
Modelo: LITEON L8H-256V2G-11 M.2 2280 256GB (Unidades de disco padrão)
Serial: BR048K881CB0077IB142
Tamanho: 256052966400
Leituras: 1020689
Bytes de leitura: 40016766976
Escritas: 2325401
Bytes de escritas: 64440846848
Tamanho atual da fila: 0
Tempo de transferência: 5498172

20231123_191714 [ProcessadorT] CPU Info: 
Fabricante: GenuineIntel
Modelo: Intel(R) Core(TM) i5-8350U CPU @ 1.70GHz
Frequência: 1.896 GHz
Em Uso: 16%

20231123_191714 [MaquinaT] [ALERTA] Totem em muito tempo de atividade
20231123_191714 [MaquinaT] Sistema operacional: Windows
Tempo de atividade: 4 days, 01:33:08

20231123_191714 [Logger] Memoria Info: 
Em uso: 10,6 GiB
Disponível: 5,2 GiB
Total: 15,9 GiB

20231123_191714 [DiscoT] Disco Info: 

Nome: \\.\PHYSICALDRIVE0
Modelo: LITEON L8H-256V2G-11 M.2 2280 256GB (Unidades de disco padrão)
Serial: BR048K881CB0077IB142
Tamanho: 256052966400
Leituras: 1020764
Bytes de leitura: 40025794560
Escritas: 2325633
Bytes de escritas: 64464121344
Tamanho atual da fila: 0
Tempo de transferência: 5498642

20231123_191714 [ProcessadorT] CPU Info: 
Fabricante: GenuineIntel
Modelo: Intel(R) Core(TM) i5-8350U CPU @ 1.70GHz
Frequência: 1.896 GHz
Em Uso: 12%

20231123_191714 [MaquinaT] [ALERTA] Totem em muito tempo de atividade
20231123_191714 [MaquinaT] Sistema operacional: Windows
Tempo de atividade: 4 days, 01:33:18

20231123_191714 [Logger] Memoria Info: 
Em uso: 10,5 GiB
Disponível: 5,3 GiB
Total: 15,9 GiB

20231123_191714 [DiscoT] Disco Info: 

Nome: \\.\PHYSICALDRIVE0
Modelo: LITEON L8H-256V2G-11 M.2 2280 256GB (Unidades de disco padrão)
Serial: BR048K881CB0077IB142
Tamanho: 256052966400
Leituras: 1020885
Bytes de leitura: 40040851456
Escritas: 2325713
Bytes de escritas: 64486483456
Tamanho atual da fila: 0
Tempo de transferência: 5499261

20231123_191714 [ProcessadorT] CPU Info: 
Fabricante: GenuineIntel
Modelo: Intel(R) Core(TM) i5-8350U CPU @ 1.70GHz
Frequência: 1.896 GHz
Em Uso: 8%

